[0.048s] DEBUG:colcon:Command line arguments: ['/usr/bin/colcon', 'build']
[0.048s] DEBUG:colcon:Parsed command line arguments: Namespace(log_base=None, log_level=None, verb_name='build', build_base='build', install_base='install', merge_install=False, symlink_install=False, test_result_base=None, continue_on_error=False, executor='parallel', parallel_workers=16, event_handlers=None, ignore_user_meta=False, metas=['./colcon.meta'], base_paths=['.'], packages_ignore=None, packages_ignore_regex=None, paths=None, packages_up_to=None, packages_up_to_regex=None, packages_above=None, packages_above_and_dependencies=None, packages_above_depth=None, packages_select_by_dep=None, packages_skip_by_dep=None, packages_skip_up_to=None, packages_select_build_failed=False, packages_skip_build_finished=False, packages_select_test_failures=False, packages_skip_test_passed=False, packages_select=None, packages_skip=None, packages_select_regex=None, packages_skip_regex=None, packages_start=None, packages_end=None, allow_overriding=[], cmake_args=None, cmake_target=None, cmake_target_skip_unavailable=False, cmake_clean_cache=False, cmake_clean_first=False, cmake_force_configure=False, ament_cmake_args=None, catkin_cmake_args=None, catkin_skip_building_tests=False, verb_parser=<colcon_defaults.argument_parser.defaults.DefaultArgumentsDecorator object at 0x7efdca937820>, verb_extension=<colcon_core.verb.build.BuildVerb object at 0x7efdcaa80cd0>, main=<bound method BuildVerb.main of <colcon_core.verb.build.BuildVerb object at 0x7efdcaa80cd0>>)
[0.118s] Level 1:colcon.colcon_core.package_discovery:discover_packages(colcon_meta) check parameters
[0.119s] Level 1:colcon.colcon_core.package_discovery:discover_packages(recursive) check parameters
[0.119s] Level 1:colcon.colcon_core.package_discovery:discover_packages(ignore) check parameters
[0.119s] Level 1:colcon.colcon_core.package_discovery:discover_packages(path) check parameters
[0.119s] Level 1:colcon.colcon_core.package_discovery:discover_packages(colcon_meta) discover
[0.119s] Level 1:colcon.colcon_core.package_discovery:discover_packages(recursive) discover
[0.119s] INFO:colcon.colcon_core.package_discovery:Crawling recursively for packages in '/home/nuc11/ublox_ws'
[0.119s] Level 1:colcon.colcon_core.package_identification:_identify(.) by extensions ['ignore', 'ignore_ament_install']
[0.119s] Level 1:colcon.colcon_core.package_identification:_identify(.) by extension 'ignore'
[0.119s] Level 1:colcon.colcon_core.package_identification:_identify(.) by extension 'ignore_ament_install'
[0.119s] Level 1:colcon.colcon_core.package_identification:_identify(.) by extensions ['colcon_pkg']
[0.119s] Level 1:colcon.colcon_core.package_identification:_identify(.) by extension 'colcon_pkg'
[0.119s] Level 1:colcon.colcon_core.package_identification:_identify(.) by extensions ['colcon_meta']
[0.119s] Level 1:colcon.colcon_core.package_identification:_identify(.) by extension 'colcon_meta'
[0.119s] Level 1:colcon.colcon_core.package_identification:_identify(.) by extensions ['ros']
[0.119s] Level 1:colcon.colcon_core.package_identification:_identify(.) by extension 'ros'
[0.124s] Level 1:colcon.colcon_core.package_identification:_identify(.) by extensions ['cmake', 'python']
[0.124s] Level 1:colcon.colcon_core.package_identification:_identify(.) by extension 'cmake'
[0.124s] Level 1:colcon.colcon_core.package_identification:_identify(.) by extension 'python'
[0.124s] Level 1:colcon.colcon_core.package_identification:_identify(.) by extensions ['python_setup_py']
[0.124s] Level 1:colcon.colcon_core.package_identification:_identify(.) by extension 'python_setup_py'
[0.124s] Level 1:colcon.colcon_core.package_identification:_identify(build) by extensions ['ignore', 'ignore_ament_install']
[0.124s] Level 1:colcon.colcon_core.package_identification:_identify(build) by extension 'ignore'
[0.124s] Level 1:colcon.colcon_core.package_identification:_identify(build) ignored
[0.125s] Level 1:colcon.colcon_core.package_identification:_identify(install) by extensions ['ignore', 'ignore_ament_install']
[0.125s] Level 1:colcon.colcon_core.package_identification:_identify(install) by extension 'ignore'
[0.125s] Level 1:colcon.colcon_core.package_identification:_identify(install) ignored
[0.125s] Level 1:colcon.colcon_core.package_identification:_identify(log) by extensions ['ignore', 'ignore_ament_install']
[0.125s] Level 1:colcon.colcon_core.package_identification:_identify(log) by extension 'ignore'
[0.125s] Level 1:colcon.colcon_core.package_identification:_identify(log) ignored
[0.125s] Level 1:colcon.colcon_core.package_identification:_identify(src) by extensions ['ignore', 'ignore_ament_install']
[0.125s] Level 1:colcon.colcon_core.package_identification:_identify(src) by extension 'ignore'
[0.125s] Level 1:colcon.colcon_core.package_identification:_identify(src) by extension 'ignore_ament_install'
[0.125s] Level 1:colcon.colcon_core.package_identification:_identify(src) by extensions ['colcon_pkg']
[0.125s] Level 1:colcon.colcon_core.package_identification:_identify(src) by extension 'colcon_pkg'
[0.125s] Level 1:colcon.colcon_core.package_identification:_identify(src) by extensions ['colcon_meta']
[0.125s] Level 1:colcon.colcon_core.package_identification:_identify(src) by extension 'colcon_meta'
[0.125s] Level 1:colcon.colcon_core.package_identification:_identify(src) by extensions ['ros']
[0.125s] Level 1:colcon.colcon_core.package_identification:_identify(src) by extension 'ros'
[0.125s] Level 1:colcon.colcon_core.package_identification:_identify(src) by extensions ['cmake', 'python']
[0.125s] Level 1:colcon.colcon_core.package_identification:_identify(src) by extension 'cmake'
[0.125s] Level 1:colcon.colcon_core.package_identification:_identify(src) by extension 'python'
[0.125s] Level 1:colcon.colcon_core.package_identification:_identify(src) by extensions ['python_setup_py']
[0.125s] Level 1:colcon.colcon_core.package_identification:_identify(src) by extension 'python_setup_py'
[0.125s] Level 1:colcon.colcon_core.package_identification:_identify(src/ros2-ublox-zedf9p) by extensions ['ignore', 'ignore_ament_install']
[0.125s] Level 1:colcon.colcon_core.package_identification:_identify(src/ros2-ublox-zedf9p) by extension 'ignore'
[0.125s] Level 1:colcon.colcon_core.package_identification:_identify(src/ros2-ublox-zedf9p) by extension 'ignore_ament_install'
[0.125s] Level 1:colcon.colcon_core.package_identification:_identify(src/ros2-ublox-zedf9p) by extensions ['colcon_pkg']
[0.125s] Level 1:colcon.colcon_core.package_identification:_identify(src/ros2-ublox-zedf9p) by extension 'colcon_pkg'
[0.125s] Level 1:colcon.colcon_core.package_identification:_identify(src/ros2-ublox-zedf9p) by extensions ['colcon_meta']
[0.125s] Level 1:colcon.colcon_core.package_identification:_identify(src/ros2-ublox-zedf9p) by extension 'colcon_meta'
[0.125s] Level 1:colcon.colcon_core.package_identification:_identify(src/ros2-ublox-zedf9p) by extensions ['ros']
[0.125s] Level 1:colcon.colcon_core.package_identification:_identify(src/ros2-ublox-zedf9p) by extension 'ros'
[0.125s] Level 1:colcon.colcon_core.package_identification:_identify(src/ros2-ublox-zedf9p) by extensions ['cmake', 'python']
[0.125s] Level 1:colcon.colcon_core.package_identification:_identify(src/ros2-ublox-zedf9p) by extension 'cmake'
[0.125s] Level 1:colcon.colcon_core.package_identification:_identify(src/ros2-ublox-zedf9p) by extension 'python'
[0.125s] Level 1:colcon.colcon_core.package_identification:_identify(src/ros2-ublox-zedf9p) by extensions ['python_setup_py']
[0.125s] Level 1:colcon.colcon_core.package_identification:_identify(src/ros2-ublox-zedf9p) by extension 'python_setup_py'
[0.125s] Level 1:colcon.colcon_core.package_identification:_identify(src/ros2-ublox-zedf9p/pics) by extensions ['ignore', 'ignore_ament_install']
[0.125s] Level 1:colcon.colcon_core.package_identification:_identify(src/ros2-ublox-zedf9p/pics) by extension 'ignore'
[0.125s] Level 1:colcon.colcon_core.package_identification:_identify(src/ros2-ublox-zedf9p/pics) by extension 'ignore_ament_install'
[0.125s] Level 1:colcon.colcon_core.package_identification:_identify(src/ros2-ublox-zedf9p/pics) by extensions ['colcon_pkg']
[0.125s] Level 1:colcon.colcon_core.package_identification:_identify(src/ros2-ublox-zedf9p/pics) by extension 'colcon_pkg'
[0.125s] Level 1:colcon.colcon_core.package_identification:_identify(src/ros2-ublox-zedf9p/pics) by extensions ['colcon_meta']
[0.125s] Level 1:colcon.colcon_core.package_identification:_identify(src/ros2-ublox-zedf9p/pics) by extension 'colcon_meta'
[0.125s] Level 1:colcon.colcon_core.package_identification:_identify(src/ros2-ublox-zedf9p/pics) by extensions ['ros']
[0.125s] Level 1:colcon.colcon_core.package_identification:_identify(src/ros2-ublox-zedf9p/pics) by extension 'ros'
[0.125s] Level 1:colcon.colcon_core.package_identification:_identify(src/ros2-ublox-zedf9p/pics) by extensions ['cmake', 'python']
[0.125s] Level 1:colcon.colcon_core.package_identification:_identify(src/ros2-ublox-zedf9p/pics) by extension 'cmake'
[0.125s] Level 1:colcon.colcon_core.package_identification:_identify(src/ros2-ublox-zedf9p/pics) by extension 'python'
[0.125s] Level 1:colcon.colcon_core.package_identification:_identify(src/ros2-ublox-zedf9p/pics) by extensions ['python_setup_py']
[0.125s] Level 1:colcon.colcon_core.package_identification:_identify(src/ros2-ublox-zedf9p/pics) by extension 'python_setup_py'
[0.126s] Level 1:colcon.colcon_core.package_identification:_identify(src/ros2-ublox-zedf9p/ublox) by extensions ['ignore', 'ignore_ament_install']
[0.126s] Level 1:colcon.colcon_core.package_identification:_identify(src/ros2-ublox-zedf9p/ublox) by extension 'ignore'
[0.126s] Level 1:colcon.colcon_core.package_identification:_identify(src/ros2-ublox-zedf9p/ublox) by extension 'ignore_ament_install'
[0.126s] Level 1:colcon.colcon_core.package_identification:_identify(src/ros2-ublox-zedf9p/ublox) by extensions ['colcon_pkg']
[0.126s] Level 1:colcon.colcon_core.package_identification:_identify(src/ros2-ublox-zedf9p/ublox) by extension 'colcon_pkg'
[0.126s] Level 1:colcon.colcon_core.package_identification:_identify(src/ros2-ublox-zedf9p/ublox) by extensions ['colcon_meta']
[0.126s] Level 1:colcon.colcon_core.package_identification:_identify(src/ros2-ublox-zedf9p/ublox) by extension 'colcon_meta'
[0.126s] Level 1:colcon.colcon_core.package_identification:_identify(src/ros2-ublox-zedf9p/ublox) by extensions ['ros']
[0.126s] Level 1:colcon.colcon_core.package_identification:_identify(src/ros2-ublox-zedf9p/ublox) by extension 'ros'
[0.165s] DEBUG:colcon.colcon_core.package_identification:Package 'src/ros2-ublox-zedf9p/ublox' with type 'ros.ament_cmake' and name 'ublox'
[0.165s] Level 1:colcon.colcon_core.package_identification:_identify(src/ros2-ublox-zedf9p/ublox_gps) by extensions ['ignore', 'ignore_ament_install']
[0.165s] Level 1:colcon.colcon_core.package_identification:_identify(src/ros2-ublox-zedf9p/ublox_gps) by extension 'ignore'
[0.165s] Level 1:colcon.colcon_core.package_identification:_identify(src/ros2-ublox-zedf9p/ublox_gps) by extension 'ignore_ament_install'
[0.165s] Level 1:colcon.colcon_core.package_identification:_identify(src/ros2-ublox-zedf9p/ublox_gps) by extensions ['colcon_pkg']
[0.165s] Level 1:colcon.colcon_core.package_identification:_identify(src/ros2-ublox-zedf9p/ublox_gps) by extension 'colcon_pkg'
[0.165s] Level 1:colcon.colcon_core.package_identification:_identify(src/ros2-ublox-zedf9p/ublox_gps) by extensions ['colcon_meta']
[0.165s] Level 1:colcon.colcon_core.package_identification:_identify(src/ros2-ublox-zedf9p/ublox_gps) by extension 'colcon_meta'
[0.165s] Level 1:colcon.colcon_core.package_identification:_identify(src/ros2-ublox-zedf9p/ublox_gps) by extensions ['ros']
[0.165s] Level 1:colcon.colcon_core.package_identification:_identify(src/ros2-ublox-zedf9p/ublox_gps) by extension 'ros'
[0.175s] DEBUG:colcon.colcon_core.package_identification:Package 'src/ros2-ublox-zedf9p/ublox_gps' with type 'ros.ament_cmake' and name 'ublox_gps'
[0.175s] Level 1:colcon.colcon_core.package_identification:_identify(src/ros2-ublox-zedf9p/ublox_msgs) by extensions ['ignore', 'ignore_ament_install']
[0.175s] Level 1:colcon.colcon_core.package_identification:_identify(src/ros2-ublox-zedf9p/ublox_msgs) by extension 'ignore'
[0.175s] Level 1:colcon.colcon_core.package_identification:_identify(src/ros2-ublox-zedf9p/ublox_msgs) by extension 'ignore_ament_install'
[0.175s] Level 1:colcon.colcon_core.package_identification:_identify(src/ros2-ublox-zedf9p/ublox_msgs) by extensions ['colcon_pkg']
[0.175s] Level 1:colcon.colcon_core.package_identification:_identify(src/ros2-ublox-zedf9p/ublox_msgs) by extension 'colcon_pkg'
[0.175s] Level 1:colcon.colcon_core.package_identification:_identify(src/ros2-ublox-zedf9p/ublox_msgs) by extensions ['colcon_meta']
[0.175s] Level 1:colcon.colcon_core.package_identification:_identify(src/ros2-ublox-zedf9p/ublox_msgs) by extension 'colcon_meta'
[0.175s] Level 1:colcon.colcon_core.package_identification:_identify(src/ros2-ublox-zedf9p/ublox_msgs) by extensions ['ros']
[0.175s] Level 1:colcon.colcon_core.package_identification:_identify(src/ros2-ublox-zedf9p/ublox_msgs) by extension 'ros'
[0.176s] DEBUG:colcon.colcon_core.package_identification:Package 'src/ros2-ublox-zedf9p/ublox_msgs' with type 'ros.ament_cmake' and name 'ublox_msgs'
[0.176s] Level 1:colcon.colcon_core.package_identification:_identify(src/ros2-ublox-zedf9p/ublox_serialization) by extensions ['ignore', 'ignore_ament_install']
[0.176s] Level 1:colcon.colcon_core.package_identification:_identify(src/ros2-ublox-zedf9p/ublox_serialization) by extension 'ignore'
[0.176s] Level 1:colcon.colcon_core.package_identification:_identify(src/ros2-ublox-zedf9p/ublox_serialization) by extension 'ignore_ament_install'
[0.176s] Level 1:colcon.colcon_core.package_identification:_identify(src/ros2-ublox-zedf9p/ublox_serialization) by extensions ['colcon_pkg']
[0.176s] Level 1:colcon.colcon_core.package_identification:_identify(src/ros2-ublox-zedf9p/ublox_serialization) by extension 'colcon_pkg'
[0.176s] Level 1:colcon.colcon_core.package_identification:_identify(src/ros2-ublox-zedf9p/ublox_serialization) by extensions ['colcon_meta']
[0.176s] Level 1:colcon.colcon_core.package_identification:_identify(src/ros2-ublox-zedf9p/ublox_serialization) by extension 'colcon_meta'
[0.176s] Level 1:colcon.colcon_core.package_identification:_identify(src/ros2-ublox-zedf9p/ublox_serialization) by extensions ['ros']
[0.176s] Level 1:colcon.colcon_core.package_identification:_identify(src/ros2-ublox-zedf9p/ublox_serialization) by extension 'ros'
[0.176s] DEBUG:colcon.colcon_core.package_identification:Package 'src/ros2-ublox-zedf9p/ublox_serialization' with type 'ros.ament_cmake' and name 'ublox_serialization'
[0.176s] Level 1:colcon.colcon_core.package_discovery:discover_packages(recursive) using defaults
[0.176s] Level 1:colcon.colcon_core.package_discovery:discover_packages(ignore) discover
[0.176s] Level 1:colcon.colcon_core.package_discovery:discover_packages(ignore) using defaults
[0.176s] Level 1:colcon.colcon_core.package_discovery:discover_packages(path) discover
[0.176s] Level 1:colcon.colcon_core.package_discovery:discover_packages(path) using defaults
[0.191s] Level 1:colcon.colcon_core.package_discovery:discover_packages(prefix_path) check parameters
[0.191s] Level 1:colcon.colcon_core.package_discovery:discover_packages(prefix_path) discover
[0.193s] DEBUG:colcon.colcon_installed_package_information.package_discovery:Found 420 installed packages in /opt/ros/humble
[0.194s] Level 1:colcon.colcon_core.package_discovery:discover_packages(prefix_path) using defaults
[0.215s] Level 5:colcon.colcon_core.verb:set package 'ublox_serialization' build argument 'cmake_args' from command line to 'None'
[0.215s] Level 5:colcon.colcon_core.verb:set package 'ublox_serialization' build argument 'cmake_target' from command line to 'None'
[0.215s] Level 5:colcon.colcon_core.verb:set package 'ublox_serialization' build argument 'cmake_target_skip_unavailable' from command line to 'False'
[0.215s] Level 5:colcon.colcon_core.verb:set package 'ublox_serialization' build argument 'cmake_clean_cache' from command line to 'False'
[0.215s] Level 5:colcon.colcon_core.verb:set package 'ublox_serialization' build argument 'cmake_clean_first' from command line to 'False'
[0.215s] Level 5:colcon.colcon_core.verb:set package 'ublox_serialization' build argument 'cmake_force_configure' from command line to 'False'
[0.215s] Level 5:colcon.colcon_core.verb:set package 'ublox_serialization' build argument 'ament_cmake_args' from command line to 'None'
[0.215s] Level 5:colcon.colcon_core.verb:set package 'ublox_serialization' build argument 'catkin_cmake_args' from command line to 'None'
[0.215s] Level 5:colcon.colcon_core.verb:set package 'ublox_serialization' build argument 'catkin_skip_building_tests' from command line to 'False'
[0.215s] DEBUG:colcon.colcon_core.verb:Building package 'ublox_serialization' with the following arguments: {'ament_cmake_args': None, 'build_base': '/home/nuc11/ublox_ws/build/ublox_serialization', 'catkin_cmake_args': None, 'catkin_skip_building_tests': False, 'cmake_args': None, 'cmake_clean_cache': False, 'cmake_clean_first': False, 'cmake_force_configure': False, 'cmake_target': None, 'cmake_target_skip_unavailable': False, 'install_base': '/home/nuc11/ublox_ws/install/ublox_serialization', 'merge_install': False, 'path': '/home/nuc11/ublox_ws/src/ros2-ublox-zedf9p/ublox_serialization', 'symlink_install': False, 'test_result_base': None}
[0.215s] Level 5:colcon.colcon_core.verb:set package 'ublox_msgs' build argument 'cmake_args' from command line to 'None'
[0.215s] Level 5:colcon.colcon_core.verb:set package 'ublox_msgs' build argument 'cmake_target' from command line to 'None'
[0.215s] Level 5:colcon.colcon_core.verb:set package 'ublox_msgs' build argument 'cmake_target_skip_unavailable' from command line to 'False'
[0.215s] Level 5:colcon.colcon_core.verb:set package 'ublox_msgs' build argument 'cmake_clean_cache' from command line to 'False'
[0.215s] Level 5:colcon.colcon_core.verb:set package 'ublox_msgs' build argument 'cmake_clean_first' from command line to 'False'
[0.215s] Level 5:colcon.colcon_core.verb:set package 'ublox_msgs' build argument 'cmake_force_configure' from command line to 'False'
[0.215s] Level 5:colcon.colcon_core.verb:set package 'ublox_msgs' build argument 'ament_cmake_args' from command line to 'None'
[0.215s] Level 5:colcon.colcon_core.verb:set package 'ublox_msgs' build argument 'catkin_cmake_args' from command line to 'None'
[0.215s] Level 5:colcon.colcon_core.verb:set package 'ublox_msgs' build argument 'catkin_skip_building_tests' from command line to 'False'
[0.215s] DEBUG:colcon.colcon_core.verb:Building package 'ublox_msgs' with the following arguments: {'ament_cmake_args': None, 'build_base': '/home/nuc11/ublox_ws/build/ublox_msgs', 'catkin_cmake_args': None, 'catkin_skip_building_tests': False, 'cmake_args': None, 'cmake_clean_cache': False, 'cmake_clean_first': False, 'cmake_force_configure': False, 'cmake_target': None, 'cmake_target_skip_unavailable': False, 'install_base': '/home/nuc11/ublox_ws/install/ublox_msgs', 'merge_install': False, 'path': '/home/nuc11/ublox_ws/src/ros2-ublox-zedf9p/ublox_msgs', 'symlink_install': False, 'test_result_base': None}
[0.215s] Level 5:colcon.colcon_core.verb:set package 'ublox_gps' build argument 'cmake_args' from command line to 'None'
[0.215s] Level 5:colcon.colcon_core.verb:set package 'ublox_gps' build argument 'cmake_target' from command line to 'None'
[0.215s] Level 5:colcon.colcon_core.verb:set package 'ublox_gps' build argument 'cmake_target_skip_unavailable' from command line to 'False'
[0.215s] Level 5:colcon.colcon_core.verb:set package 'ublox_gps' build argument 'cmake_clean_cache' from command line to 'False'
[0.215s] Level 5:colcon.colcon_core.verb:set package 'ublox_gps' build argument 'cmake_clean_first' from command line to 'False'
[0.215s] Level 5:colcon.colcon_core.verb:set package 'ublox_gps' build argument 'cmake_force_configure' from command line to 'False'
[0.215s] Level 5:colcon.colcon_core.verb:set package 'ublox_gps' build argument 'ament_cmake_args' from command line to 'None'
[0.215s] Level 5:colcon.colcon_core.verb:set package 'ublox_gps' build argument 'catkin_cmake_args' from command line to 'None'
[0.215s] Level 5:colcon.colcon_core.verb:set package 'ublox_gps' build argument 'catkin_skip_building_tests' from command line to 'False'
[0.215s] DEBUG:colcon.colcon_core.verb:Building package 'ublox_gps' with the following arguments: {'ament_cmake_args': None, 'build_base': '/home/nuc11/ublox_ws/build/ublox_gps', 'catkin_cmake_args': None, 'catkin_skip_building_tests': False, 'cmake_args': None, 'cmake_clean_cache': False, 'cmake_clean_first': False, 'cmake_force_configure': False, 'cmake_target': None, 'cmake_target_skip_unavailable': False, 'install_base': '/home/nuc11/ublox_ws/install/ublox_gps', 'merge_install': False, 'path': '/home/nuc11/ublox_ws/src/ros2-ublox-zedf9p/ublox_gps', 'symlink_install': False, 'test_result_base': None}
[0.215s] Level 5:colcon.colcon_core.verb:set package 'ublox' build argument 'cmake_args' from command line to 'None'
[0.216s] Level 5:colcon.colcon_core.verb:set package 'ublox' build argument 'cmake_target' from command line to 'None'
[0.216s] Level 5:colcon.colcon_core.verb:set package 'ublox' build argument 'cmake_target_skip_unavailable' from command line to 'False'
[0.216s] Level 5:colcon.colcon_core.verb:set package 'ublox' build argument 'cmake_clean_cache' from command line to 'False'
[0.216s] Level 5:colcon.colcon_core.verb:set package 'ublox' build argument 'cmake_clean_first' from command line to 'False'
[0.216s] Level 5:colcon.colcon_core.verb:set package 'ublox' build argument 'cmake_force_configure' from command line to 'False'
[0.216s] Level 5:colcon.colcon_core.verb:set package 'ublox' build argument 'ament_cmake_args' from command line to 'None'
[0.216s] Level 5:colcon.colcon_core.verb:set package 'ublox' build argument 'catkin_cmake_args' from command line to 'None'
[0.216s] Level 5:colcon.colcon_core.verb:set package 'ublox' build argument 'catkin_skip_building_tests' from command line to 'False'
[0.216s] DEBUG:colcon.colcon_core.verb:Building package 'ublox' with the following arguments: {'ament_cmake_args': None, 'build_base': '/home/nuc11/ublox_ws/build/ublox', 'catkin_cmake_args': None, 'catkin_skip_building_tests': False, 'cmake_args': None, 'cmake_clean_cache': False, 'cmake_clean_first': False, 'cmake_force_configure': False, 'cmake_target': None, 'cmake_target_skip_unavailable': False, 'install_base': '/home/nuc11/ublox_ws/install/ublox', 'merge_install': False, 'path': '/home/nuc11/ublox_ws/src/ros2-ublox-zedf9p/ublox', 'symlink_install': False, 'test_result_base': None}
[0.216s] INFO:colcon.colcon_core.executor:Executing jobs using 'parallel' executor
[0.216s] DEBUG:colcon.colcon_parallel_executor.executor.parallel:run_until_complete
[0.216s] INFO:colcon.colcon_ros.task.ament_cmake.build:Building ROS package in '/home/nuc11/ublox_ws/src/ros2-ublox-zedf9p/ublox_serialization' with build type 'ament_cmake'
[0.216s] INFO:colcon.colcon_cmake.task.cmake.build:Building CMake package in '/home/nuc11/ublox_ws/src/ros2-ublox-zedf9p/ublox_serialization'
[0.217s] INFO:colcon.colcon_core.plugin_system:Skipping extension 'colcon_core.shell.bat': Not used on non-Windows systems
[0.218s] INFO:colcon.colcon_core.shell:Skip shell extension 'powershell' for command environment: Not usable outside of PowerShell
[0.218s] DEBUG:colcon.colcon_core.shell:Skip shell extension 'dsv' for command environment
[0.223s] DEBUG:colcon.colcon_core.event_handler.log_command:Invoking command in '/home/nuc11/ublox_ws/build/ublox_serialization': CMAKE_PREFIX_PATH=/opt/ros/humble /usr/bin/cmake /home/nuc11/ublox_ws/src/ros2-ublox-zedf9p/ublox_serialization -DCMAKE_INSTALL_PREFIX=/home/nuc11/ublox_ws/install/ublox_serialization
[0.339s] DEBUG:colcon.colcon_core.event_handler.log_command:Invoked command in '/home/nuc11/ublox_ws/build/ublox_serialization' returned '0': CMAKE_PREFIX_PATH=/opt/ros/humble /usr/bin/cmake /home/nuc11/ublox_ws/src/ros2-ublox-zedf9p/ublox_serialization -DCMAKE_INSTALL_PREFIX=/home/nuc11/ublox_ws/install/ublox_serialization
[0.340s] DEBUG:colcon.colcon_core.event_handler.log_command:Invoking command in '/home/nuc11/ublox_ws/build/ublox_serialization': CMAKE_PREFIX_PATH=/opt/ros/humble /usr/bin/cmake --build /home/nuc11/ublox_ws/build/ublox_serialization -- -j16 -l16
[0.365s] DEBUG:colcon.colcon_core.event_handler.log_command:Invoked command in '/home/nuc11/ublox_ws/build/ublox_serialization' returned '0': CMAKE_PREFIX_PATH=/opt/ros/humble /usr/bin/cmake --build /home/nuc11/ublox_ws/build/ublox_serialization -- -j16 -l16
[0.371s] DEBUG:colcon.colcon_core.event_handler.log_command:Invoking command in '/home/nuc11/ublox_ws/build/ublox_serialization': CMAKE_PREFIX_PATH=/opt/ros/humble /usr/bin/cmake --install /home/nuc11/ublox_ws/build/ublox_serialization
[0.381s] Level 1:colcon.colcon_core.environment:create_environment_scripts_only(ublox_serialization)
[0.382s] DEBUG:colcon.colcon_core.event_handler.log_command:Invoked command in '/home/nuc11/ublox_ws/build/ublox_serialization' returned '0': CMAKE_PREFIX_PATH=/opt/ros/humble /usr/bin/cmake --install /home/nuc11/ublox_ws/build/ublox_serialization
[0.383s] Level 1:colcon.colcon_core.environment:checking '/home/nuc11/ublox_ws/install/ublox_serialization' for CMake module files
[0.383s] Level 1:colcon.colcon_core.environment:checking '/home/nuc11/ublox_ws/install/ublox_serialization' for CMake config files
[0.383s] Level 1:colcon.colcon_core.shell:create_environment_hook('ublox_serialization', 'cmake_prefix_path')
[0.383s] INFO:colcon.colcon_core.shell:Creating environment hook '/home/nuc11/ublox_ws/install/ublox_serialization/share/ublox_serialization/hook/cmake_prefix_path.ps1'
[0.384s] INFO:colcon.colcon_core.shell:Creating environment descriptor '/home/nuc11/ublox_ws/install/ublox_serialization/share/ublox_serialization/hook/cmake_prefix_path.dsv'
[0.384s] INFO:colcon.colcon_core.shell:Creating environment hook '/home/nuc11/ublox_ws/install/ublox_serialization/share/ublox_serialization/hook/cmake_prefix_path.sh'
[0.384s] Level 1:colcon.colcon_core.environment:checking '/home/nuc11/ublox_ws/install/ublox_serialization/bin'
[0.384s] Level 1:colcon.colcon_core.environment:checking '/home/nuc11/ublox_ws/install/ublox_serialization/lib/pkgconfig/ublox_serialization.pc'
[0.384s] Level 1:colcon.colcon_core.environment:checking '/home/nuc11/ublox_ws/install/ublox_serialization/lib/python3.10/site-packages'
[0.385s] Level 1:colcon.colcon_core.environment:checking '/home/nuc11/ublox_ws/install/ublox_serialization/bin'
[0.385s] INFO:colcon.colcon_core.shell:Creating package script '/home/nuc11/ublox_ws/install/ublox_serialization/share/ublox_serialization/package.ps1'
[0.385s] INFO:colcon.colcon_core.shell:Creating package descriptor '/home/nuc11/ublox_ws/install/ublox_serialization/share/ublox_serialization/package.dsv'
[0.385s] INFO:colcon.colcon_core.shell:Creating package script '/home/nuc11/ublox_ws/install/ublox_serialization/share/ublox_serialization/package.sh'
[0.386s] INFO:colcon.colcon_core.shell:Creating package script '/home/nuc11/ublox_ws/install/ublox_serialization/share/ublox_serialization/package.bash'
[0.386s] INFO:colcon.colcon_core.shell:Creating package script '/home/nuc11/ublox_ws/install/ublox_serialization/share/ublox_serialization/package.zsh'
[0.386s] Level 1:colcon.colcon_core.environment:create_file_with_runtime_dependencies(/home/nuc11/ublox_ws/install/ublox_serialization/share/colcon-core/packages/ublox_serialization)
[0.386s] Level 1:colcon.colcon_core.environment:create_environment_scripts_only(ublox_serialization)
[0.386s] Level 1:colcon.colcon_core.environment:checking '/home/nuc11/ublox_ws/install/ublox_serialization' for CMake module files
[0.387s] Level 1:colcon.colcon_core.environment:checking '/home/nuc11/ublox_ws/install/ublox_serialization' for CMake config files
[0.387s] Level 1:colcon.colcon_core.shell:create_environment_hook('ublox_serialization', 'cmake_prefix_path')
[0.387s] INFO:colcon.colcon_core.shell:Creating environment hook '/home/nuc11/ublox_ws/install/ublox_serialization/share/ublox_serialization/hook/cmake_prefix_path.ps1'
[0.387s] INFO:colcon.colcon_core.shell:Creating environment descriptor '/home/nuc11/ublox_ws/install/ublox_serialization/share/ublox_serialization/hook/cmake_prefix_path.dsv'
[0.387s] INFO:colcon.colcon_core.shell:Creating environment hook '/home/nuc11/ublox_ws/install/ublox_serialization/share/ublox_serialization/hook/cmake_prefix_path.sh'
[0.387s] Level 1:colcon.colcon_core.environment:checking '/home/nuc11/ublox_ws/install/ublox_serialization/bin'
[0.387s] Level 1:colcon.colcon_core.environment:checking '/home/nuc11/ublox_ws/install/ublox_serialization/lib/pkgconfig/ublox_serialization.pc'
[0.388s] Level 1:colcon.colcon_core.environment:checking '/home/nuc11/ublox_ws/install/ublox_serialization/lib/python3.10/site-packages'
[0.388s] Level 1:colcon.colcon_core.environment:checking '/home/nuc11/ublox_ws/install/ublox_serialization/bin'
[0.388s] INFO:colcon.colcon_core.shell:Creating package script '/home/nuc11/ublox_ws/install/ublox_serialization/share/ublox_serialization/package.ps1'
[0.388s] INFO:colcon.colcon_core.shell:Creating package descriptor '/home/nuc11/ublox_ws/install/ublox_serialization/share/ublox_serialization/package.dsv'
[0.388s] INFO:colcon.colcon_core.shell:Creating package script '/home/nuc11/ublox_ws/install/ublox_serialization/share/ublox_serialization/package.sh'
[0.388s] INFO:colcon.colcon_core.shell:Creating package script '/home/nuc11/ublox_ws/install/ublox_serialization/share/ublox_serialization/package.bash'
[0.389s] INFO:colcon.colcon_core.shell:Creating package script '/home/nuc11/ublox_ws/install/ublox_serialization/share/ublox_serialization/package.zsh'
[0.389s] Level 1:colcon.colcon_core.environment:create_file_with_runtime_dependencies(/home/nuc11/ublox_ws/install/ublox_serialization/share/colcon-core/packages/ublox_serialization)
[0.389s] INFO:colcon.colcon_ros.task.ament_cmake.build:Building ROS package in '/home/nuc11/ublox_ws/src/ros2-ublox-zedf9p/ublox_msgs' with build type 'ament_cmake'
[0.389s] INFO:colcon.colcon_cmake.task.cmake.build:Building CMake package in '/home/nuc11/ublox_ws/src/ros2-ublox-zedf9p/ublox_msgs'
[0.389s] INFO:colcon.colcon_core.shell:Skip shell extension 'powershell' for command environment: Not usable outside of PowerShell
[0.389s] DEBUG:colcon.colcon_core.shell:Skip shell extension 'dsv' for command environment
[0.394s] DEBUG:colcon.colcon_core.event_handler.log_command:Invoking command in '/home/nuc11/ublox_ws/build/ublox_msgs': AMENT_PREFIX_PATH=/home/nuc11/ublox_ws/install/ublox_serialization:${AMENT_PREFIX_PATH} CMAKE_PREFIX_PATH=/home/nuc11/ublox_ws/install/ublox_serialization:/opt/ros/humble /usr/bin/cmake /home/nuc11/ublox_ws/src/ros2-ublox-zedf9p/ublox_msgs -DCMAKE_INSTALL_PREFIX=/home/nuc11/ublox_ws/install/ublox_msgs
[1.478s] DEBUG:colcon.colcon_core.event_handler.log_command:Invoked command in '/home/nuc11/ublox_ws/build/ublox_msgs' returned '0': AMENT_PREFIX_PATH=/home/nuc11/ublox_ws/install/ublox_serialization:${AMENT_PREFIX_PATH} CMAKE_PREFIX_PATH=/home/nuc11/ublox_ws/install/ublox_serialization:/opt/ros/humble /usr/bin/cmake /home/nuc11/ublox_ws/src/ros2-ublox-zedf9p/ublox_msgs -DCMAKE_INSTALL_PREFIX=/home/nuc11/ublox_ws/install/ublox_msgs
[1.478s] DEBUG:colcon.colcon_core.event_handler.log_command:Invoking command in '/home/nuc11/ublox_ws/build/ublox_msgs': AMENT_PREFIX_PATH=/home/nuc11/ublox_ws/install/ublox_serialization:${AMENT_PREFIX_PATH} CMAKE_PREFIX_PATH=/home/nuc11/ublox_ws/install/ublox_serialization:/opt/ros/humble /usr/bin/cmake --build /home/nuc11/ublox_ws/build/ublox_msgs -- -j16 -l16
[1.755s] DEBUG:colcon.colcon_core.event_handler.log_command:Invoked command in '/home/nuc11/ublox_ws/build/ublox_msgs' returned '0': AMENT_PREFIX_PATH=/home/nuc11/ublox_ws/install/ublox_serialization:${AMENT_PREFIX_PATH} CMAKE_PREFIX_PATH=/home/nuc11/ublox_ws/install/ublox_serialization:/opt/ros/humble /usr/bin/cmake --build /home/nuc11/ublox_ws/build/ublox_msgs -- -j16 -l16
[1.757s] DEBUG:colcon.colcon_core.event_handler.log_command:Invoking command in '/home/nuc11/ublox_ws/build/ublox_msgs': AMENT_PREFIX_PATH=/home/nuc11/ublox_ws/install/ublox_serialization:${AMENT_PREFIX_PATH} CMAKE_PREFIX_PATH=/home/nuc11/ublox_ws/install/ublox_serialization:/opt/ros/humble /usr/bin/cmake --install /home/nuc11/ublox_ws/build/ublox_msgs
[1.862s] Level 1:colcon.colcon_core.environment:create_environment_scripts_only(ublox_msgs)
[1.862s] Level 1:colcon.colcon_core.environment:checking '/home/nuc11/ublox_ws/install/ublox_msgs' for CMake module files
[1.863s] DEBUG:colcon.colcon_core.event_handler.log_command:Invoked command in '/home/nuc11/ublox_ws/build/ublox_msgs' returned '0': AMENT_PREFIX_PATH=/home/nuc11/ublox_ws/install/ublox_serialization:${AMENT_PREFIX_PATH} CMAKE_PREFIX_PATH=/home/nuc11/ublox_ws/install/ublox_serialization:/opt/ros/humble /usr/bin/cmake --install /home/nuc11/ublox_ws/build/ublox_msgs
[1.863s] Level 1:colcon.colcon_core.environment:checking '/home/nuc11/ublox_ws/install/ublox_msgs' for CMake config files
[1.870s] Level 1:colcon.colcon_core.shell:create_environment_hook('ublox_msgs', 'cmake_prefix_path')
[1.870s] INFO:colcon.colcon_core.shell:Creating environment hook '/home/nuc11/ublox_ws/install/ublox_msgs/share/ublox_msgs/hook/cmake_prefix_path.ps1'
[1.871s] INFO:colcon.colcon_core.shell:Creating environment descriptor '/home/nuc11/ublox_ws/install/ublox_msgs/share/ublox_msgs/hook/cmake_prefix_path.dsv'
[1.871s] INFO:colcon.colcon_core.shell:Creating environment hook '/home/nuc11/ublox_ws/install/ublox_msgs/share/ublox_msgs/hook/cmake_prefix_path.sh'
[1.872s] Level 1:colcon.colcon_core.environment:checking '/home/nuc11/ublox_ws/install/ublox_msgs/lib'
[1.872s] Level 1:colcon.colcon_core.shell:create_environment_hook('ublox_msgs', 'ld_library_path_lib')
[1.872s] INFO:colcon.colcon_core.shell:Creating environment hook '/home/nuc11/ublox_ws/install/ublox_msgs/share/ublox_msgs/hook/ld_library_path_lib.ps1'
[1.872s] INFO:colcon.colcon_core.shell:Creating environment descriptor '/home/nuc11/ublox_ws/install/ublox_msgs/share/ublox_msgs/hook/ld_library_path_lib.dsv'
[1.872s] INFO:colcon.colcon_core.shell:Creating environment hook '/home/nuc11/ublox_ws/install/ublox_msgs/share/ublox_msgs/hook/ld_library_path_lib.sh'
[1.872s] Level 1:colcon.colcon_core.environment:checking '/home/nuc11/ublox_ws/install/ublox_msgs/bin'
[1.872s] Level 1:colcon.colcon_core.environment:checking '/home/nuc11/ublox_ws/install/ublox_msgs/lib/pkgconfig/ublox_msgs.pc'
[1.872s] Level 1:colcon.colcon_core.environment:checking '/home/nuc11/ublox_ws/install/ublox_msgs/lib/python3.10/site-packages'
[1.873s] Level 1:colcon.colcon_core.environment:checking '/home/nuc11/ublox_ws/install/ublox_msgs/bin'
[1.873s] INFO:colcon.colcon_core.shell:Creating package script '/home/nuc11/ublox_ws/install/ublox_msgs/share/ublox_msgs/package.ps1'
[1.873s] INFO:colcon.colcon_core.shell:Creating package descriptor '/home/nuc11/ublox_ws/install/ublox_msgs/share/ublox_msgs/package.dsv'
[1.873s] INFO:colcon.colcon_core.shell:Creating package script '/home/nuc11/ublox_ws/install/ublox_msgs/share/ublox_msgs/package.sh'
[1.873s] INFO:colcon.colcon_core.shell:Creating package script '/home/nuc11/ublox_ws/install/ublox_msgs/share/ublox_msgs/package.bash'
[1.873s] INFO:colcon.colcon_core.shell:Creating package script '/home/nuc11/ublox_ws/install/ublox_msgs/share/ublox_msgs/package.zsh'
[1.874s] Level 1:colcon.colcon_core.environment:create_file_with_runtime_dependencies(/home/nuc11/ublox_ws/install/ublox_msgs/share/colcon-core/packages/ublox_msgs)
[1.874s] Level 1:colcon.colcon_core.environment:create_environment_scripts_only(ublox_msgs)
[1.874s] Level 1:colcon.colcon_core.environment:checking '/home/nuc11/ublox_ws/install/ublox_msgs' for CMake module files
[1.874s] Level 1:colcon.colcon_core.environment:checking '/home/nuc11/ublox_ws/install/ublox_msgs' for CMake config files
[1.877s] Level 1:colcon.colcon_core.shell:create_environment_hook('ublox_msgs', 'cmake_prefix_path')
[1.877s] INFO:colcon.colcon_core.shell:Creating environment hook '/home/nuc11/ublox_ws/install/ublox_msgs/share/ublox_msgs/hook/cmake_prefix_path.ps1'
[1.877s] INFO:colcon.colcon_core.shell:Creating environment descriptor '/home/nuc11/ublox_ws/install/ublox_msgs/share/ublox_msgs/hook/cmake_prefix_path.dsv'
[1.878s] INFO:colcon.colcon_core.shell:Creating environment hook '/home/nuc11/ublox_ws/install/ublox_msgs/share/ublox_msgs/hook/cmake_prefix_path.sh'
[1.878s] Level 1:colcon.colcon_core.environment:checking '/home/nuc11/ublox_ws/install/ublox_msgs/lib'
[1.878s] Level 1:colcon.colcon_core.shell:create_environment_hook('ublox_msgs', 'ld_library_path_lib')
[1.878s] INFO:colcon.colcon_core.shell:Creating environment hook '/home/nuc11/ublox_ws/install/ublox_msgs/share/ublox_msgs/hook/ld_library_path_lib.ps1'
[1.878s] INFO:colcon.colcon_core.shell:Creating environment descriptor '/home/nuc11/ublox_ws/install/ublox_msgs/share/ublox_msgs/hook/ld_library_path_lib.dsv'
[1.878s] INFO:colcon.colcon_core.shell:Creating environment hook '/home/nuc11/ublox_ws/install/ublox_msgs/share/ublox_msgs/hook/ld_library_path_lib.sh'
[1.878s] Level 1:colcon.colcon_core.environment:checking '/home/nuc11/ublox_ws/install/ublox_msgs/bin'
[1.878s] Level 1:colcon.colcon_core.environment:checking '/home/nuc11/ublox_ws/install/ublox_msgs/lib/pkgconfig/ublox_msgs.pc'
[1.878s] Level 1:colcon.colcon_core.environment:checking '/home/nuc11/ublox_ws/install/ublox_msgs/lib/python3.10/site-packages'
[1.879s] Level 1:colcon.colcon_core.environment:checking '/home/nuc11/ublox_ws/install/ublox_msgs/bin'
[1.879s] INFO:colcon.colcon_core.shell:Creating package script '/home/nuc11/ublox_ws/install/ublox_msgs/share/ublox_msgs/package.ps1'
[1.879s] INFO:colcon.colcon_core.shell:Creating package descriptor '/home/nuc11/ublox_ws/install/ublox_msgs/share/ublox_msgs/package.dsv'
[1.879s] INFO:colcon.colcon_core.shell:Creating package script '/home/nuc11/ublox_ws/install/ublox_msgs/share/ublox_msgs/package.sh'
[1.879s] INFO:colcon.colcon_core.shell:Creating package script '/home/nuc11/ublox_ws/install/ublox_msgs/share/ublox_msgs/package.bash'
[1.879s] INFO:colcon.colcon_core.shell:Creating package script '/home/nuc11/ublox_ws/install/ublox_msgs/share/ublox_msgs/package.zsh'
[1.880s] Level 1:colcon.colcon_core.environment:create_file_with_runtime_dependencies(/home/nuc11/ublox_ws/install/ublox_msgs/share/colcon-core/packages/ublox_msgs)
[1.880s] INFO:colcon.colcon_ros.task.ament_cmake.build:Building ROS package in '/home/nuc11/ublox_ws/src/ros2-ublox-zedf9p/ublox_gps' with build type 'ament_cmake'
[1.880s] INFO:colcon.colcon_cmake.task.cmake.build:Building CMake package in '/home/nuc11/ublox_ws/src/ros2-ublox-zedf9p/ublox_gps'
[1.880s] INFO:colcon.colcon_core.shell:Skip shell extension 'powershell' for command environment: Not usable outside of PowerShell
[1.880s] DEBUG:colcon.colcon_core.shell:Skip shell extension 'dsv' for command environment
[1.887s] DEBUG:colcon.colcon_core.event_handler.log_command:Invoking command in '/home/nuc11/ublox_ws/build/ublox_gps': AMENT_PREFIX_PATH=/home/nuc11/ublox_ws/install/ublox_msgs:/home/nuc11/ublox_ws/install/ublox_serialization:${AMENT_PREFIX_PATH} CMAKE_PREFIX_PATH=/home/nuc11/ublox_ws/install/ublox_msgs:/home/nuc11/ublox_ws/install/ublox_serialization:/opt/ros/humble LD_LIBRARY_PATH=/home/nuc11/ublox_ws/install/ublox_msgs/lib:${LD_LIBRARY_PATH} PYTHONPATH=/home/nuc11/ublox_ws/install/ublox_msgs/local/lib/python3.10/dist-packages:${PYTHONPATH} /usr/bin/cmake /home/nuc11/ublox_ws/src/ros2-ublox-zedf9p/ublox_gps -DCMAKE_INSTALL_PREFIX=/home/nuc11/ublox_ws/install/ublox_gps
[2.160s] DEBUG:colcon.colcon_core.event_handler.log_command:Invoked command in '/home/nuc11/ublox_ws/build/ublox_gps' returned '0': AMENT_PREFIX_PATH=/home/nuc11/ublox_ws/install/ublox_msgs:/home/nuc11/ublox_ws/install/ublox_serialization:${AMENT_PREFIX_PATH} CMAKE_PREFIX_PATH=/home/nuc11/ublox_ws/install/ublox_msgs:/home/nuc11/ublox_ws/install/ublox_serialization:/opt/ros/humble LD_LIBRARY_PATH=/home/nuc11/ublox_ws/install/ublox_msgs/lib:${LD_LIBRARY_PATH} PYTHONPATH=/home/nuc11/ublox_ws/install/ublox_msgs/local/lib/python3.10/dist-packages:${PYTHONPATH} /usr/bin/cmake /home/nuc11/ublox_ws/src/ros2-ublox-zedf9p/ublox_gps -DCMAKE_INSTALL_PREFIX=/home/nuc11/ublox_ws/install/ublox_gps
[2.161s] DEBUG:colcon.colcon_core.event_handler.log_command:Invoking command in '/home/nuc11/ublox_ws/build/ublox_gps': AMENT_PREFIX_PATH=/home/nuc11/ublox_ws/install/ublox_msgs:/home/nuc11/ublox_ws/install/ublox_serialization:${AMENT_PREFIX_PATH} CMAKE_PREFIX_PATH=/home/nuc11/ublox_ws/install/ublox_msgs:/home/nuc11/ublox_ws/install/ublox_serialization:/opt/ros/humble LD_LIBRARY_PATH=/home/nuc11/ublox_ws/install/ublox_msgs/lib:${LD_LIBRARY_PATH} PYTHONPATH=/home/nuc11/ublox_ws/install/ublox_msgs/local/lib/python3.10/dist-packages:${PYTHONPATH} /usr/bin/cmake --build /home/nuc11/ublox_ws/build/ublox_gps -- -j16 -l16
[2.283s] DEBUG:colcon.colcon_core.event_handler.log_command:Invoked command in '/home/nuc11/ublox_ws/build/ublox_gps' returned '0': AMENT_PREFIX_PATH=/home/nuc11/ublox_ws/install/ublox_msgs:/home/nuc11/ublox_ws/install/ublox_serialization:${AMENT_PREFIX_PATH} CMAKE_PREFIX_PATH=/home/nuc11/ublox_ws/install/ublox_msgs:/home/nuc11/ublox_ws/install/ublox_serialization:/opt/ros/humble LD_LIBRARY_PATH=/home/nuc11/ublox_ws/install/ublox_msgs/lib:${LD_LIBRARY_PATH} PYTHONPATH=/home/nuc11/ublox_ws/install/ublox_msgs/local/lib/python3.10/dist-packages:${PYTHONPATH} /usr/bin/cmake --build /home/nuc11/ublox_ws/build/ublox_gps -- -j16 -l16
[2.284s] DEBUG:colcon.colcon_core.event_handler.log_command:Invoking command in '/home/nuc11/ublox_ws/build/ublox_gps': AMENT_PREFIX_PATH=/home/nuc11/ublox_ws/install/ublox_msgs:/home/nuc11/ublox_ws/install/ublox_serialization:${AMENT_PREFIX_PATH} CMAKE_PREFIX_PATH=/home/nuc11/ublox_ws/install/ublox_msgs:/home/nuc11/ublox_ws/install/ublox_serialization:/opt/ros/humble LD_LIBRARY_PATH=/home/nuc11/ublox_ws/install/ublox_msgs/lib:${LD_LIBRARY_PATH} PYTHONPATH=/home/nuc11/ublox_ws/install/ublox_msgs/local/lib/python3.10/dist-packages:${PYTHONPATH} /usr/bin/cmake --install /home/nuc11/ublox_ws/build/ublox_gps
[2.297s] Level 1:colcon.colcon_core.environment:create_environment_scripts_only(ublox_gps)
[2.297s] DEBUG:colcon.colcon_core.event_handler.log_command:Invoked command in '/home/nuc11/ublox_ws/build/ublox_gps' returned '0': AMENT_PREFIX_PATH=/home/nuc11/ublox_ws/install/ublox_msgs:/home/nuc11/ublox_ws/install/ublox_serialization:${AMENT_PREFIX_PATH} CMAKE_PREFIX_PATH=/home/nuc11/ublox_ws/install/ublox_msgs:/home/nuc11/ublox_ws/install/ublox_serialization:/opt/ros/humble LD_LIBRARY_PATH=/home/nuc11/ublox_ws/install/ublox_msgs/lib:${LD_LIBRARY_PATH} PYTHONPATH=/home/nuc11/ublox_ws/install/ublox_msgs/local/lib/python3.10/dist-packages:${PYTHONPATH} /usr/bin/cmake --install /home/nuc11/ublox_ws/build/ublox_gps
[2.298s] Level 1:colcon.colcon_core.environment:checking '/home/nuc11/ublox_ws/install/ublox_gps' for CMake module files
[2.298s] Level 1:colcon.colcon_core.environment:checking '/home/nuc11/ublox_ws/install/ublox_gps' for CMake config files
[2.298s] Level 1:colcon.colcon_core.shell:create_environment_hook('ublox_gps', 'cmake_prefix_path')
[2.298s] INFO:colcon.colcon_core.shell:Creating environment hook '/home/nuc11/ublox_ws/install/ublox_gps/share/ublox_gps/hook/cmake_prefix_path.ps1'
[2.299s] INFO:colcon.colcon_core.shell:Creating environment descriptor '/home/nuc11/ublox_ws/install/ublox_gps/share/ublox_gps/hook/cmake_prefix_path.dsv'
[2.299s] INFO:colcon.colcon_core.shell:Creating environment hook '/home/nuc11/ublox_ws/install/ublox_gps/share/ublox_gps/hook/cmake_prefix_path.sh'
[2.299s] Level 1:colcon.colcon_core.environment:checking '/home/nuc11/ublox_ws/install/ublox_gps/lib'
[2.299s] Level 1:colcon.colcon_core.shell:create_environment_hook('ublox_gps', 'ld_library_path_lib')
[2.299s] INFO:colcon.colcon_core.shell:Creating environment hook '/home/nuc11/ublox_ws/install/ublox_gps/share/ublox_gps/hook/ld_library_path_lib.ps1'
[2.299s] INFO:colcon.colcon_core.shell:Creating environment descriptor '/home/nuc11/ublox_ws/install/ublox_gps/share/ublox_gps/hook/ld_library_path_lib.dsv'
[2.299s] INFO:colcon.colcon_core.shell:Creating environment hook '/home/nuc11/ublox_ws/install/ublox_gps/share/ublox_gps/hook/ld_library_path_lib.sh'
[2.300s] Level 1:colcon.colcon_core.environment:checking '/home/nuc11/ublox_ws/install/ublox_gps/bin'
[2.300s] Level 1:colcon.colcon_core.environment:checking '/home/nuc11/ublox_ws/install/ublox_gps/lib/pkgconfig/ublox_gps.pc'
[2.300s] Level 1:colcon.colcon_core.environment:checking '/home/nuc11/ublox_ws/install/ublox_gps/lib/python3.10/site-packages'
[2.300s] Level 1:colcon.colcon_core.environment:checking '/home/nuc11/ublox_ws/install/ublox_gps/bin'
[2.300s] INFO:colcon.colcon_core.shell:Creating package script '/home/nuc11/ublox_ws/install/ublox_gps/share/ublox_gps/package.ps1'
[2.300s] INFO:colcon.colcon_core.shell:Creating package descriptor '/home/nuc11/ublox_ws/install/ublox_gps/share/ublox_gps/package.dsv'
[2.300s] INFO:colcon.colcon_core.shell:Creating package script '/home/nuc11/ublox_ws/install/ublox_gps/share/ublox_gps/package.sh'
[2.301s] INFO:colcon.colcon_core.shell:Creating package script '/home/nuc11/ublox_ws/install/ublox_gps/share/ublox_gps/package.bash'
[2.301s] INFO:colcon.colcon_core.shell:Creating package script '/home/nuc11/ublox_ws/install/ublox_gps/share/ublox_gps/package.zsh'
[2.301s] Level 1:colcon.colcon_core.environment:create_file_with_runtime_dependencies(/home/nuc11/ublox_ws/install/ublox_gps/share/colcon-core/packages/ublox_gps)
[2.301s] Level 1:colcon.colcon_core.environment:create_environment_scripts_only(ublox_gps)
[2.301s] Level 1:colcon.colcon_core.environment:checking '/home/nuc11/ublox_ws/install/ublox_gps' for CMake module files
[2.301s] Level 1:colcon.colcon_core.environment:checking '/home/nuc11/ublox_ws/install/ublox_gps' for CMake config files
[2.302s] Level 1:colcon.colcon_core.shell:create_environment_hook('ublox_gps', 'cmake_prefix_path')
[2.302s] INFO:colcon.colcon_core.shell:Creating environment hook '/home/nuc11/ublox_ws/install/ublox_gps/share/ublox_gps/hook/cmake_prefix_path.ps1'
[2.302s] INFO:colcon.colcon_core.shell:Creating environment descriptor '/home/nuc11/ublox_ws/install/ublox_gps/share/ublox_gps/hook/cmake_prefix_path.dsv'
[2.302s] INFO:colcon.colcon_core.shell:Creating environment hook '/home/nuc11/ublox_ws/install/ublox_gps/share/ublox_gps/hook/cmake_prefix_path.sh'
[2.302s] Level 1:colcon.colcon_core.environment:checking '/home/nuc11/ublox_ws/install/ublox_gps/lib'
[2.302s] Level 1:colcon.colcon_core.shell:create_environment_hook('ublox_gps', 'ld_library_path_lib')
[2.302s] INFO:colcon.colcon_core.shell:Creating environment hook '/home/nuc11/ublox_ws/install/ublox_gps/share/ublox_gps/hook/ld_library_path_lib.ps1'
[2.302s] INFO:colcon.colcon_core.shell:Creating environment descriptor '/home/nuc11/ublox_ws/install/ublox_gps/share/ublox_gps/hook/ld_library_path_lib.dsv'
[2.303s] INFO:colcon.colcon_core.shell:Creating environment hook '/home/nuc11/ublox_ws/install/ublox_gps/share/ublox_gps/hook/ld_library_path_lib.sh'
[2.303s] Level 1:colcon.colcon_core.environment:checking '/home/nuc11/ublox_ws/install/ublox_gps/bin'
[2.303s] Level 1:colcon.colcon_core.environment:checking '/home/nuc11/ublox_ws/install/ublox_gps/lib/pkgconfig/ublox_gps.pc'
[2.303s] Level 1:colcon.colcon_core.environment:checking '/home/nuc11/ublox_ws/install/ublox_gps/lib/python3.10/site-packages'
[2.303s] Level 1:colcon.colcon_core.environment:checking '/home/nuc11/ublox_ws/install/ublox_gps/bin'
[2.303s] INFO:colcon.colcon_core.shell:Creating package script '/home/nuc11/ublox_ws/install/ublox_gps/share/ublox_gps/package.ps1'
[2.303s] INFO:colcon.colcon_core.shell:Creating package descriptor '/home/nuc11/ublox_ws/install/ublox_gps/share/ublox_gps/package.dsv'
[2.304s] INFO:colcon.colcon_core.shell:Creating package script '/home/nuc11/ublox_ws/install/ublox_gps/share/ublox_gps/package.sh'
[2.304s] INFO:colcon.colcon_core.shell:Creating package script '/home/nuc11/ublox_ws/install/ublox_gps/share/ublox_gps/package.bash'
[2.304s] INFO:colcon.colcon_core.shell:Creating package script '/home/nuc11/ublox_ws/install/ublox_gps/share/ublox_gps/package.zsh'
[2.304s] Level 1:colcon.colcon_core.environment:create_file_with_runtime_dependencies(/home/nuc11/ublox_ws/install/ublox_gps/share/colcon-core/packages/ublox_gps)
[2.304s] INFO:colcon.colcon_ros.task.ament_cmake.build:Building ROS package in '/home/nuc11/ublox_ws/src/ros2-ublox-zedf9p/ublox' with build type 'ament_cmake'
[2.304s] INFO:colcon.colcon_cmake.task.cmake.build:Building CMake package in '/home/nuc11/ublox_ws/src/ros2-ublox-zedf9p/ublox'
[2.304s] INFO:colcon.colcon_core.shell:Skip shell extension 'powershell' for command environment: Not usable outside of PowerShell
[2.304s] DEBUG:colcon.colcon_core.shell:Skip shell extension 'dsv' for command environment
[2.311s] DEBUG:colcon.colcon_core.event_handler.log_command:Invoking command in '/home/nuc11/ublox_ws/build/ublox': AMENT_PREFIX_PATH=/home/nuc11/ublox_ws/install/ublox_gps:/home/nuc11/ublox_ws/install/ublox_msgs:/home/nuc11/ublox_ws/install/ublox_serialization:${AMENT_PREFIX_PATH} CMAKE_PREFIX_PATH=/home/nuc11/ublox_ws/install/ublox_gps:/home/nuc11/ublox_ws/install/ublox_msgs:/home/nuc11/ublox_ws/install/ublox_serialization:/opt/ros/humble LD_LIBRARY_PATH=/home/nuc11/ublox_ws/install/ublox_gps/lib:/home/nuc11/ublox_ws/install/ublox_msgs/lib:${LD_LIBRARY_PATH} PYTHONPATH=/home/nuc11/ublox_ws/install/ublox_msgs/local/lib/python3.10/dist-packages:${PYTHONPATH} /usr/bin/cmake /home/nuc11/ublox_ws/src/ros2-ublox-zedf9p/ublox -DCMAKE_INSTALL_PREFIX=/home/nuc11/ublox_ws/install/ublox
[2.423s] DEBUG:colcon.colcon_core.event_handler.log_command:Invoked command in '/home/nuc11/ublox_ws/build/ublox' returned '0': AMENT_PREFIX_PATH=/home/nuc11/ublox_ws/install/ublox_gps:/home/nuc11/ublox_ws/install/ublox_msgs:/home/nuc11/ublox_ws/install/ublox_serialization:${AMENT_PREFIX_PATH} CMAKE_PREFIX_PATH=/home/nuc11/ublox_ws/install/ublox_gps:/home/nuc11/ublox_ws/install/ublox_msgs:/home/nuc11/ublox_ws/install/ublox_serialization:/opt/ros/humble LD_LIBRARY_PATH=/home/nuc11/ublox_ws/install/ublox_gps/lib:/home/nuc11/ublox_ws/install/ublox_msgs/lib:${LD_LIBRARY_PATH} PYTHONPATH=/home/nuc11/ublox_ws/install/ublox_msgs/local/lib/python3.10/dist-packages:${PYTHONPATH} /usr/bin/cmake /home/nuc11/ublox_ws/src/ros2-ublox-zedf9p/ublox -DCMAKE_INSTALL_PREFIX=/home/nuc11/ublox_ws/install/ublox
[2.424s] DEBUG:colcon.colcon_core.event_handler.log_command:Invoking command in '/home/nuc11/ublox_ws/build/ublox': AMENT_PREFIX_PATH=/home/nuc11/ublox_ws/install/ublox_gps:/home/nuc11/ublox_ws/install/ublox_msgs:/home/nuc11/ublox_ws/install/ublox_serialization:${AMENT_PREFIX_PATH} CMAKE_PREFIX_PATH=/home/nuc11/ublox_ws/install/ublox_gps:/home/nuc11/ublox_ws/install/ublox_msgs:/home/nuc11/ublox_ws/install/ublox_serialization:/opt/ros/humble LD_LIBRARY_PATH=/home/nuc11/ublox_ws/install/ublox_gps/lib:/home/nuc11/ublox_ws/install/ublox_msgs/lib:${LD_LIBRARY_PATH} PYTHONPATH=/home/nuc11/ublox_ws/install/ublox_msgs/local/lib/python3.10/dist-packages:${PYTHONPATH} /usr/bin/cmake --build /home/nuc11/ublox_ws/build/ublox -- -j16 -l16
[2.448s] DEBUG:colcon.colcon_core.event_handler.log_command:Invoked command in '/home/nuc11/ublox_ws/build/ublox' returned '0': AMENT_PREFIX_PATH=/home/nuc11/ublox_ws/install/ublox_gps:/home/nuc11/ublox_ws/install/ublox_msgs:/home/nuc11/ublox_ws/install/ublox_serialization:${AMENT_PREFIX_PATH} CMAKE_PREFIX_PATH=/home/nuc11/ublox_ws/install/ublox_gps:/home/nuc11/ublox_ws/install/ublox_msgs:/home/nuc11/ublox_ws/install/ublox_serialization:/opt/ros/humble LD_LIBRARY_PATH=/home/nuc11/ublox_ws/install/ublox_gps/lib:/home/nuc11/ublox_ws/install/ublox_msgs/lib:${LD_LIBRARY_PATH} PYTHONPATH=/home/nuc11/ublox_ws/install/ublox_msgs/local/lib/python3.10/dist-packages:${PYTHONPATH} /usr/bin/cmake --build /home/nuc11/ublox_ws/build/ublox -- -j16 -l16
[2.450s] DEBUG:colcon.colcon_core.event_handler.log_command:Invoking command in '/home/nuc11/ublox_ws/build/ublox': AMENT_PREFIX_PATH=/home/nuc11/ublox_ws/install/ublox_gps:/home/nuc11/ublox_ws/install/ublox_msgs:/home/nuc11/ublox_ws/install/ublox_serialization:${AMENT_PREFIX_PATH} CMAKE_PREFIX_PATH=/home/nuc11/ublox_ws/install/ublox_gps:/home/nuc11/ublox_ws/install/ublox_msgs:/home/nuc11/ublox_ws/install/ublox_serialization:/opt/ros/humble LD_LIBRARY_PATH=/home/nuc11/ublox_ws/install/ublox_gps/lib:/home/nuc11/ublox_ws/install/ublox_msgs/lib:${LD_LIBRARY_PATH} PYTHONPATH=/home/nuc11/ublox_ws/install/ublox_msgs/local/lib/python3.10/dist-packages:${PYTHONPATH} /usr/bin/cmake --install /home/nuc11/ublox_ws/build/ublox
[2.462s] Level 1:colcon.colcon_core.environment:create_environment_scripts_only(ublox)
[2.463s] Level 1:colcon.colcon_core.environment:checking '/home/nuc11/ublox_ws/install/ublox' for CMake module files
[2.463s] DEBUG:colcon.colcon_core.event_handler.log_command:Invoked command in '/home/nuc11/ublox_ws/build/ublox' returned '0': AMENT_PREFIX_PATH=/home/nuc11/ublox_ws/install/ublox_gps:/home/nuc11/ublox_ws/install/ublox_msgs:/home/nuc11/ublox_ws/install/ublox_serialization:${AMENT_PREFIX_PATH} CMAKE_PREFIX_PATH=/home/nuc11/ublox_ws/install/ublox_gps:/home/nuc11/ublox_ws/install/ublox_msgs:/home/nuc11/ublox_ws/install/ublox_serialization:/opt/ros/humble LD_LIBRARY_PATH=/home/nuc11/ublox_ws/install/ublox_gps/lib:/home/nuc11/ublox_ws/install/ublox_msgs/lib:${LD_LIBRARY_PATH} PYTHONPATH=/home/nuc11/ublox_ws/install/ublox_msgs/local/lib/python3.10/dist-packages:${PYTHONPATH} /usr/bin/cmake --install /home/nuc11/ublox_ws/build/ublox
[2.463s] Level 1:colcon.colcon_core.environment:checking '/home/nuc11/ublox_ws/install/ublox' for CMake config files
[2.464s] Level 1:colcon.colcon_core.shell:create_environment_hook('ublox', 'cmake_prefix_path')
[2.464s] INFO:colcon.colcon_core.shell:Creating environment hook '/home/nuc11/ublox_ws/install/ublox/share/ublox/hook/cmake_prefix_path.ps1'
[2.464s] INFO:colcon.colcon_core.shell:Creating environment descriptor '/home/nuc11/ublox_ws/install/ublox/share/ublox/hook/cmake_prefix_path.dsv'
[2.464s] INFO:colcon.colcon_core.shell:Creating environment hook '/home/nuc11/ublox_ws/install/ublox/share/ublox/hook/cmake_prefix_path.sh'
[2.465s] Level 1:colcon.colcon_core.environment:checking '/home/nuc11/ublox_ws/install/ublox/bin'
[2.465s] Level 1:colcon.colcon_core.environment:checking '/home/nuc11/ublox_ws/install/ublox/lib/pkgconfig/ublox.pc'
[2.465s] Level 1:colcon.colcon_core.environment:checking '/home/nuc11/ublox_ws/install/ublox/lib/python3.10/site-packages'
[2.465s] Level 1:colcon.colcon_core.environment:checking '/home/nuc11/ublox_ws/install/ublox/bin'
[2.466s] INFO:colcon.colcon_core.shell:Creating package script '/home/nuc11/ublox_ws/install/ublox/share/ublox/package.ps1'
[2.466s] INFO:colcon.colcon_core.shell:Creating package descriptor '/home/nuc11/ublox_ws/install/ublox/share/ublox/package.dsv'
[2.466s] INFO:colcon.colcon_core.shell:Creating package script '/home/nuc11/ublox_ws/install/ublox/share/ublox/package.sh'
[2.467s] INFO:colcon.colcon_core.shell:Creating package script '/home/nuc11/ublox_ws/install/ublox/share/ublox/package.bash'
[2.467s] INFO:colcon.colcon_core.shell:Creating package script '/home/nuc11/ublox_ws/install/ublox/share/ublox/package.zsh'
[2.467s] Level 1:colcon.colcon_core.environment:create_file_with_runtime_dependencies(/home/nuc11/ublox_ws/install/ublox/share/colcon-core/packages/ublox)
[2.467s] Level 1:colcon.colcon_core.environment:create_environment_scripts_only(ublox)
[2.467s] Level 1:colcon.colcon_core.environment:checking '/home/nuc11/ublox_ws/install/ublox' for CMake module files
[2.467s] Level 1:colcon.colcon_core.environment:checking '/home/nuc11/ublox_ws/install/ublox' for CMake config files
[2.467s] Level 1:colcon.colcon_core.shell:create_environment_hook('ublox', 'cmake_prefix_path')
[2.468s] INFO:colcon.colcon_core.shell:Creating environment hook '/home/nuc11/ublox_ws/install/ublox/share/ublox/hook/cmake_prefix_path.ps1'
[2.468s] INFO:colcon.colcon_core.shell:Creating environment descriptor '/home/nuc11/ublox_ws/install/ublox/share/ublox/hook/cmake_prefix_path.dsv'
[2.468s] INFO:colcon.colcon_core.shell:Creating environment hook '/home/nuc11/ublox_ws/install/ublox/share/ublox/hook/cmake_prefix_path.sh'
[2.468s] Level 1:colcon.colcon_core.environment:checking '/home/nuc11/ublox_ws/install/ublox/bin'
[2.468s] Level 1:colcon.colcon_core.environment:checking '/home/nuc11/ublox_ws/install/ublox/lib/pkgconfig/ublox.pc'
[2.468s] Level 1:colcon.colcon_core.environment:checking '/home/nuc11/ublox_ws/install/ublox/lib/python3.10/site-packages'
[2.468s] Level 1:colcon.colcon_core.environment:checking '/home/nuc11/ublox_ws/install/ublox/bin'
[2.468s] INFO:colcon.colcon_core.shell:Creating package script '/home/nuc11/ublox_ws/install/ublox/share/ublox/package.ps1'
[2.469s] INFO:colcon.colcon_core.shell:Creating package descriptor '/home/nuc11/ublox_ws/install/ublox/share/ublox/package.dsv'
[2.469s] INFO:colcon.colcon_core.shell:Creating package script '/home/nuc11/ublox_ws/install/ublox/share/ublox/package.sh'
[2.469s] INFO:colcon.colcon_core.shell:Creating package script '/home/nuc11/ublox_ws/install/ublox/share/ublox/package.bash'
[2.469s] INFO:colcon.colcon_core.shell:Creating package script '/home/nuc11/ublox_ws/install/ublox/share/ublox/package.zsh'
[2.469s] Level 1:colcon.colcon_core.environment:create_file_with_runtime_dependencies(/home/nuc11/ublox_ws/install/ublox/share/colcon-core/packages/ublox)
[2.469s] DEBUG:colcon.colcon_parallel_executor.executor.parallel:closing loop
[2.470s] DEBUG:colcon.colcon_parallel_executor.executor.parallel:loop closed
[2.470s] DEBUG:colcon.colcon_parallel_executor.executor.parallel:run_until_complete finished with '0'
[2.470s] DEBUG:colcon.colcon_core.event_reactor:joining thread
[2.472s] INFO:colcon.colcon_core.plugin_system:Skipping extension 'colcon_notification.desktop_notification.terminal_notifier': Not used on non-Darwin systems
[2.472s] INFO:colcon.colcon_core.plugin_system:Skipping extension 'colcon_notification.desktop_notification.win32': Not used on non-Windows systems
[2.472s] INFO:colcon.colcon_notification.desktop_notification:Sending desktop notification using 'notify2'
[2.479s] DEBUG:colcon.colcon_core.event_reactor:joined thread
[2.479s] INFO:colcon.colcon_core.shell:Creating prefix script '/home/nuc11/ublox_ws/install/local_setup.ps1'
[2.480s] INFO:colcon.colcon_core.shell:Creating prefix util module '/home/nuc11/ublox_ws/install/_local_setup_util_ps1.py'
[2.480s] INFO:colcon.colcon_core.shell:Creating prefix chain script '/home/nuc11/ublox_ws/install/setup.ps1'
[2.481s] INFO:colcon.colcon_core.shell:Creating prefix script '/home/nuc11/ublox_ws/install/local_setup.sh'
[2.481s] INFO:colcon.colcon_core.shell:Creating prefix util module '/home/nuc11/ublox_ws/install/_local_setup_util_sh.py'
[2.481s] INFO:colcon.colcon_core.shell:Creating prefix chain script '/home/nuc11/ublox_ws/install/setup.sh'
[2.482s] INFO:colcon.colcon_core.shell:Creating prefix script '/home/nuc11/ublox_ws/install/local_setup.bash'
[2.482s] INFO:colcon.colcon_core.shell:Creating prefix chain script '/home/nuc11/ublox_ws/install/setup.bash'
[2.482s] INFO:colcon.colcon_core.shell:Creating prefix script '/home/nuc11/ublox_ws/install/local_setup.zsh'
[2.483s] INFO:colcon.colcon_core.shell:Creating prefix chain script '/home/nuc11/ublox_ws/install/setup.zsh'
