[0.049s] DEBUG:colcon:Command line arguments: ['/usr/bin/colcon', 'build', '--symlink-install']
[0.049s] DEBUG:colcon:Parsed command line arguments: Namespace(log_base=None, log_level=None, verb_name='build', build_base='build', install_base='install', merge_install=False, symlink_install=True, test_result_base=None, continue_on_error=False, executor='parallel', parallel_workers=16, event_handlers=None, ignore_user_meta=False, metas=['./colcon.meta'], base_paths=['.'], packages_ignore=None, packages_ignore_regex=None, paths=None, packages_up_to=None, packages_up_to_regex=None, packages_above=None, packages_above_and_dependencies=None, packages_above_depth=None, packages_select_by_dep=None, packages_skip_by_dep=None, packages_skip_up_to=None, packages_select_build_failed=False, packages_skip_build_finished=False, packages_select_test_failures=False, packages_skip_test_passed=False, packages_select=None, packages_skip=None, packages_select_regex=None, packages_skip_regex=None, packages_start=None, packages_end=None, allow_overriding=[], cmake_args=None, cmake_target=None, cmake_target_skip_unavailable=False, cmake_clean_cache=False, cmake_clean_first=False, cmake_force_configure=False, ament_cmake_args=None, catkin_cmake_args=None, catkin_skip_building_tests=False, verb_parser=<colcon_defaults.argument_parser.defaults.DefaultArgumentsDecorator object at 0x763935118a00>, verb_extension=<colcon_core.verb.build.BuildVerb object at 0x76393525de70>, main=<bound method BuildVerb.main of <colcon_core.verb.build.BuildVerb object at 0x76393525de70>>)
[0.121s] Level 1:colcon.colcon_core.package_discovery:discover_packages(colcon_meta) check parameters
[0.121s] Level 1:colcon.colcon_core.package_discovery:discover_packages(recursive) check parameters
[0.121s] Level 1:colcon.colcon_core.package_discovery:discover_packages(ignore) check parameters
[0.121s] Level 1:colcon.colcon_core.package_discovery:discover_packages(path) check parameters
[0.121s] Level 1:colcon.colcon_core.package_discovery:discover_packages(colcon_meta) discover
[0.121s] Level 1:colcon.colcon_core.package_discovery:discover_packages(recursive) discover
[0.121s] INFO:colcon.colcon_core.package_discovery:Crawling recursively for packages in '/home/nuc11/ublox_ws'
[0.121s] Level 1:colcon.colcon_core.package_identification:_identify(.) by extensions ['ignore', 'ignore_ament_install']
[0.121s] Level 1:colcon.colcon_core.package_identification:_identify(.) by extension 'ignore'
[0.121s] Level 1:colcon.colcon_core.package_identification:_identify(.) by extension 'ignore_ament_install'
[0.122s] Level 1:colcon.colcon_core.package_identification:_identify(.) by extensions ['colcon_pkg']
[0.122s] Level 1:colcon.colcon_core.package_identification:_identify(.) by extension 'colcon_pkg'
[0.122s] Level 1:colcon.colcon_core.package_identification:_identify(.) by extensions ['colcon_meta']
[0.122s] Level 1:colcon.colcon_core.package_identification:_identify(.) by extension 'colcon_meta'
[0.122s] Level 1:colcon.colcon_core.package_identification:_identify(.) by extensions ['ros']
[0.122s] Level 1:colcon.colcon_core.package_identification:_identify(.) by extension 'ros'
[0.127s] Level 1:colcon.colcon_core.package_identification:_identify(.) by extensions ['cmake', 'python']
[0.127s] Level 1:colcon.colcon_core.package_identification:_identify(.) by extension 'cmake'
[0.127s] Level 1:colcon.colcon_core.package_identification:_identify(.) by extension 'python'
[0.127s] Level 1:colcon.colcon_core.package_identification:_identify(.) by extensions ['python_setup_py']
[0.127s] Level 1:colcon.colcon_core.package_identification:_identify(.) by extension 'python_setup_py'
[0.127s] Level 1:colcon.colcon_core.package_identification:_identify(build) by extensions ['ignore', 'ignore_ament_install']
[0.127s] Level 1:colcon.colcon_core.package_identification:_identify(build) by extension 'ignore'
[0.127s] Level 1:colcon.colcon_core.package_identification:_identify(build) ignored
[0.127s] Level 1:colcon.colcon_core.package_identification:_identify(install) by extensions ['ignore', 'ignore_ament_install']
[0.127s] Level 1:colcon.colcon_core.package_identification:_identify(install) by extension 'ignore'
[0.127s] Level 1:colcon.colcon_core.package_identification:_identify(install) ignored
[0.127s] Level 1:colcon.colcon_core.package_identification:_identify(log) by extensions ['ignore', 'ignore_ament_install']
[0.127s] Level 1:colcon.colcon_core.package_identification:_identify(log) by extension 'ignore'
[0.127s] Level 1:colcon.colcon_core.package_identification:_identify(log) ignored
[0.127s] Level 1:colcon.colcon_core.package_identification:_identify(src) by extensions ['ignore', 'ignore_ament_install']
[0.127s] Level 1:colcon.colcon_core.package_identification:_identify(src) by extension 'ignore'
[0.127s] Level 1:colcon.colcon_core.package_identification:_identify(src) by extension 'ignore_ament_install'
[0.128s] Level 1:colcon.colcon_core.package_identification:_identify(src) by extensions ['colcon_pkg']
[0.128s] Level 1:colcon.colcon_core.package_identification:_identify(src) by extension 'colcon_pkg'
[0.128s] Level 1:colcon.colcon_core.package_identification:_identify(src) by extensions ['colcon_meta']
[0.128s] Level 1:colcon.colcon_core.package_identification:_identify(src) by extension 'colcon_meta'
[0.128s] Level 1:colcon.colcon_core.package_identification:_identify(src) by extensions ['ros']
[0.128s] Level 1:colcon.colcon_core.package_identification:_identify(src) by extension 'ros'
[0.128s] Level 1:colcon.colcon_core.package_identification:_identify(src) by extensions ['cmake', 'python']
[0.128s] Level 1:colcon.colcon_core.package_identification:_identify(src) by extension 'cmake'
[0.128s] Level 1:colcon.colcon_core.package_identification:_identify(src) by extension 'python'
[0.128s] Level 1:colcon.colcon_core.package_identification:_identify(src) by extensions ['python_setup_py']
[0.128s] Level 1:colcon.colcon_core.package_identification:_identify(src) by extension 'python_setup_py'
[0.128s] Level 1:colcon.colcon_core.package_identification:_identify(src/ros2-ublox-zedf9p) by extensions ['ignore', 'ignore_ament_install']
[0.128s] Level 1:colcon.colcon_core.package_identification:_identify(src/ros2-ublox-zedf9p) by extension 'ignore'
[0.128s] Level 1:colcon.colcon_core.package_identification:_identify(src/ros2-ublox-zedf9p) by extension 'ignore_ament_install'
[0.128s] Level 1:colcon.colcon_core.package_identification:_identify(src/ros2-ublox-zedf9p) by extensions ['colcon_pkg']
[0.128s] Level 1:colcon.colcon_core.package_identification:_identify(src/ros2-ublox-zedf9p) by extension 'colcon_pkg'
[0.128s] Level 1:colcon.colcon_core.package_identification:_identify(src/ros2-ublox-zedf9p) by extensions ['colcon_meta']
[0.128s] Level 1:colcon.colcon_core.package_identification:_identify(src/ros2-ublox-zedf9p) by extension 'colcon_meta'
[0.128s] Level 1:colcon.colcon_core.package_identification:_identify(src/ros2-ublox-zedf9p) by extensions ['ros']
[0.128s] Level 1:colcon.colcon_core.package_identification:_identify(src/ros2-ublox-zedf9p) by extension 'ros'
[0.128s] Level 1:colcon.colcon_core.package_identification:_identify(src/ros2-ublox-zedf9p) by extensions ['cmake', 'python']
[0.128s] Level 1:colcon.colcon_core.package_identification:_identify(src/ros2-ublox-zedf9p) by extension 'cmake'
[0.128s] Level 1:colcon.colcon_core.package_identification:_identify(src/ros2-ublox-zedf9p) by extension 'python'
[0.128s] Level 1:colcon.colcon_core.package_identification:_identify(src/ros2-ublox-zedf9p) by extensions ['python_setup_py']
[0.128s] Level 1:colcon.colcon_core.package_identification:_identify(src/ros2-ublox-zedf9p) by extension 'python_setup_py'
[0.128s] Level 1:colcon.colcon_core.package_identification:_identify(src/ros2-ublox-zedf9p/pics) by extensions ['ignore', 'ignore_ament_install']
[0.128s] Level 1:colcon.colcon_core.package_identification:_identify(src/ros2-ublox-zedf9p/pics) by extension 'ignore'
[0.128s] Level 1:colcon.colcon_core.package_identification:_identify(src/ros2-ublox-zedf9p/pics) by extension 'ignore_ament_install'
[0.128s] Level 1:colcon.colcon_core.package_identification:_identify(src/ros2-ublox-zedf9p/pics) by extensions ['colcon_pkg']
[0.128s] Level 1:colcon.colcon_core.package_identification:_identify(src/ros2-ublox-zedf9p/pics) by extension 'colcon_pkg'
[0.128s] Level 1:colcon.colcon_core.package_identification:_identify(src/ros2-ublox-zedf9p/pics) by extensions ['colcon_meta']
[0.128s] Level 1:colcon.colcon_core.package_identification:_identify(src/ros2-ublox-zedf9p/pics) by extension 'colcon_meta'
[0.128s] Level 1:colcon.colcon_core.package_identification:_identify(src/ros2-ublox-zedf9p/pics) by extensions ['ros']
[0.128s] Level 1:colcon.colcon_core.package_identification:_identify(src/ros2-ublox-zedf9p/pics) by extension 'ros'
[0.128s] Level 1:colcon.colcon_core.package_identification:_identify(src/ros2-ublox-zedf9p/pics) by extensions ['cmake', 'python']
[0.128s] Level 1:colcon.colcon_core.package_identification:_identify(src/ros2-ublox-zedf9p/pics) by extension 'cmake'
[0.128s] Level 1:colcon.colcon_core.package_identification:_identify(src/ros2-ublox-zedf9p/pics) by extension 'python'
[0.128s] Level 1:colcon.colcon_core.package_identification:_identify(src/ros2-ublox-zedf9p/pics) by extensions ['python_setup_py']
[0.128s] Level 1:colcon.colcon_core.package_identification:_identify(src/ros2-ublox-zedf9p/pics) by extension 'python_setup_py'
[0.128s] Level 1:colcon.colcon_core.package_identification:_identify(src/ros2-ublox-zedf9p/ublox) by extensions ['ignore', 'ignore_ament_install']
[0.128s] Level 1:colcon.colcon_core.package_identification:_identify(src/ros2-ublox-zedf9p/ublox) by extension 'ignore'
[0.128s] Level 1:colcon.colcon_core.package_identification:_identify(src/ros2-ublox-zedf9p/ublox) by extension 'ignore_ament_install'
[0.128s] Level 1:colcon.colcon_core.package_identification:_identify(src/ros2-ublox-zedf9p/ublox) by extensions ['colcon_pkg']
[0.128s] Level 1:colcon.colcon_core.package_identification:_identify(src/ros2-ublox-zedf9p/ublox) by extension 'colcon_pkg'
[0.128s] Level 1:colcon.colcon_core.package_identification:_identify(src/ros2-ublox-zedf9p/ublox) by extensions ['colcon_meta']
[0.128s] Level 1:colcon.colcon_core.package_identification:_identify(src/ros2-ublox-zedf9p/ublox) by extension 'colcon_meta'
[0.128s] Level 1:colcon.colcon_core.package_identification:_identify(src/ros2-ublox-zedf9p/ublox) by extensions ['ros']
[0.128s] Level 1:colcon.colcon_core.package_identification:_identify(src/ros2-ublox-zedf9p/ublox) by extension 'ros'
[0.129s] DEBUG:colcon.colcon_core.package_identification:Package 'src/ros2-ublox-zedf9p/ublox' with type 'ros.ament_cmake' and name 'ublox'
[0.130s] Level 1:colcon.colcon_core.package_identification:_identify(src/ros2-ublox-zedf9p/ublox_gps) by extensions ['ignore', 'ignore_ament_install']
[0.130s] Level 1:colcon.colcon_core.package_identification:_identify(src/ros2-ublox-zedf9p/ublox_gps) by extension 'ignore'
[0.130s] Level 1:colcon.colcon_core.package_identification:_identify(src/ros2-ublox-zedf9p/ublox_gps) by extension 'ignore_ament_install'
[0.130s] Level 1:colcon.colcon_core.package_identification:_identify(src/ros2-ublox-zedf9p/ublox_gps) by extensions ['colcon_pkg']
[0.130s] Level 1:colcon.colcon_core.package_identification:_identify(src/ros2-ublox-zedf9p/ublox_gps) by extension 'colcon_pkg'
[0.130s] Level 1:colcon.colcon_core.package_identification:_identify(src/ros2-ublox-zedf9p/ublox_gps) by extensions ['colcon_meta']
[0.130s] Level 1:colcon.colcon_core.package_identification:_identify(src/ros2-ublox-zedf9p/ublox_gps) by extension 'colcon_meta'
[0.130s] Level 1:colcon.colcon_core.package_identification:_identify(src/ros2-ublox-zedf9p/ublox_gps) by extensions ['ros']
[0.130s] Level 1:colcon.colcon_core.package_identification:_identify(src/ros2-ublox-zedf9p/ublox_gps) by extension 'ros'
[0.130s] DEBUG:colcon.colcon_core.package_identification:Package 'src/ros2-ublox-zedf9p/ublox_gps' with type 'ros.ament_cmake' and name 'ublox_gps'
[0.130s] Level 1:colcon.colcon_core.package_identification:_identify(src/ros2-ublox-zedf9p/ublox_msgs) by extensions ['ignore', 'ignore_ament_install']
[0.130s] Level 1:colcon.colcon_core.package_identification:_identify(src/ros2-ublox-zedf9p/ublox_msgs) by extension 'ignore'
[0.130s] Level 1:colcon.colcon_core.package_identification:_identify(src/ros2-ublox-zedf9p/ublox_msgs) by extension 'ignore_ament_install'
[0.131s] Level 1:colcon.colcon_core.package_identification:_identify(src/ros2-ublox-zedf9p/ublox_msgs) by extensions ['colcon_pkg']
[0.131s] Level 1:colcon.colcon_core.package_identification:_identify(src/ros2-ublox-zedf9p/ublox_msgs) by extension 'colcon_pkg'
[0.131s] Level 1:colcon.colcon_core.package_identification:_identify(src/ros2-ublox-zedf9p/ublox_msgs) by extensions ['colcon_meta']
[0.131s] Level 1:colcon.colcon_core.package_identification:_identify(src/ros2-ublox-zedf9p/ublox_msgs) by extension 'colcon_meta'
[0.131s] Level 1:colcon.colcon_core.package_identification:_identify(src/ros2-ublox-zedf9p/ublox_msgs) by extensions ['ros']
[0.131s] Level 1:colcon.colcon_core.package_identification:_identify(src/ros2-ublox-zedf9p/ublox_msgs) by extension 'ros'
[0.131s] DEBUG:colcon.colcon_core.package_identification:Package 'src/ros2-ublox-zedf9p/ublox_msgs' with type 'ros.ament_cmake' and name 'ublox_msgs'
[0.131s] Level 1:colcon.colcon_core.package_identification:_identify(src/ros2-ublox-zedf9p/ublox_serialization) by extensions ['ignore', 'ignore_ament_install']
[0.131s] Level 1:colcon.colcon_core.package_identification:_identify(src/ros2-ublox-zedf9p/ublox_serialization) by extension 'ignore'
[0.131s] Level 1:colcon.colcon_core.package_identification:_identify(src/ros2-ublox-zedf9p/ublox_serialization) by extension 'ignore_ament_install'
[0.131s] Level 1:colcon.colcon_core.package_identification:_identify(src/ros2-ublox-zedf9p/ublox_serialization) by extensions ['colcon_pkg']
[0.131s] Level 1:colcon.colcon_core.package_identification:_identify(src/ros2-ublox-zedf9p/ublox_serialization) by extension 'colcon_pkg'
[0.131s] Level 1:colcon.colcon_core.package_identification:_identify(src/ros2-ublox-zedf9p/ublox_serialization) by extensions ['colcon_meta']
[0.131s] Level 1:colcon.colcon_core.package_identification:_identify(src/ros2-ublox-zedf9p/ublox_serialization) by extension 'colcon_meta'
[0.131s] Level 1:colcon.colcon_core.package_identification:_identify(src/ros2-ublox-zedf9p/ublox_serialization) by extensions ['ros']
[0.131s] Level 1:colcon.colcon_core.package_identification:_identify(src/ros2-ublox-zedf9p/ublox_serialization) by extension 'ros'
[0.131s] DEBUG:colcon.colcon_core.package_identification:Package 'src/ros2-ublox-zedf9p/ublox_serialization' with type 'ros.ament_cmake' and name 'ublox_serialization'
[0.131s] Level 1:colcon.colcon_core.package_discovery:discover_packages(recursive) using defaults
[0.131s] Level 1:colcon.colcon_core.package_discovery:discover_packages(ignore) discover
[0.131s] Level 1:colcon.colcon_core.package_discovery:discover_packages(ignore) using defaults
[0.131s] Level 1:colcon.colcon_core.package_discovery:discover_packages(path) discover
[0.131s] Level 1:colcon.colcon_core.package_discovery:discover_packages(path) using defaults
[0.146s] Level 1:colcon.colcon_core.package_discovery:discover_packages(prefix_path) check parameters
[0.147s] Level 1:colcon.colcon_core.package_discovery:discover_packages(prefix_path) discover
[0.147s] DEBUG:colcon.colcon_installed_package_information.package_discovery:Found 8 installed packages in /home/nuc11/ros2_ws/install
[0.148s] DEBUG:colcon.colcon_installed_package_information.package_discovery:Found 419 installed packages in /opt/ros/humble
[0.149s] Level 1:colcon.colcon_core.package_discovery:discover_packages(prefix_path) using defaults
[0.170s] Level 5:colcon.colcon_core.verb:set package 'ublox_serialization' build argument 'cmake_args' from command line to 'None'
[0.170s] Level 5:colcon.colcon_core.verb:set package 'ublox_serialization' build argument 'cmake_target' from command line to 'None'
[0.170s] Level 5:colcon.colcon_core.verb:set package 'ublox_serialization' build argument 'cmake_target_skip_unavailable' from command line to 'False'
[0.170s] Level 5:colcon.colcon_core.verb:set package 'ublox_serialization' build argument 'cmake_clean_cache' from command line to 'False'
[0.171s] Level 5:colcon.colcon_core.verb:set package 'ublox_serialization' build argument 'cmake_clean_first' from command line to 'False'
[0.171s] Level 5:colcon.colcon_core.verb:set package 'ublox_serialization' build argument 'cmake_force_configure' from command line to 'False'
[0.171s] Level 5:colcon.colcon_core.verb:set package 'ublox_serialization' build argument 'ament_cmake_args' from command line to 'None'
[0.171s] Level 5:colcon.colcon_core.verb:set package 'ublox_serialization' build argument 'catkin_cmake_args' from command line to 'None'
[0.171s] Level 5:colcon.colcon_core.verb:set package 'ublox_serialization' build argument 'catkin_skip_building_tests' from command line to 'False'
[0.171s] DEBUG:colcon.colcon_core.verb:Building package 'ublox_serialization' with the following arguments: {'ament_cmake_args': None, 'build_base': '/home/nuc11/ublox_ws/build/ublox_serialization', 'catkin_cmake_args': None, 'catkin_skip_building_tests': False, 'cmake_args': None, 'cmake_clean_cache': False, 'cmake_clean_first': False, 'cmake_force_configure': False, 'cmake_target': None, 'cmake_target_skip_unavailable': False, 'install_base': '/home/nuc11/ublox_ws/install/ublox_serialization', 'merge_install': False, 'path': '/home/nuc11/ublox_ws/src/ros2-ublox-zedf9p/ublox_serialization', 'symlink_install': True, 'test_result_base': None}
[0.171s] Level 5:colcon.colcon_core.verb:set package 'ublox_msgs' build argument 'cmake_args' from command line to 'None'
[0.171s] Level 5:colcon.colcon_core.verb:set package 'ublox_msgs' build argument 'cmake_target' from command line to 'None'
[0.171s] Level 5:colcon.colcon_core.verb:set package 'ublox_msgs' build argument 'cmake_target_skip_unavailable' from command line to 'False'
[0.171s] Level 5:colcon.colcon_core.verb:set package 'ublox_msgs' build argument 'cmake_clean_cache' from command line to 'False'
[0.171s] Level 5:colcon.colcon_core.verb:set package 'ublox_msgs' build argument 'cmake_clean_first' from command line to 'False'
[0.171s] Level 5:colcon.colcon_core.verb:set package 'ublox_msgs' build argument 'cmake_force_configure' from command line to 'False'
[0.171s] Level 5:colcon.colcon_core.verb:set package 'ublox_msgs' build argument 'ament_cmake_args' from command line to 'None'
[0.171s] Level 5:colcon.colcon_core.verb:set package 'ublox_msgs' build argument 'catkin_cmake_args' from command line to 'None'
[0.171s] Level 5:colcon.colcon_core.verb:set package 'ublox_msgs' build argument 'catkin_skip_building_tests' from command line to 'False'
[0.171s] DEBUG:colcon.colcon_core.verb:Building package 'ublox_msgs' with the following arguments: {'ament_cmake_args': None, 'build_base': '/home/nuc11/ublox_ws/build/ublox_msgs', 'catkin_cmake_args': None, 'catkin_skip_building_tests': False, 'cmake_args': None, 'cmake_clean_cache': False, 'cmake_clean_first': False, 'cmake_force_configure': False, 'cmake_target': None, 'cmake_target_skip_unavailable': False, 'install_base': '/home/nuc11/ublox_ws/install/ublox_msgs', 'merge_install': False, 'path': '/home/nuc11/ublox_ws/src/ros2-ublox-zedf9p/ublox_msgs', 'symlink_install': True, 'test_result_base': None}
[0.171s] Level 5:colcon.colcon_core.verb:set package 'ublox_gps' build argument 'cmake_args' from command line to 'None'
[0.171s] Level 5:colcon.colcon_core.verb:set package 'ublox_gps' build argument 'cmake_target' from command line to 'None'
[0.171s] Level 5:colcon.colcon_core.verb:set package 'ublox_gps' build argument 'cmake_target_skip_unavailable' from command line to 'False'
[0.171s] Level 5:colcon.colcon_core.verb:set package 'ublox_gps' build argument 'cmake_clean_cache' from command line to 'False'
[0.171s] Level 5:colcon.colcon_core.verb:set package 'ublox_gps' build argument 'cmake_clean_first' from command line to 'False'
[0.171s] Level 5:colcon.colcon_core.verb:set package 'ublox_gps' build argument 'cmake_force_configure' from command line to 'False'
[0.171s] Level 5:colcon.colcon_core.verb:set package 'ublox_gps' build argument 'ament_cmake_args' from command line to 'None'
[0.171s] Level 5:colcon.colcon_core.verb:set package 'ublox_gps' build argument 'catkin_cmake_args' from command line to 'None'
[0.171s] Level 5:colcon.colcon_core.verb:set package 'ublox_gps' build argument 'catkin_skip_building_tests' from command line to 'False'
[0.171s] DEBUG:colcon.colcon_core.verb:Building package 'ublox_gps' with the following arguments: {'ament_cmake_args': None, 'build_base': '/home/nuc11/ublox_ws/build/ublox_gps', 'catkin_cmake_args': None, 'catkin_skip_building_tests': False, 'cmake_args': None, 'cmake_clean_cache': False, 'cmake_clean_first': False, 'cmake_force_configure': False, 'cmake_target': None, 'cmake_target_skip_unavailable': False, 'install_base': '/home/nuc11/ublox_ws/install/ublox_gps', 'merge_install': False, 'path': '/home/nuc11/ublox_ws/src/ros2-ublox-zedf9p/ublox_gps', 'symlink_install': True, 'test_result_base': None}
[0.171s] Level 5:colcon.colcon_core.verb:set package 'ublox' build argument 'cmake_args' from command line to 'None'
[0.171s] Level 5:colcon.colcon_core.verb:set package 'ublox' build argument 'cmake_target' from command line to 'None'
[0.171s] Level 5:colcon.colcon_core.verb:set package 'ublox' build argument 'cmake_target_skip_unavailable' from command line to 'False'
[0.171s] Level 5:colcon.colcon_core.verb:set package 'ublox' build argument 'cmake_clean_cache' from command line to 'False'
[0.171s] Level 5:colcon.colcon_core.verb:set package 'ublox' build argument 'cmake_clean_first' from command line to 'False'
[0.171s] Level 5:colcon.colcon_core.verb:set package 'ublox' build argument 'cmake_force_configure' from command line to 'False'
[0.171s] Level 5:colcon.colcon_core.verb:set package 'ublox' build argument 'ament_cmake_args' from command line to 'None'
[0.171s] Level 5:colcon.colcon_core.verb:set package 'ublox' build argument 'catkin_cmake_args' from command line to 'None'
[0.171s] Level 5:colcon.colcon_core.verb:set package 'ublox' build argument 'catkin_skip_building_tests' from command line to 'False'
[0.171s] DEBUG:colcon.colcon_core.verb:Building package 'ublox' with the following arguments: {'ament_cmake_args': None, 'build_base': '/home/nuc11/ublox_ws/build/ublox', 'catkin_cmake_args': None, 'catkin_skip_building_tests': False, 'cmake_args': None, 'cmake_clean_cache': False, 'cmake_clean_first': False, 'cmake_force_configure': False, 'cmake_target': None, 'cmake_target_skip_unavailable': False, 'install_base': '/home/nuc11/ublox_ws/install/ublox', 'merge_install': False, 'path': '/home/nuc11/ublox_ws/src/ros2-ublox-zedf9p/ublox', 'symlink_install': True, 'test_result_base': None}
[0.171s] INFO:colcon.colcon_core.executor:Executing jobs using 'parallel' executor
[0.172s] DEBUG:colcon.colcon_parallel_executor.executor.parallel:run_until_complete
[0.172s] INFO:colcon.colcon_ros.task.ament_cmake.build:Building ROS package in '/home/nuc11/ublox_ws/src/ros2-ublox-zedf9p/ublox_serialization' with build type 'ament_cmake'
[0.172s] INFO:colcon.colcon_cmake.task.cmake.build:Building CMake package in '/home/nuc11/ublox_ws/src/ros2-ublox-zedf9p/ublox_serialization'
[0.173s] INFO:colcon.colcon_core.plugin_system:Skipping extension 'colcon_core.shell.bat': Not used on non-Windows systems
[0.173s] INFO:colcon.colcon_core.shell:Skip shell extension 'powershell' for command environment: Not usable outside of PowerShell
[0.173s] DEBUG:colcon.colcon_core.shell:Skip shell extension 'dsv' for command environment
[0.179s] DEBUG:colcon.colcon_core.event_handler.log_command:Invoking command in '/home/nuc11/ublox_ws/build/ublox_serialization': CMAKE_PREFIX_PATH=${CMAKE_PREFIX_PATH}:/home/nuc11/ros2_ws/install/point_cloud_downsampling:/opt/ros/humble /usr/bin/cmake /home/nuc11/ublox_ws/src/ros2-ublox-zedf9p/ublox_serialization -DAMENT_CMAKE_SYMLINK_INSTALL=1 -DCMAKE_INSTALL_PREFIX=/home/nuc11/ublox_ws/install/ublox_serialization
[0.629s] DEBUG:colcon.colcon_core.event_handler.log_command:Invoked command in '/home/nuc11/ublox_ws/build/ublox_serialization' returned '0': CMAKE_PREFIX_PATH=${CMAKE_PREFIX_PATH}:/home/nuc11/ros2_ws/install/point_cloud_downsampling:/opt/ros/humble /usr/bin/cmake /home/nuc11/ublox_ws/src/ros2-ublox-zedf9p/ublox_serialization -DAMENT_CMAKE_SYMLINK_INSTALL=1 -DCMAKE_INSTALL_PREFIX=/home/nuc11/ublox_ws/install/ublox_serialization
[0.631s] DEBUG:colcon.colcon_core.event_handler.log_command:Invoking command in '/home/nuc11/ublox_ws/build/ublox_serialization': CMAKE_PREFIX_PATH=${CMAKE_PREFIX_PATH}:/home/nuc11/ros2_ws/install/point_cloud_downsampling:/opt/ros/humble /usr/bin/cmake --build /home/nuc11/ublox_ws/build/ublox_serialization -- -j16 -l16
[0.657s] DEBUG:colcon.colcon_core.event_handler.log_command:Invoked command in '/home/nuc11/ublox_ws/build/ublox_serialization' returned '0': CMAKE_PREFIX_PATH=${CMAKE_PREFIX_PATH}:/home/nuc11/ros2_ws/install/point_cloud_downsampling:/opt/ros/humble /usr/bin/cmake --build /home/nuc11/ublox_ws/build/ublox_serialization -- -j16 -l16
[0.662s] DEBUG:colcon.colcon_core.event_handler.log_command:Invoking command in '/home/nuc11/ublox_ws/build/ublox_serialization': CMAKE_PREFIX_PATH=${CMAKE_PREFIX_PATH}:/home/nuc11/ros2_ws/install/point_cloud_downsampling:/opt/ros/humble /usr/bin/cmake --install /home/nuc11/ublox_ws/build/ublox_serialization
[0.762s] Level 1:colcon.colcon_core.environment:create_environment_scripts_only(ublox_serialization)
[0.763s] DEBUG:colcon.colcon_core.event_handler.log_command:Invoked command in '/home/nuc11/ublox_ws/build/ublox_serialization' returned '0': CMAKE_PREFIX_PATH=${CMAKE_PREFIX_PATH}:/home/nuc11/ros2_ws/install/point_cloud_downsampling:/opt/ros/humble /usr/bin/cmake --install /home/nuc11/ublox_ws/build/ublox_serialization
[0.764s] Level 1:colcon.colcon_core.environment:checking '/home/nuc11/ublox_ws/install/ublox_serialization' for CMake module files
[0.764s] Level 1:colcon.colcon_core.environment:checking '/home/nuc11/ublox_ws/install/ublox_serialization' for CMake config files
[0.764s] Level 1:colcon.colcon_core.shell:create_environment_hook('ublox_serialization', 'cmake_prefix_path')
[0.764s] INFO:colcon.colcon_core.shell:Creating environment hook '/home/nuc11/ublox_ws/install/ublox_serialization/share/ublox_serialization/hook/cmake_prefix_path.ps1'
[0.764s] INFO:colcon.colcon_core.shell:Creating environment descriptor '/home/nuc11/ublox_ws/install/ublox_serialization/share/ublox_serialization/hook/cmake_prefix_path.dsv'
[0.765s] INFO:colcon.colcon_core.shell:Creating environment hook '/home/nuc11/ublox_ws/install/ublox_serialization/share/ublox_serialization/hook/cmake_prefix_path.sh'
[0.765s] Level 1:colcon.colcon_core.environment:checking '/home/nuc11/ublox_ws/install/ublox_serialization/bin'
[0.765s] Level 1:colcon.colcon_core.environment:checking '/home/nuc11/ublox_ws/install/ublox_serialization/lib/pkgconfig/ublox_serialization.pc'
[0.765s] Level 1:colcon.colcon_core.environment:checking '/home/nuc11/ublox_ws/install/ublox_serialization/lib/python3.10/site-packages'
[0.765s] Level 1:colcon.colcon_core.environment:checking '/home/nuc11/ublox_ws/install/ublox_serialization/bin'
[0.765s] INFO:colcon.colcon_core.shell:Creating package script '/home/nuc11/ublox_ws/install/ublox_serialization/share/ublox_serialization/package.ps1'
[0.766s] INFO:colcon.colcon_core.shell:Creating package descriptor '/home/nuc11/ublox_ws/install/ublox_serialization/share/ublox_serialization/package.dsv'
[0.766s] INFO:colcon.colcon_core.shell:Creating package script '/home/nuc11/ublox_ws/install/ublox_serialization/share/ublox_serialization/package.sh'
[0.766s] INFO:colcon.colcon_core.shell:Creating package script '/home/nuc11/ublox_ws/install/ublox_serialization/share/ublox_serialization/package.bash'
[0.766s] INFO:colcon.colcon_core.shell:Creating package script '/home/nuc11/ublox_ws/install/ublox_serialization/share/ublox_serialization/package.zsh'
[0.767s] Level 1:colcon.colcon_core.environment:create_file_with_runtime_dependencies(/home/nuc11/ublox_ws/install/ublox_serialization/share/colcon-core/packages/ublox_serialization)
[0.767s] Level 1:colcon.colcon_core.environment:create_environment_scripts_only(ublox_serialization)
[0.767s] Level 1:colcon.colcon_core.environment:checking '/home/nuc11/ublox_ws/install/ublox_serialization' for CMake module files
[0.767s] Level 1:colcon.colcon_core.environment:checking '/home/nuc11/ublox_ws/install/ublox_serialization' for CMake config files
[0.767s] Level 1:colcon.colcon_core.shell:create_environment_hook('ublox_serialization', 'cmake_prefix_path')
[0.768s] INFO:colcon.colcon_core.shell:Creating environment hook '/home/nuc11/ublox_ws/install/ublox_serialization/share/ublox_serialization/hook/cmake_prefix_path.ps1'
[0.768s] INFO:colcon.colcon_core.shell:Creating environment descriptor '/home/nuc11/ublox_ws/install/ublox_serialization/share/ublox_serialization/hook/cmake_prefix_path.dsv'
[0.768s] INFO:colcon.colcon_core.shell:Creating environment hook '/home/nuc11/ublox_ws/install/ublox_serialization/share/ublox_serialization/hook/cmake_prefix_path.sh'
[0.768s] Level 1:colcon.colcon_core.environment:checking '/home/nuc11/ublox_ws/install/ublox_serialization/bin'
[0.768s] Level 1:colcon.colcon_core.environment:checking '/home/nuc11/ublox_ws/install/ublox_serialization/lib/pkgconfig/ublox_serialization.pc'
[0.768s] Level 1:colcon.colcon_core.environment:checking '/home/nuc11/ublox_ws/install/ublox_serialization/lib/python3.10/site-packages'
[0.768s] Level 1:colcon.colcon_core.environment:checking '/home/nuc11/ublox_ws/install/ublox_serialization/bin'
[0.768s] INFO:colcon.colcon_core.shell:Creating package script '/home/nuc11/ublox_ws/install/ublox_serialization/share/ublox_serialization/package.ps1'
[0.769s] INFO:colcon.colcon_core.shell:Creating package descriptor '/home/nuc11/ublox_ws/install/ublox_serialization/share/ublox_serialization/package.dsv'
[0.769s] INFO:colcon.colcon_core.shell:Creating package script '/home/nuc11/ublox_ws/install/ublox_serialization/share/ublox_serialization/package.sh'
[0.769s] INFO:colcon.colcon_core.shell:Creating package script '/home/nuc11/ublox_ws/install/ublox_serialization/share/ublox_serialization/package.bash'
[0.769s] INFO:colcon.colcon_core.shell:Creating package script '/home/nuc11/ublox_ws/install/ublox_serialization/share/ublox_serialization/package.zsh'
[0.769s] Level 1:colcon.colcon_core.environment:create_file_with_runtime_dependencies(/home/nuc11/ublox_ws/install/ublox_serialization/share/colcon-core/packages/ublox_serialization)
[0.769s] INFO:colcon.colcon_ros.task.ament_cmake.build:Building ROS package in '/home/nuc11/ublox_ws/src/ros2-ublox-zedf9p/ublox_msgs' with build type 'ament_cmake'
[0.769s] INFO:colcon.colcon_cmake.task.cmake.build:Building CMake package in '/home/nuc11/ublox_ws/src/ros2-ublox-zedf9p/ublox_msgs'
[0.770s] INFO:colcon.colcon_core.shell:Skip shell extension 'powershell' for command environment: Not usable outside of PowerShell
[0.770s] DEBUG:colcon.colcon_core.shell:Skip shell extension 'dsv' for command environment
[0.774s] DEBUG:colcon.colcon_core.event_handler.log_command:Invoking command in '/home/nuc11/ublox_ws/build/ublox_msgs': AMENT_PREFIX_PATH=/home/nuc11/ublox_ws/install/ublox_serialization:${AMENT_PREFIX_PATH} CMAKE_PREFIX_PATH=/home/nuc11/ublox_ws/install/ublox_serialization:/home/nuc11/ros2_ws/install/multisense_ros:/home/nuc11/ros2_ws/install/xacro:/home/nuc11/ros2_ws/install/segway_msgs:/home/nuc11/ros2_ws/install/ouster_ros:/home/nuc11/ros2_ws/install/ouster_sensor_msgs:/home/nuc11/ros2_ws/install/multisense_msgs:/home/nuc11/ros2_ws/install/multisense_lib:/home/nuc11/ros2_ws/install/point_cloud_downsampling:/opt/ros/humble /usr/bin/cmake /home/nuc11/ublox_ws/src/ros2-ublox-zedf9p/ublox_msgs -DAMENT_CMAKE_SYMLINK_INSTALL=1 -DCMAKE_INSTALL_PREFIX=/home/nuc11/ublox_ws/install/ublox_msgs
[2.209s] DEBUG:colcon.colcon_core.event_handler.log_command:Invoked command in '/home/nuc11/ublox_ws/build/ublox_msgs' returned '0': AMENT_PREFIX_PATH=/home/nuc11/ublox_ws/install/ublox_serialization:${AMENT_PREFIX_PATH} CMAKE_PREFIX_PATH=/home/nuc11/ublox_ws/install/ublox_serialization:/home/nuc11/ros2_ws/install/multisense_ros:/home/nuc11/ros2_ws/install/xacro:/home/nuc11/ros2_ws/install/segway_msgs:/home/nuc11/ros2_ws/install/ouster_ros:/home/nuc11/ros2_ws/install/ouster_sensor_msgs:/home/nuc11/ros2_ws/install/multisense_msgs:/home/nuc11/ros2_ws/install/multisense_lib:/home/nuc11/ros2_ws/install/point_cloud_downsampling:/opt/ros/humble /usr/bin/cmake /home/nuc11/ublox_ws/src/ros2-ublox-zedf9p/ublox_msgs -DAMENT_CMAKE_SYMLINK_INSTALL=1 -DCMAKE_INSTALL_PREFIX=/home/nuc11/ublox_ws/install/ublox_msgs
[2.209s] DEBUG:colcon.colcon_core.event_handler.log_command:Invoking command in '/home/nuc11/ublox_ws/build/ublox_msgs': AMENT_PREFIX_PATH=/home/nuc11/ublox_ws/install/ublox_serialization:${AMENT_PREFIX_PATH} CMAKE_PREFIX_PATH=/home/nuc11/ublox_ws/install/ublox_serialization:/home/nuc11/ros2_ws/install/multisense_ros:/home/nuc11/ros2_ws/install/xacro:/home/nuc11/ros2_ws/install/segway_msgs:/home/nuc11/ros2_ws/install/ouster_ros:/home/nuc11/ros2_ws/install/ouster_sensor_msgs:/home/nuc11/ros2_ws/install/multisense_msgs:/home/nuc11/ros2_ws/install/multisense_lib:/home/nuc11/ros2_ws/install/point_cloud_downsampling:/opt/ros/humble /usr/bin/cmake --build /home/nuc11/ublox_ws/build/ublox_msgs -- -j16 -l16
[69.606s] DEBUG:colcon.colcon_core.event_handler.log_command:Invoked command in '/home/nuc11/ublox_ws/build/ublox_msgs' returned '0': AMENT_PREFIX_PATH=/home/nuc11/ublox_ws/install/ublox_serialization:${AMENT_PREFIX_PATH} CMAKE_PREFIX_PATH=/home/nuc11/ublox_ws/install/ublox_serialization:/home/nuc11/ros2_ws/install/multisense_ros:/home/nuc11/ros2_ws/install/xacro:/home/nuc11/ros2_ws/install/segway_msgs:/home/nuc11/ros2_ws/install/ouster_ros:/home/nuc11/ros2_ws/install/ouster_sensor_msgs:/home/nuc11/ros2_ws/install/multisense_msgs:/home/nuc11/ros2_ws/install/multisense_lib:/home/nuc11/ros2_ws/install/point_cloud_downsampling:/opt/ros/humble /usr/bin/cmake --build /home/nuc11/ublox_ws/build/ublox_msgs -- -j16 -l16
[69.608s] DEBUG:colcon.colcon_core.event_handler.log_command:Invoking command in '/home/nuc11/ublox_ws/build/ublox_msgs': AMENT_PREFIX_PATH=/home/nuc11/ublox_ws/install/ublox_serialization:${AMENT_PREFIX_PATH} CMAKE_PREFIX_PATH=/home/nuc11/ublox_ws/install/ublox_serialization:/home/nuc11/ros2_ws/install/multisense_ros:/home/nuc11/ros2_ws/install/xacro:/home/nuc11/ros2_ws/install/segway_msgs:/home/nuc11/ros2_ws/install/ouster_ros:/home/nuc11/ros2_ws/install/ouster_sensor_msgs:/home/nuc11/ros2_ws/install/multisense_msgs:/home/nuc11/ros2_ws/install/multisense_lib:/home/nuc11/ros2_ws/install/point_cloud_downsampling:/opt/ros/humble /usr/bin/cmake --install /home/nuc11/ublox_ws/build/ublox_msgs
[76.645s] Level 1:colcon.colcon_core.environment:create_environment_scripts_only(ublox_msgs)
[76.646s] Level 1:colcon.colcon_core.environment:checking '/home/nuc11/ublox_ws/install/ublox_msgs' for CMake module files
[76.646s] DEBUG:colcon.colcon_core.event_handler.log_command:Invoked command in '/home/nuc11/ublox_ws/build/ublox_msgs' returned '0': AMENT_PREFIX_PATH=/home/nuc11/ublox_ws/install/ublox_serialization:${AMENT_PREFIX_PATH} CMAKE_PREFIX_PATH=/home/nuc11/ublox_ws/install/ublox_serialization:/home/nuc11/ros2_ws/install/multisense_ros:/home/nuc11/ros2_ws/install/xacro:/home/nuc11/ros2_ws/install/segway_msgs:/home/nuc11/ros2_ws/install/ouster_ros:/home/nuc11/ros2_ws/install/ouster_sensor_msgs:/home/nuc11/ros2_ws/install/multisense_msgs:/home/nuc11/ros2_ws/install/multisense_lib:/home/nuc11/ros2_ws/install/point_cloud_downsampling:/opt/ros/humble /usr/bin/cmake --install /home/nuc11/ublox_ws/build/ublox_msgs
[76.646s] Level 1:colcon.colcon_core.environment:checking '/home/nuc11/ublox_ws/install/ublox_msgs' for CMake config files
[76.650s] Level 1:colcon.colcon_core.shell:create_environment_hook('ublox_msgs', 'cmake_prefix_path')
[76.650s] INFO:colcon.colcon_core.shell:Creating environment hook '/home/nuc11/ublox_ws/install/ublox_msgs/share/ublox_msgs/hook/cmake_prefix_path.ps1'
[76.650s] INFO:colcon.colcon_core.shell:Creating environment descriptor '/home/nuc11/ublox_ws/install/ublox_msgs/share/ublox_msgs/hook/cmake_prefix_path.dsv'
[76.650s] INFO:colcon.colcon_core.shell:Creating environment hook '/home/nuc11/ublox_ws/install/ublox_msgs/share/ublox_msgs/hook/cmake_prefix_path.sh'
[76.651s] Level 1:colcon.colcon_core.environment:checking '/home/nuc11/ublox_ws/install/ublox_msgs/lib'
[76.651s] Level 1:colcon.colcon_core.shell:create_environment_hook('ublox_msgs', 'ld_library_path_lib')
[76.651s] INFO:colcon.colcon_core.shell:Creating environment hook '/home/nuc11/ublox_ws/install/ublox_msgs/share/ublox_msgs/hook/ld_library_path_lib.ps1'
[76.651s] INFO:colcon.colcon_core.shell:Creating environment descriptor '/home/nuc11/ublox_ws/install/ublox_msgs/share/ublox_msgs/hook/ld_library_path_lib.dsv'
[76.651s] INFO:colcon.colcon_core.shell:Creating environment hook '/home/nuc11/ublox_ws/install/ublox_msgs/share/ublox_msgs/hook/ld_library_path_lib.sh'
[76.651s] Level 1:colcon.colcon_core.environment:checking '/home/nuc11/ublox_ws/install/ublox_msgs/bin'
[76.651s] Level 1:colcon.colcon_core.environment:checking '/home/nuc11/ublox_ws/install/ublox_msgs/lib/pkgconfig/ublox_msgs.pc'
[76.651s] Level 1:colcon.colcon_core.environment:checking '/home/nuc11/ublox_ws/install/ublox_msgs/lib/python3.10/site-packages'
[76.651s] Level 1:colcon.colcon_core.environment:checking '/home/nuc11/ublox_ws/install/ublox_msgs/bin'
[76.652s] INFO:colcon.colcon_core.shell:Creating package script '/home/nuc11/ublox_ws/install/ublox_msgs/share/ublox_msgs/package.ps1'
[76.652s] INFO:colcon.colcon_core.shell:Creating package descriptor '/home/nuc11/ublox_ws/install/ublox_msgs/share/ublox_msgs/package.dsv'
[76.652s] INFO:colcon.colcon_core.shell:Creating package script '/home/nuc11/ublox_ws/install/ublox_msgs/share/ublox_msgs/package.sh'
[76.652s] INFO:colcon.colcon_core.shell:Creating package script '/home/nuc11/ublox_ws/install/ublox_msgs/share/ublox_msgs/package.bash'
[76.652s] INFO:colcon.colcon_core.shell:Creating package script '/home/nuc11/ublox_ws/install/ublox_msgs/share/ublox_msgs/package.zsh'
[76.652s] Level 1:colcon.colcon_core.environment:create_file_with_runtime_dependencies(/home/nuc11/ublox_ws/install/ublox_msgs/share/colcon-core/packages/ublox_msgs)
[76.653s] Level 1:colcon.colcon_core.environment:create_environment_scripts_only(ublox_msgs)
[76.653s] Level 1:colcon.colcon_core.environment:checking '/home/nuc11/ublox_ws/install/ublox_msgs' for CMake module files
[76.653s] Level 1:colcon.colcon_core.environment:checking '/home/nuc11/ublox_ws/install/ublox_msgs' for CMake config files
[76.656s] Level 1:colcon.colcon_core.shell:create_environment_hook('ublox_msgs', 'cmake_prefix_path')
[76.656s] INFO:colcon.colcon_core.shell:Creating environment hook '/home/nuc11/ublox_ws/install/ublox_msgs/share/ublox_msgs/hook/cmake_prefix_path.ps1'
[76.656s] INFO:colcon.colcon_core.shell:Creating environment descriptor '/home/nuc11/ublox_ws/install/ublox_msgs/share/ublox_msgs/hook/cmake_prefix_path.dsv'
[76.656s] INFO:colcon.colcon_core.shell:Creating environment hook '/home/nuc11/ublox_ws/install/ublox_msgs/share/ublox_msgs/hook/cmake_prefix_path.sh'
[76.657s] Level 1:colcon.colcon_core.environment:checking '/home/nuc11/ublox_ws/install/ublox_msgs/lib'
[76.657s] Level 1:colcon.colcon_core.shell:create_environment_hook('ublox_msgs', 'ld_library_path_lib')
[76.657s] INFO:colcon.colcon_core.shell:Creating environment hook '/home/nuc11/ublox_ws/install/ublox_msgs/share/ublox_msgs/hook/ld_library_path_lib.ps1'
[76.657s] INFO:colcon.colcon_core.shell:Creating environment descriptor '/home/nuc11/ublox_ws/install/ublox_msgs/share/ublox_msgs/hook/ld_library_path_lib.dsv'
[76.657s] INFO:colcon.colcon_core.shell:Creating environment hook '/home/nuc11/ublox_ws/install/ublox_msgs/share/ublox_msgs/hook/ld_library_path_lib.sh'
[76.657s] Level 1:colcon.colcon_core.environment:checking '/home/nuc11/ublox_ws/install/ublox_msgs/bin'
[76.657s] Level 1:colcon.colcon_core.environment:checking '/home/nuc11/ublox_ws/install/ublox_msgs/lib/pkgconfig/ublox_msgs.pc'
[76.657s] Level 1:colcon.colcon_core.environment:checking '/home/nuc11/ublox_ws/install/ublox_msgs/lib/python3.10/site-packages'
[76.657s] Level 1:colcon.colcon_core.environment:checking '/home/nuc11/ublox_ws/install/ublox_msgs/bin'
[76.657s] INFO:colcon.colcon_core.shell:Creating package script '/home/nuc11/ublox_ws/install/ublox_msgs/share/ublox_msgs/package.ps1'
[76.658s] INFO:colcon.colcon_core.shell:Creating package descriptor '/home/nuc11/ublox_ws/install/ublox_msgs/share/ublox_msgs/package.dsv'
[76.658s] INFO:colcon.colcon_core.shell:Creating package script '/home/nuc11/ublox_ws/install/ublox_msgs/share/ublox_msgs/package.sh'
[76.658s] INFO:colcon.colcon_core.shell:Creating package script '/home/nuc11/ublox_ws/install/ublox_msgs/share/ublox_msgs/package.bash'
[76.658s] INFO:colcon.colcon_core.shell:Creating package script '/home/nuc11/ublox_ws/install/ublox_msgs/share/ublox_msgs/package.zsh'
[76.658s] Level 1:colcon.colcon_core.environment:create_file_with_runtime_dependencies(/home/nuc11/ublox_ws/install/ublox_msgs/share/colcon-core/packages/ublox_msgs)
[76.659s] INFO:colcon.colcon_ros.task.ament_cmake.build:Building ROS package in '/home/nuc11/ublox_ws/src/ros2-ublox-zedf9p/ublox_gps' with build type 'ament_cmake'
[76.659s] INFO:colcon.colcon_cmake.task.cmake.build:Building CMake package in '/home/nuc11/ublox_ws/src/ros2-ublox-zedf9p/ublox_gps'
[76.659s] INFO:colcon.colcon_core.shell:Skip shell extension 'powershell' for command environment: Not usable outside of PowerShell
[76.659s] DEBUG:colcon.colcon_core.shell:Skip shell extension 'dsv' for command environment
[76.666s] DEBUG:colcon.colcon_core.event_handler.log_command:Invoking command in '/home/nuc11/ublox_ws/build/ublox_gps': AMENT_PREFIX_PATH=/home/nuc11/ublox_ws/install/ublox_msgs:/home/nuc11/ublox_ws/install/ublox_serialization:${AMENT_PREFIX_PATH} CMAKE_PREFIX_PATH=/home/nuc11/ublox_ws/install/ublox_msgs:/home/nuc11/ublox_ws/install/ublox_serialization:/home/nuc11/ros2_ws/install/multisense_ros:/home/nuc11/ros2_ws/install/xacro:/home/nuc11/ros2_ws/install/segway_msgs:/home/nuc11/ros2_ws/install/ouster_ros:/home/nuc11/ros2_ws/install/ouster_sensor_msgs:/home/nuc11/ros2_ws/install/multisense_msgs:/home/nuc11/ros2_ws/install/multisense_lib:/home/nuc11/ros2_ws/install/point_cloud_downsampling:/opt/ros/humble LD_LIBRARY_PATH=/home/nuc11/ublox_ws/install/ublox_msgs/lib:${LD_LIBRARY_PATH} PYTHONPATH=/home/nuc11/ublox_ws/install/ublox_msgs/local/lib/python3.10/dist-packages:${PYTHONPATH} /usr/bin/cmake /home/nuc11/ublox_ws/src/ros2-ublox-zedf9p/ublox_gps -DAMENT_CMAKE_SYMLINK_INSTALL=1 -DCMAKE_INSTALL_PREFIX=/home/nuc11/ublox_ws/install/ublox_gps
[77.386s] DEBUG:colcon.colcon_core.event_handler.log_command:Invoked command in '/home/nuc11/ublox_ws/build/ublox_gps' returned '0': AMENT_PREFIX_PATH=/home/nuc11/ublox_ws/install/ublox_msgs:/home/nuc11/ublox_ws/install/ublox_serialization:${AMENT_PREFIX_PATH} CMAKE_PREFIX_PATH=/home/nuc11/ublox_ws/install/ublox_msgs:/home/nuc11/ublox_ws/install/ublox_serialization:/home/nuc11/ros2_ws/install/multisense_ros:/home/nuc11/ros2_ws/install/xacro:/home/nuc11/ros2_ws/install/segway_msgs:/home/nuc11/ros2_ws/install/ouster_ros:/home/nuc11/ros2_ws/install/ouster_sensor_msgs:/home/nuc11/ros2_ws/install/multisense_msgs:/home/nuc11/ros2_ws/install/multisense_lib:/home/nuc11/ros2_ws/install/point_cloud_downsampling:/opt/ros/humble LD_LIBRARY_PATH=/home/nuc11/ublox_ws/install/ublox_msgs/lib:${LD_LIBRARY_PATH} PYTHONPATH=/home/nuc11/ublox_ws/install/ublox_msgs/local/lib/python3.10/dist-packages:${PYTHONPATH} /usr/bin/cmake /home/nuc11/ublox_ws/src/ros2-ublox-zedf9p/ublox_gps -DAMENT_CMAKE_SYMLINK_INSTALL=1 -DCMAKE_INSTALL_PREFIX=/home/nuc11/ublox_ws/install/ublox_gps
[77.387s] DEBUG:colcon.colcon_core.event_handler.log_command:Invoking command in '/home/nuc11/ublox_ws/build/ublox_gps': AMENT_PREFIX_PATH=/home/nuc11/ublox_ws/install/ublox_msgs:/home/nuc11/ublox_ws/install/ublox_serialization:${AMENT_PREFIX_PATH} CMAKE_PREFIX_PATH=/home/nuc11/ublox_ws/install/ublox_msgs:/home/nuc11/ublox_ws/install/ublox_serialization:/home/nuc11/ros2_ws/install/multisense_ros:/home/nuc11/ros2_ws/install/xacro:/home/nuc11/ros2_ws/install/segway_msgs:/home/nuc11/ros2_ws/install/ouster_ros:/home/nuc11/ros2_ws/install/ouster_sensor_msgs:/home/nuc11/ros2_ws/install/multisense_msgs:/home/nuc11/ros2_ws/install/multisense_lib:/home/nuc11/ros2_ws/install/point_cloud_downsampling:/opt/ros/humble LD_LIBRARY_PATH=/home/nuc11/ublox_ws/install/ublox_msgs/lib:${LD_LIBRARY_PATH} PYTHONPATH=/home/nuc11/ublox_ws/install/ublox_msgs/local/lib/python3.10/dist-packages:${PYTHONPATH} /usr/bin/cmake --build /home/nuc11/ublox_ws/build/ublox_gps -- -j16 -l16
[99.002s] DEBUG:colcon.colcon_core.event_handler.log_command:Invoked command in '/home/nuc11/ublox_ws/build/ublox_gps' returned '0': AMENT_PREFIX_PATH=/home/nuc11/ublox_ws/install/ublox_msgs:/home/nuc11/ublox_ws/install/ublox_serialization:${AMENT_PREFIX_PATH} CMAKE_PREFIX_PATH=/home/nuc11/ublox_ws/install/ublox_msgs:/home/nuc11/ublox_ws/install/ublox_serialization:/home/nuc11/ros2_ws/install/multisense_ros:/home/nuc11/ros2_ws/install/xacro:/home/nuc11/ros2_ws/install/segway_msgs:/home/nuc11/ros2_ws/install/ouster_ros:/home/nuc11/ros2_ws/install/ouster_sensor_msgs:/home/nuc11/ros2_ws/install/multisense_msgs:/home/nuc11/ros2_ws/install/multisense_lib:/home/nuc11/ros2_ws/install/point_cloud_downsampling:/opt/ros/humble LD_LIBRARY_PATH=/home/nuc11/ublox_ws/install/ublox_msgs/lib:${LD_LIBRARY_PATH} PYTHONPATH=/home/nuc11/ublox_ws/install/ublox_msgs/local/lib/python3.10/dist-packages:${PYTHONPATH} /usr/bin/cmake --build /home/nuc11/ublox_ws/build/ublox_gps -- -j16 -l16
[99.003s] DEBUG:colcon.colcon_core.event_handler.log_command:Invoking command in '/home/nuc11/ublox_ws/build/ublox_gps': AMENT_PREFIX_PATH=/home/nuc11/ublox_ws/install/ublox_msgs:/home/nuc11/ublox_ws/install/ublox_serialization:${AMENT_PREFIX_PATH} CMAKE_PREFIX_PATH=/home/nuc11/ublox_ws/install/ublox_msgs:/home/nuc11/ublox_ws/install/ublox_serialization:/home/nuc11/ros2_ws/install/multisense_ros:/home/nuc11/ros2_ws/install/xacro:/home/nuc11/ros2_ws/install/segway_msgs:/home/nuc11/ros2_ws/install/ouster_ros:/home/nuc11/ros2_ws/install/ouster_sensor_msgs:/home/nuc11/ros2_ws/install/multisense_msgs:/home/nuc11/ros2_ws/install/multisense_lib:/home/nuc11/ros2_ws/install/point_cloud_downsampling:/opt/ros/humble LD_LIBRARY_PATH=/home/nuc11/ublox_ws/install/ublox_msgs/lib:${LD_LIBRARY_PATH} PYTHONPATH=/home/nuc11/ublox_ws/install/ublox_msgs/local/lib/python3.10/dist-packages:${PYTHONPATH} /usr/bin/cmake --install /home/nuc11/ublox_ws/build/ublox_gps
[99.254s] Level 1:colcon.colcon_core.environment:create_environment_scripts_only(ublox_gps)
[99.254s] Level 1:colcon.colcon_core.environment:checking '/home/nuc11/ublox_ws/install/ublox_gps' for CMake module files
[99.254s] DEBUG:colcon.colcon_core.event_handler.log_command:Invoked command in '/home/nuc11/ublox_ws/build/ublox_gps' returned '0': AMENT_PREFIX_PATH=/home/nuc11/ublox_ws/install/ublox_msgs:/home/nuc11/ublox_ws/install/ublox_serialization:${AMENT_PREFIX_PATH} CMAKE_PREFIX_PATH=/home/nuc11/ublox_ws/install/ublox_msgs:/home/nuc11/ublox_ws/install/ublox_serialization:/home/nuc11/ros2_ws/install/multisense_ros:/home/nuc11/ros2_ws/install/xacro:/home/nuc11/ros2_ws/install/segway_msgs:/home/nuc11/ros2_ws/install/ouster_ros:/home/nuc11/ros2_ws/install/ouster_sensor_msgs:/home/nuc11/ros2_ws/install/multisense_msgs:/home/nuc11/ros2_ws/install/multisense_lib:/home/nuc11/ros2_ws/install/point_cloud_downsampling:/opt/ros/humble LD_LIBRARY_PATH=/home/nuc11/ublox_ws/install/ublox_msgs/lib:${LD_LIBRARY_PATH} PYTHONPATH=/home/nuc11/ublox_ws/install/ublox_msgs/local/lib/python3.10/dist-packages:${PYTHONPATH} /usr/bin/cmake --install /home/nuc11/ublox_ws/build/ublox_gps
[99.254s] Level 1:colcon.colcon_core.environment:checking '/home/nuc11/ublox_ws/install/ublox_gps' for CMake config files
[99.254s] Level 1:colcon.colcon_core.shell:create_environment_hook('ublox_gps', 'cmake_prefix_path')
[99.255s] INFO:colcon.colcon_core.shell:Creating environment hook '/home/nuc11/ublox_ws/install/ublox_gps/share/ublox_gps/hook/cmake_prefix_path.ps1'
[99.255s] INFO:colcon.colcon_core.shell:Creating environment descriptor '/home/nuc11/ublox_ws/install/ublox_gps/share/ublox_gps/hook/cmake_prefix_path.dsv'
[99.255s] INFO:colcon.colcon_core.shell:Creating environment hook '/home/nuc11/ublox_ws/install/ublox_gps/share/ublox_gps/hook/cmake_prefix_path.sh'
[99.255s] Level 1:colcon.colcon_core.environment:checking '/home/nuc11/ublox_ws/install/ublox_gps/lib'
[99.255s] Level 1:colcon.colcon_core.shell:create_environment_hook('ublox_gps', 'ld_library_path_lib')
[99.255s] INFO:colcon.colcon_core.shell:Creating environment hook '/home/nuc11/ublox_ws/install/ublox_gps/share/ublox_gps/hook/ld_library_path_lib.ps1'
[99.255s] INFO:colcon.colcon_core.shell:Creating environment descriptor '/home/nuc11/ublox_ws/install/ublox_gps/share/ublox_gps/hook/ld_library_path_lib.dsv'
[99.256s] INFO:colcon.colcon_core.shell:Creating environment hook '/home/nuc11/ublox_ws/install/ublox_gps/share/ublox_gps/hook/ld_library_path_lib.sh'
[99.256s] Level 1:colcon.colcon_core.environment:checking '/home/nuc11/ublox_ws/install/ublox_gps/bin'
[99.256s] Level 1:colcon.colcon_core.environment:checking '/home/nuc11/ublox_ws/install/ublox_gps/lib/pkgconfig/ublox_gps.pc'
[99.256s] Level 1:colcon.colcon_core.environment:checking '/home/nuc11/ublox_ws/install/ublox_gps/lib/python3.10/site-packages'
[99.256s] Level 1:colcon.colcon_core.environment:checking '/home/nuc11/ublox_ws/install/ublox_gps/bin'
[99.256s] INFO:colcon.colcon_core.shell:Creating package script '/home/nuc11/ublox_ws/install/ublox_gps/share/ublox_gps/package.ps1'
[99.256s] INFO:colcon.colcon_core.shell:Creating package descriptor '/home/nuc11/ublox_ws/install/ublox_gps/share/ublox_gps/package.dsv'
[99.256s] INFO:colcon.colcon_core.shell:Creating package script '/home/nuc11/ublox_ws/install/ublox_gps/share/ublox_gps/package.sh'
[99.257s] INFO:colcon.colcon_core.shell:Creating package script '/home/nuc11/ublox_ws/install/ublox_gps/share/ublox_gps/package.bash'
[99.257s] INFO:colcon.colcon_core.shell:Creating package script '/home/nuc11/ublox_ws/install/ublox_gps/share/ublox_gps/package.zsh'
[99.257s] Level 1:colcon.colcon_core.environment:create_file_with_runtime_dependencies(/home/nuc11/ublox_ws/install/ublox_gps/share/colcon-core/packages/ublox_gps)
[99.257s] Level 1:colcon.colcon_core.environment:create_environment_scripts_only(ublox_gps)
[99.257s] Level 1:colcon.colcon_core.environment:checking '/home/nuc11/ublox_ws/install/ublox_gps' for CMake module files
[99.258s] Level 1:colcon.colcon_core.environment:checking '/home/nuc11/ublox_ws/install/ublox_gps' for CMake config files
[99.258s] Level 1:colcon.colcon_core.shell:create_environment_hook('ublox_gps', 'cmake_prefix_path')
[99.258s] INFO:colcon.colcon_core.shell:Creating environment hook '/home/nuc11/ublox_ws/install/ublox_gps/share/ublox_gps/hook/cmake_prefix_path.ps1'
[99.258s] INFO:colcon.colcon_core.shell:Creating environment descriptor '/home/nuc11/ublox_ws/install/ublox_gps/share/ublox_gps/hook/cmake_prefix_path.dsv'
[99.258s] INFO:colcon.colcon_core.shell:Creating environment hook '/home/nuc11/ublox_ws/install/ublox_gps/share/ublox_gps/hook/cmake_prefix_path.sh'
[99.258s] Level 1:colcon.colcon_core.environment:checking '/home/nuc11/ublox_ws/install/ublox_gps/lib'
[99.258s] Level 1:colcon.colcon_core.shell:create_environment_hook('ublox_gps', 'ld_library_path_lib')
[99.258s] INFO:colcon.colcon_core.shell:Creating environment hook '/home/nuc11/ublox_ws/install/ublox_gps/share/ublox_gps/hook/ld_library_path_lib.ps1'
[99.259s] INFO:colcon.colcon_core.shell:Creating environment descriptor '/home/nuc11/ublox_ws/install/ublox_gps/share/ublox_gps/hook/ld_library_path_lib.dsv'
[99.259s] INFO:colcon.colcon_core.shell:Creating environment hook '/home/nuc11/ublox_ws/install/ublox_gps/share/ublox_gps/hook/ld_library_path_lib.sh'
[99.259s] Level 1:colcon.colcon_core.environment:checking '/home/nuc11/ublox_ws/install/ublox_gps/bin'
[99.259s] Level 1:colcon.colcon_core.environment:checking '/home/nuc11/ublox_ws/install/ublox_gps/lib/pkgconfig/ublox_gps.pc'
[99.259s] Level 1:colcon.colcon_core.environment:checking '/home/nuc11/ublox_ws/install/ublox_gps/lib/python3.10/site-packages'
[99.259s] Level 1:colcon.colcon_core.environment:checking '/home/nuc11/ublox_ws/install/ublox_gps/bin'
[99.259s] INFO:colcon.colcon_core.shell:Creating package script '/home/nuc11/ublox_ws/install/ublox_gps/share/ublox_gps/package.ps1'
[99.259s] INFO:colcon.colcon_core.shell:Creating package descriptor '/home/nuc11/ublox_ws/install/ublox_gps/share/ublox_gps/package.dsv'
[99.260s] INFO:colcon.colcon_core.shell:Creating package script '/home/nuc11/ublox_ws/install/ublox_gps/share/ublox_gps/package.sh'
[99.260s] INFO:colcon.colcon_core.shell:Creating package script '/home/nuc11/ublox_ws/install/ublox_gps/share/ublox_gps/package.bash'
[99.260s] INFO:colcon.colcon_core.shell:Creating package script '/home/nuc11/ublox_ws/install/ublox_gps/share/ublox_gps/package.zsh'
[99.260s] Level 1:colcon.colcon_core.environment:create_file_with_runtime_dependencies(/home/nuc11/ublox_ws/install/ublox_gps/share/colcon-core/packages/ublox_gps)
[99.260s] INFO:colcon.colcon_ros.task.ament_cmake.build:Building ROS package in '/home/nuc11/ublox_ws/src/ros2-ublox-zedf9p/ublox' with build type 'ament_cmake'
[99.260s] INFO:colcon.colcon_cmake.task.cmake.build:Building CMake package in '/home/nuc11/ublox_ws/src/ros2-ublox-zedf9p/ublox'
[99.260s] INFO:colcon.colcon_core.shell:Skip shell extension 'powershell' for command environment: Not usable outside of PowerShell
[99.260s] DEBUG:colcon.colcon_core.shell:Skip shell extension 'dsv' for command environment
[99.268s] DEBUG:colcon.colcon_core.event_handler.log_command:Invoking command in '/home/nuc11/ublox_ws/build/ublox': AMENT_PREFIX_PATH=/home/nuc11/ublox_ws/install/ublox_gps:/home/nuc11/ublox_ws/install/ublox_msgs:/home/nuc11/ublox_ws/install/ublox_serialization:${AMENT_PREFIX_PATH} CMAKE_PREFIX_PATH=/home/nuc11/ublox_ws/install/ublox_gps:/home/nuc11/ublox_ws/install/ublox_msgs:/home/nuc11/ublox_ws/install/ublox_serialization:/home/nuc11/ros2_ws/install/multisense_ros:/home/nuc11/ros2_ws/install/xacro:/home/nuc11/ros2_ws/install/segway_msgs:/home/nuc11/ros2_ws/install/ouster_ros:/home/nuc11/ros2_ws/install/ouster_sensor_msgs:/home/nuc11/ros2_ws/install/multisense_msgs:/home/nuc11/ros2_ws/install/multisense_lib:/home/nuc11/ros2_ws/install/point_cloud_downsampling:/opt/ros/humble LD_LIBRARY_PATH=/home/nuc11/ublox_ws/install/ublox_gps/lib:/home/nuc11/ublox_ws/install/ublox_msgs/lib:${LD_LIBRARY_PATH} PYTHONPATH=/home/nuc11/ublox_ws/install/ublox_msgs/local/lib/python3.10/dist-packages:${PYTHONPATH} /usr/bin/cmake /home/nuc11/ublox_ws/src/ros2-ublox-zedf9p/ublox -DAMENT_CMAKE_SYMLINK_INSTALL=1 -DCMAKE_INSTALL_PREFIX=/home/nuc11/ublox_ws/install/ublox
[99.643s] DEBUG:colcon.colcon_core.event_handler.log_command:Invoked command in '/home/nuc11/ublox_ws/build/ublox' returned '0': AMENT_PREFIX_PATH=/home/nuc11/ublox_ws/install/ublox_gps:/home/nuc11/ublox_ws/install/ublox_msgs:/home/nuc11/ublox_ws/install/ublox_serialization:${AMENT_PREFIX_PATH} CMAKE_PREFIX_PATH=/home/nuc11/ublox_ws/install/ublox_gps:/home/nuc11/ublox_ws/install/ublox_msgs:/home/nuc11/ublox_ws/install/ublox_serialization:/home/nuc11/ros2_ws/install/multisense_ros:/home/nuc11/ros2_ws/install/xacro:/home/nuc11/ros2_ws/install/segway_msgs:/home/nuc11/ros2_ws/install/ouster_ros:/home/nuc11/ros2_ws/install/ouster_sensor_msgs:/home/nuc11/ros2_ws/install/multisense_msgs:/home/nuc11/ros2_ws/install/multisense_lib:/home/nuc11/ros2_ws/install/point_cloud_downsampling:/opt/ros/humble LD_LIBRARY_PATH=/home/nuc11/ublox_ws/install/ublox_gps/lib:/home/nuc11/ublox_ws/install/ublox_msgs/lib:${LD_LIBRARY_PATH} PYTHONPATH=/home/nuc11/ublox_ws/install/ublox_msgs/local/lib/python3.10/dist-packages:${PYTHONPATH} /usr/bin/cmake /home/nuc11/ublox_ws/src/ros2-ublox-zedf9p/ublox -DAMENT_CMAKE_SYMLINK_INSTALL=1 -DCMAKE_INSTALL_PREFIX=/home/nuc11/ublox_ws/install/ublox
[99.643s] DEBUG:colcon.colcon_core.event_handler.log_command:Invoking command in '/home/nuc11/ublox_ws/build/ublox': AMENT_PREFIX_PATH=/home/nuc11/ublox_ws/install/ublox_gps:/home/nuc11/ublox_ws/install/ublox_msgs:/home/nuc11/ublox_ws/install/ublox_serialization:${AMENT_PREFIX_PATH} CMAKE_PREFIX_PATH=/home/nuc11/ublox_ws/install/ublox_gps:/home/nuc11/ublox_ws/install/ublox_msgs:/home/nuc11/ublox_ws/install/ublox_serialization:/home/nuc11/ros2_ws/install/multisense_ros:/home/nuc11/ros2_ws/install/xacro:/home/nuc11/ros2_ws/install/segway_msgs:/home/nuc11/ros2_ws/install/ouster_ros:/home/nuc11/ros2_ws/install/ouster_sensor_msgs:/home/nuc11/ros2_ws/install/multisense_msgs:/home/nuc11/ros2_ws/install/multisense_lib:/home/nuc11/ros2_ws/install/point_cloud_downsampling:/opt/ros/humble LD_LIBRARY_PATH=/home/nuc11/ublox_ws/install/ublox_gps/lib:/home/nuc11/ublox_ws/install/ublox_msgs/lib:${LD_LIBRARY_PATH} PYTHONPATH=/home/nuc11/ublox_ws/install/ublox_msgs/local/lib/python3.10/dist-packages:${PYTHONPATH} /usr/bin/cmake --build /home/nuc11/ublox_ws/build/ublox -- -j16 -l16
[99.669s] DEBUG:colcon.colcon_core.event_handler.log_command:Invoked command in '/home/nuc11/ublox_ws/build/ublox' returned '0': AMENT_PREFIX_PATH=/home/nuc11/ublox_ws/install/ublox_gps:/home/nuc11/ublox_ws/install/ublox_msgs:/home/nuc11/ublox_ws/install/ublox_serialization:${AMENT_PREFIX_PATH} CMAKE_PREFIX_PATH=/home/nuc11/ublox_ws/install/ublox_gps:/home/nuc11/ublox_ws/install/ublox_msgs:/home/nuc11/ublox_ws/install/ublox_serialization:/home/nuc11/ros2_ws/install/multisense_ros:/home/nuc11/ros2_ws/install/xacro:/home/nuc11/ros2_ws/install/segway_msgs:/home/nuc11/ros2_ws/install/ouster_ros:/home/nuc11/ros2_ws/install/ouster_sensor_msgs:/home/nuc11/ros2_ws/install/multisense_msgs:/home/nuc11/ros2_ws/install/multisense_lib:/home/nuc11/ros2_ws/install/point_cloud_downsampling:/opt/ros/humble LD_LIBRARY_PATH=/home/nuc11/ublox_ws/install/ublox_gps/lib:/home/nuc11/ublox_ws/install/ublox_msgs/lib:${LD_LIBRARY_PATH} PYTHONPATH=/home/nuc11/ublox_ws/install/ublox_msgs/local/lib/python3.10/dist-packages:${PYTHONPATH} /usr/bin/cmake --build /home/nuc11/ublox_ws/build/ublox -- -j16 -l16
[99.669s] DEBUG:colcon.colcon_core.event_handler.log_command:Invoking command in '/home/nuc11/ublox_ws/build/ublox': AMENT_PREFIX_PATH=/home/nuc11/ublox_ws/install/ublox_gps:/home/nuc11/ublox_ws/install/ublox_msgs:/home/nuc11/ublox_ws/install/ublox_serialization:${AMENT_PREFIX_PATH} CMAKE_PREFIX_PATH=/home/nuc11/ublox_ws/install/ublox_gps:/home/nuc11/ublox_ws/install/ublox_msgs:/home/nuc11/ublox_ws/install/ublox_serialization:/home/nuc11/ros2_ws/install/multisense_ros:/home/nuc11/ros2_ws/install/xacro:/home/nuc11/ros2_ws/install/segway_msgs:/home/nuc11/ros2_ws/install/ouster_ros:/home/nuc11/ros2_ws/install/ouster_sensor_msgs:/home/nuc11/ros2_ws/install/multisense_msgs:/home/nuc11/ros2_ws/install/multisense_lib:/home/nuc11/ros2_ws/install/point_cloud_downsampling:/opt/ros/humble LD_LIBRARY_PATH=/home/nuc11/ublox_ws/install/ublox_gps/lib:/home/nuc11/ublox_ws/install/ublox_msgs/lib:${LD_LIBRARY_PATH} PYTHONPATH=/home/nuc11/ublox_ws/install/ublox_msgs/local/lib/python3.10/dist-packages:${PYTHONPATH} /usr/bin/cmake --install /home/nuc11/ublox_ws/build/ublox
[99.755s] Level 1:colcon.colcon_core.environment:create_environment_scripts_only(ublox)
[99.755s] Level 1:colcon.colcon_core.environment:checking '/home/nuc11/ublox_ws/install/ublox' for CMake module files
[99.756s] DEBUG:colcon.colcon_core.event_handler.log_command:Invoked command in '/home/nuc11/ublox_ws/build/ublox' returned '0': AMENT_PREFIX_PATH=/home/nuc11/ublox_ws/install/ublox_gps:/home/nuc11/ublox_ws/install/ublox_msgs:/home/nuc11/ublox_ws/install/ublox_serialization:${AMENT_PREFIX_PATH} CMAKE_PREFIX_PATH=/home/nuc11/ublox_ws/install/ublox_gps:/home/nuc11/ublox_ws/install/ublox_msgs:/home/nuc11/ublox_ws/install/ublox_serialization:/home/nuc11/ros2_ws/install/multisense_ros:/home/nuc11/ros2_ws/install/xacro:/home/nuc11/ros2_ws/install/segway_msgs:/home/nuc11/ros2_ws/install/ouster_ros:/home/nuc11/ros2_ws/install/ouster_sensor_msgs:/home/nuc11/ros2_ws/install/multisense_msgs:/home/nuc11/ros2_ws/install/multisense_lib:/home/nuc11/ros2_ws/install/point_cloud_downsampling:/opt/ros/humble LD_LIBRARY_PATH=/home/nuc11/ublox_ws/install/ublox_gps/lib:/home/nuc11/ublox_ws/install/ublox_msgs/lib:${LD_LIBRARY_PATH} PYTHONPATH=/home/nuc11/ublox_ws/install/ublox_msgs/local/lib/python3.10/dist-packages:${PYTHONPATH} /usr/bin/cmake --install /home/nuc11/ublox_ws/build/ublox
[99.756s] Level 1:colcon.colcon_core.environment:checking '/home/nuc11/ublox_ws/install/ublox' for CMake config files
[99.756s] Level 1:colcon.colcon_core.shell:create_environment_hook('ublox', 'cmake_prefix_path')
[99.756s] INFO:colcon.colcon_core.shell:Creating environment hook '/home/nuc11/ublox_ws/install/ublox/share/ublox/hook/cmake_prefix_path.ps1'
[99.756s] INFO:colcon.colcon_core.shell:Creating environment descriptor '/home/nuc11/ublox_ws/install/ublox/share/ublox/hook/cmake_prefix_path.dsv'
[99.756s] INFO:colcon.colcon_core.shell:Creating environment hook '/home/nuc11/ublox_ws/install/ublox/share/ublox/hook/cmake_prefix_path.sh'
[99.756s] Level 1:colcon.colcon_core.environment:checking '/home/nuc11/ublox_ws/install/ublox/bin'
[99.756s] Level 1:colcon.colcon_core.environment:checking '/home/nuc11/ublox_ws/install/ublox/lib/pkgconfig/ublox.pc'
[99.757s] Level 1:colcon.colcon_core.environment:checking '/home/nuc11/ublox_ws/install/ublox/lib/python3.10/site-packages'
[99.757s] Level 1:colcon.colcon_core.environment:checking '/home/nuc11/ublox_ws/install/ublox/bin'
[99.757s] INFO:colcon.colcon_core.shell:Creating package script '/home/nuc11/ublox_ws/install/ublox/share/ublox/package.ps1'
[99.757s] INFO:colcon.colcon_core.shell:Creating package descriptor '/home/nuc11/ublox_ws/install/ublox/share/ublox/package.dsv'
[99.757s] INFO:colcon.colcon_core.shell:Creating package script '/home/nuc11/ublox_ws/install/ublox/share/ublox/package.sh'
[99.757s] INFO:colcon.colcon_core.shell:Creating package script '/home/nuc11/ublox_ws/install/ublox/share/ublox/package.bash'
[99.757s] INFO:colcon.colcon_core.shell:Creating package script '/home/nuc11/ublox_ws/install/ublox/share/ublox/package.zsh'
[99.758s] Level 1:colcon.colcon_core.environment:create_file_with_runtime_dependencies(/home/nuc11/ublox_ws/install/ublox/share/colcon-core/packages/ublox)
[99.758s] Level 1:colcon.colcon_core.environment:create_environment_scripts_only(ublox)
[99.758s] Level 1:colcon.colcon_core.environment:checking '/home/nuc11/ublox_ws/install/ublox' for CMake module files
[99.758s] Level 1:colcon.colcon_core.environment:checking '/home/nuc11/ublox_ws/install/ublox' for CMake config files
[99.758s] Level 1:colcon.colcon_core.shell:create_environment_hook('ublox', 'cmake_prefix_path')
[99.758s] INFO:colcon.colcon_core.shell:Creating environment hook '/home/nuc11/ublox_ws/install/ublox/share/ublox/hook/cmake_prefix_path.ps1'
[99.758s] INFO:colcon.colcon_core.shell:Creating environment descriptor '/home/nuc11/ublox_ws/install/ublox/share/ublox/hook/cmake_prefix_path.dsv'
[99.759s] INFO:colcon.colcon_core.shell:Creating environment hook '/home/nuc11/ublox_ws/install/ublox/share/ublox/hook/cmake_prefix_path.sh'
[99.759s] Level 1:colcon.colcon_core.environment:checking '/home/nuc11/ublox_ws/install/ublox/bin'
[99.759s] Level 1:colcon.colcon_core.environment:checking '/home/nuc11/ublox_ws/install/ublox/lib/pkgconfig/ublox.pc'
[99.759s] Level 1:colcon.colcon_core.environment:checking '/home/nuc11/ublox_ws/install/ublox/lib/python3.10/site-packages'
[99.759s] Level 1:colcon.colcon_core.environment:checking '/home/nuc11/ublox_ws/install/ublox/bin'
[99.759s] INFO:colcon.colcon_core.shell:Creating package script '/home/nuc11/ublox_ws/install/ublox/share/ublox/package.ps1'
[99.759s] INFO:colcon.colcon_core.shell:Creating package descriptor '/home/nuc11/ublox_ws/install/ublox/share/ublox/package.dsv'
[99.759s] INFO:colcon.colcon_core.shell:Creating package script '/home/nuc11/ublox_ws/install/ublox/share/ublox/package.sh'
[99.760s] INFO:colcon.colcon_core.shell:Creating package script '/home/nuc11/ublox_ws/install/ublox/share/ublox/package.bash'
[99.760s] INFO:colcon.colcon_core.shell:Creating package script '/home/nuc11/ublox_ws/install/ublox/share/ublox/package.zsh'
[99.760s] Level 1:colcon.colcon_core.environment:create_file_with_runtime_dependencies(/home/nuc11/ublox_ws/install/ublox/share/colcon-core/packages/ublox)
[99.760s] DEBUG:colcon.colcon_parallel_executor.executor.parallel:closing loop
[99.760s] DEBUG:colcon.colcon_parallel_executor.executor.parallel:loop closed
[99.760s] DEBUG:colcon.colcon_parallel_executor.executor.parallel:run_until_complete finished with '0'
[99.760s] DEBUG:colcon.colcon_core.event_reactor:joining thread
[99.765s] INFO:colcon.colcon_core.plugin_system:Skipping extension 'colcon_notification.desktop_notification.terminal_notifier': Not used on non-Darwin systems
[99.765s] INFO:colcon.colcon_core.plugin_system:Skipping extension 'colcon_notification.desktop_notification.win32': Not used on non-Windows systems
[99.765s] INFO:colcon.colcon_notification.desktop_notification:Sending desktop notification using 'notify2'
[99.773s] DEBUG:colcon.colcon_core.event_reactor:joined thread
[99.773s] INFO:colcon.colcon_core.shell:Creating prefix script '/home/nuc11/ublox_ws/install/local_setup.ps1'
[99.773s] INFO:colcon.colcon_core.shell:Creating prefix util module '/home/nuc11/ublox_ws/install/_local_setup_util_ps1.py'
[99.774s] INFO:colcon.colcon_core.shell:Creating prefix chain script '/home/nuc11/ublox_ws/install/setup.ps1'
[99.774s] INFO:colcon.colcon_core.shell:Creating prefix script '/home/nuc11/ublox_ws/install/local_setup.sh'
[99.774s] INFO:colcon.colcon_core.shell:Creating prefix util module '/home/nuc11/ublox_ws/install/_local_setup_util_sh.py'
[99.775s] INFO:colcon.colcon_core.shell:Creating prefix chain script '/home/nuc11/ublox_ws/install/setup.sh'
[99.775s] INFO:colcon.colcon_core.shell:Creating prefix script '/home/nuc11/ublox_ws/install/local_setup.bash'
[99.775s] INFO:colcon.colcon_core.shell:Creating prefix chain script '/home/nuc11/ublox_ws/install/setup.bash'
[99.776s] INFO:colcon.colcon_core.shell:Creating prefix script '/home/nuc11/ublox_ws/install/local_setup.zsh'
[99.776s] INFO:colcon.colcon_core.shell:Creating prefix chain script '/home/nuc11/ublox_ws/install/setup.zsh'
