[0.007s] Invoking command in '/home/nuc11/ublox_ws/build/ublox_serialization': CMAKE_PREFIX_PATH=${CMAKE_PREFIX_PATH}:/home/nuc11/ros2_ws/install/point_cloud_downsampling:/opt/ros/humble /usr/bin/cmake --build /home/nuc11/ublox_ws/build/ublox_serialization -- -j16 -l16
[0.031s] Invoked command in '/home/nuc11/ublox_ws/build/ublox_serialization' returned '0': CMAKE_PREFIX_PATH=${CMAKE_PREFIX_PATH}:/home/nuc11/ros2_ws/install/point_cloud_downsampling:/opt/ros/humble /usr/bin/cmake --build /home/nuc11/ublox_ws/build/ublox_serialization -- -j16 -l16
[0.037s] Invoking command in '/home/nuc11/ublox_ws/build/ublox_serialization': CMAKE_PREFIX_PATH=${CMAKE_PREFIX_PATH}:/home/nuc11/ros2_ws/install/point_cloud_downsampling:/opt/ros/humble /usr/bin/cmake --install /home/nuc11/ublox_ws/build/ublox_serialization
[0.040s] -- Install configuration: ""
[0.041s] -- Execute custom install script
[0.041s] -- Up-to-date symlink: /home/nuc11/ublox_ws/install/ublox_serialization/include/ublox_serialization/checksum.hpp
[0.041s] -- Up-to-date symlink: /home/nuc11/ublox_ws/install/ublox_serialization/include/ublox_serialization/serialization.hpp
[0.041s] -- Up-to-date symlink: /home/nuc11/ublox_ws/install/ublox_serialization/share/ament_index/resource_index/package_run_dependencies/ublox_serialization
[0.041s] -- Up-to-date symlink: /home/nuc11/ublox_ws/install/ublox_serialization/share/ament_index/resource_index/parent_prefix_path/ublox_serialization
[0.041s] -- Up-to-date symlink: /home/nuc11/ublox_ws/install/ublox_serialization/share/ublox_serialization/environment/ament_prefix_path.sh
[0.041s] -- Up-to-date symlink: /home/nuc11/ublox_ws/install/ublox_serialization/share/ublox_serialization/environment/ament_prefix_path.dsv
[0.041s] -- Up-to-date symlink: /home/nuc11/ublox_ws/install/ublox_serialization/share/ublox_serialization/environment/path.sh
[0.042s] -- Up-to-date symlink: /home/nuc11/ublox_ws/install/ublox_serialization/share/ublox_serialization/environment/path.dsv
[0.042s] -- Up-to-date symlink: /home/nuc11/ublox_ws/install/ublox_serialization/share/ublox_serialization/local_setup.bash
[0.042s] -- Up-to-date symlink: /home/nuc11/ublox_ws/install/ublox_serialization/share/ublox_serialization/local_setup.sh
[0.042s] -- Up-to-date symlink: /home/nuc11/ublox_ws/install/ublox_serialization/share/ublox_serialization/local_setup.zsh
[0.042s] -- Up-to-date symlink: /home/nuc11/ublox_ws/install/ublox_serialization/share/ublox_serialization/local_setup.dsv
[0.042s] -- Symlinking: /home/nuc11/ublox_ws/install/ublox_serialization/share/ublox_serialization/package.dsv
[0.048s] -- Up-to-date symlink: /home/nuc11/ublox_ws/install/ublox_serialization/share/ament_index/resource_index/packages/ublox_serialization
[0.048s] -- Up-to-date symlink: /home/nuc11/ublox_ws/install/ublox_serialization/share/ublox_serialization/cmake/ament_cmake_export_include_directories-extras.cmake
[0.048s] -- Up-to-date symlink: /home/nuc11/ublox_ws/install/ublox_serialization/share/ublox_serialization/cmake/ublox_serializationConfig.cmake
[0.048s] -- Up-to-date symlink: /home/nuc11/ublox_ws/install/ublox_serialization/share/ublox_serialization/cmake/ublox_serializationConfig-version.cmake
[0.048s] -- Up-to-date symlink: /home/nuc11/ublox_ws/install/ublox_serialization/share/ublox_serialization/package.xml
[0.049s] Invoked command in '/home/nuc11/ublox_ws/build/ublox_serialization' returned '0': CMAKE_PREFIX_PATH=${CMAKE_PREFIX_PATH}:/home/nuc11/ros2_ws/install/point_cloud_downsampling:/opt/ros/humble /usr/bin/cmake --install /home/nuc11/ublox_ws/build/ublox_serialization
