[0.006s] Invoking command in '/home/nuc11/ublox_ws/build/ublox_serialization': CMAKE_PREFIX_PATH=${CMAKE_PREFIX_PATH}:/home/nuc11/ros2_ws/install/point_cloud_downsampling:/opt/ros/humble /usr/bin/cmake /home/nuc11/ublox_ws/src/ros2-ublox-zedf9p/ublox_serialization -DAMENT_CMAKE_SYMLINK_INSTALL=1 -DCMAKE_INSTALL_PREFIX=/home/nuc11/ublox_ws/install/ublox_serialization
[0.076s] -- The C compiler identification is GNU 11.4.0
[0.142s] -- The CXX compiler identification is GNU 11.4.0
[0.148s] -- Detecting C compiler ABI info
[0.198s] -- Detecting C compiler ABI info - done
[0.202s] -- Check for working C compiler: /usr/bin/cc - skipped
[0.203s] -- Detecting C compile features
[0.203s] -- Detecting C compile features - done
[0.205s] -- Detecting CXX compiler ABI info
[0.259s] -- Detecting CXX compiler ABI info - done
[0.263s] -- Check for working CXX compiler: /usr/bin/c++ - skipped
[0.263s] -- Detecting CXX compile features
[0.264s] -- Detecting CXX compile features - done
[0.265s] -- Found ament_cmake: 1.3.11 (/opt/ros/humble/share/ament_cmake/cmake)
[0.361s] -- Found Python3: /usr/bin/python3 (found version "3.10.12") found components: Interpreter 
[0.397s] -- Override CMake install command with custom implementation using symlinks instead of copying resources
[0.453s] -- Configuring done
[0.453s] -- Generating done
[0.454s] -- Build files have been written to: /home/nuc11/ublox_ws/build/ublox_serialization
[0.456s] Invoked command in '/home/nuc11/ublox_ws/build/ublox_serialization' returned '0': CMAKE_PREFIX_PATH=${CMAKE_PREFIX_PATH}:/home/nuc11/ros2_ws/install/point_cloud_downsampling:/opt/ros/humble /usr/bin/cmake /home/nuc11/ublox_ws/src/ros2-ublox-zedf9p/ublox_serialization -DAMENT_CMAKE_SYMLINK_INSTALL=1 -DCMAKE_INSTALL_PREFIX=/home/nuc11/ublox_ws/install/ublox_serialization
[0.458s] Invoking command in '/home/nuc11/ublox_ws/build/ublox_serialization': CMAKE_PREFIX_PATH=${CMAKE_PREFIX_PATH}:/home/nuc11/ros2_ws/install/point_cloud_downsampling:/opt/ros/humble /usr/bin/cmake --build /home/nuc11/ublox_ws/build/ublox_serialization -- -j16 -l16
[0.484s] Invoked command in '/home/nuc11/ublox_ws/build/ublox_serialization' returned '0': CMAKE_PREFIX_PATH=${CMAKE_PREFIX_PATH}:/home/nuc11/ros2_ws/install/point_cloud_downsampling:/opt/ros/humble /usr/bin/cmake --build /home/nuc11/ublox_ws/build/ublox_serialization -- -j16 -l16
[0.490s] Invoking command in '/home/nuc11/ublox_ws/build/ublox_serialization': CMAKE_PREFIX_PATH=${CMAKE_PREFIX_PATH}:/home/nuc11/ros2_ws/install/point_cloud_downsampling:/opt/ros/humble /usr/bin/cmake --install /home/nuc11/ublox_ws/build/ublox_serialization
[0.494s] -- Install configuration: ""
[0.494s] -- Execute custom install script
[0.494s] -- Symlinking: /home/nuc11/ublox_ws/install/ublox_serialization/include/ublox_serialization/checksum.hpp
[0.501s] -- Symlinking: /home/nuc11/ublox_ws/install/ublox_serialization/include/ublox_serialization/serialization.hpp
[0.506s] -- Symlinking: /home/nuc11/ublox_ws/install/ublox_serialization/share/ament_index/resource_index/package_run_dependencies/ublox_serialization
[0.512s] -- Symlinking: /home/nuc11/ublox_ws/install/ublox_serialization/share/ament_index/resource_index/parent_prefix_path/ublox_serialization
[0.518s] -- Symlinking: /home/nuc11/ublox_ws/install/ublox_serialization/share/ublox_serialization/environment/ament_prefix_path.sh
[0.522s] -- Symlinking: /home/nuc11/ublox_ws/install/ublox_serialization/share/ublox_serialization/environment/ament_prefix_path.dsv
[0.528s] -- Symlinking: /home/nuc11/ublox_ws/install/ublox_serialization/share/ublox_serialization/environment/path.sh
[0.533s] -- Symlinking: /home/nuc11/ublox_ws/install/ublox_serialization/share/ublox_serialization/environment/path.dsv
[0.538s] -- Symlinking: /home/nuc11/ublox_ws/install/ublox_serialization/share/ublox_serialization/local_setup.bash
[0.543s] -- Symlinking: /home/nuc11/ublox_ws/install/ublox_serialization/share/ublox_serialization/local_setup.sh
[0.549s] -- Symlinking: /home/nuc11/ublox_ws/install/ublox_serialization/share/ublox_serialization/local_setup.zsh
[0.555s] -- Symlinking: /home/nuc11/ublox_ws/install/ublox_serialization/share/ublox_serialization/local_setup.dsv
[0.560s] -- Symlinking: /home/nuc11/ublox_ws/install/ublox_serialization/share/ublox_serialization/package.dsv
[0.566s] -- Symlinking: /home/nuc11/ublox_ws/install/ublox_serialization/share/ament_index/resource_index/packages/ublox_serialization
[0.570s] -- Symlinking: /home/nuc11/ublox_ws/install/ublox_serialization/share/ublox_serialization/cmake/ament_cmake_export_include_directories-extras.cmake
[0.575s] -- Symlinking: /home/nuc11/ublox_ws/install/ublox_serialization/share/ublox_serialization/cmake/ublox_serializationConfig.cmake
[0.580s] -- Symlinking: /home/nuc11/ublox_ws/install/ublox_serialization/share/ublox_serialization/cmake/ublox_serializationConfig-version.cmake
[0.585s] -- Symlinking: /home/nuc11/ublox_ws/install/ublox_serialization/share/ublox_serialization/package.xml
[0.590s] Invoked command in '/home/nuc11/ublox_ws/build/ublox_serialization' returned '0': CMAKE_PREFIX_PATH=${CMAKE_PREFIX_PATH}:/home/nuc11/ros2_ws/install/point_cloud_downsampling:/opt/ros/humble /usr/bin/cmake --install /home/nuc11/ublox_ws/build/ublox_serialization
