[0.008s] Invoking command in '/home/nuc11/ublox_ws/build/ublox': AMENT_PREFIX_PATH=/home/nuc11/ublox_ws/install/ublox_gps:/home/nuc11/ublox_ws/install/ublox_msgs:/home/nuc11/ublox_ws/install/ublox_serialization:${AMENT_PREFIX_PATH} CMAKE_PREFIX_PATH=/home/nuc11/ublox_ws/install/ublox_gps:/home/nuc11/ublox_ws/install/ublox_msgs:/home/nuc11/ublox_ws/install/ublox_serialization:/home/nuc11/ros2_ws/install/multisense_ros:/home/nuc11/ros2_ws/install/xacro:/home/nuc11/ros2_ws/install/segway_msgs:/home/nuc11/ros2_ws/install/ouster_ros:/home/nuc11/ros2_ws/install/ouster_sensor_msgs:/home/nuc11/ros2_ws/install/multisense_msgs:/home/nuc11/ros2_ws/install/multisense_lib:/home/nuc11/ros2_ws/install/point_cloud_downsampling:/opt/ros/humble LD_LIBRARY_PATH=/home/nuc11/ublox_ws/install/ublox_gps/lib:/home/nuc11/ublox_ws/install/ublox_msgs/lib:${LD_LIBRARY_PATH} PYTHONPATH=/home/nuc11/ublox_ws/install/ublox_msgs/local/lib/python3.10/dist-packages:${PYTHONPATH} /usr/bin/cmake /home/nuc11/ublox_ws/src/ros2-ublox-zedf9p/ublox -DAMENT_CMAKE_SYMLINK_INSTALL=1 -DCMAKE_INSTALL_PREFIX=/home/nuc11/ublox_ws/install/ublox
[0.046s] -- The C compiler identification is GNU 11.4.0
[0.085s] -- The CXX compiler identification is GNU 11.4.0
[0.090s] -- Detecting C compiler ABI info
[0.136s] -- Detecting C compiler ABI info - done
[0.139s] -- Check for working C compiler: /usr/bin/cc - skipped
[0.139s] -- Detecting C compile features
[0.140s] -- Detecting C compile features - done
[0.141s] -- Detecting CXX compiler ABI info
[0.190s] -- Detecting CXX compiler ABI info - done
[0.194s] -- Check for working CXX compiler: /usr/bin/c++ - skipped
[0.194s] -- Detecting CXX compile features
[0.194s] -- Detecting CXX compile features - done
[0.195s] -- Found ament_cmake: 1.3.11 (/opt/ros/humble/share/ament_cmake/cmake)
[0.287s] -- Found Python3: /usr/bin/python3 (found version "3.10.12") found components: Interpreter 
[0.321s] -- Override CMake install command with custom implementation using symlinks instead of copying resources
[0.377s] -- Configuring done
[0.378s] -- Generating done
[0.379s] -- Build files have been written to: /home/nuc11/ublox_ws/build/ublox
[0.382s] Invoked command in '/home/nuc11/ublox_ws/build/ublox' returned '0': AMENT_PREFIX_PATH=/home/nuc11/ublox_ws/install/ublox_gps:/home/nuc11/ublox_ws/install/ublox_msgs:/home/nuc11/ublox_ws/install/ublox_serialization:${AMENT_PREFIX_PATH} CMAKE_PREFIX_PATH=/home/nuc11/ublox_ws/install/ublox_gps:/home/nuc11/ublox_ws/install/ublox_msgs:/home/nuc11/ublox_ws/install/ublox_serialization:/home/nuc11/ros2_ws/install/multisense_ros:/home/nuc11/ros2_ws/install/xacro:/home/nuc11/ros2_ws/install/segway_msgs:/home/nuc11/ros2_ws/install/ouster_ros:/home/nuc11/ros2_ws/install/ouster_sensor_msgs:/home/nuc11/ros2_ws/install/multisense_msgs:/home/nuc11/ros2_ws/install/multisense_lib:/home/nuc11/ros2_ws/install/point_cloud_downsampling:/opt/ros/humble LD_LIBRARY_PATH=/home/nuc11/ublox_ws/install/ublox_gps/lib:/home/nuc11/ublox_ws/install/ublox_msgs/lib:${LD_LIBRARY_PATH} PYTHONPATH=/home/nuc11/ublox_ws/install/ublox_msgs/local/lib/python3.10/dist-packages:${PYTHONPATH} /usr/bin/cmake /home/nuc11/ublox_ws/src/ros2-ublox-zedf9p/ublox -DAMENT_CMAKE_SYMLINK_INSTALL=1 -DCMAKE_INSTALL_PREFIX=/home/nuc11/ublox_ws/install/ublox
[0.382s] Invoking command in '/home/nuc11/ublox_ws/build/ublox': AMENT_PREFIX_PATH=/home/nuc11/ublox_ws/install/ublox_gps:/home/nuc11/ublox_ws/install/ublox_msgs:/home/nuc11/ublox_ws/install/ublox_serialization:${AMENT_PREFIX_PATH} CMAKE_PREFIX_PATH=/home/nuc11/ublox_ws/install/ublox_gps:/home/nuc11/ublox_ws/install/ublox_msgs:/home/nuc11/ublox_ws/install/ublox_serialization:/home/nuc11/ros2_ws/install/multisense_ros:/home/nuc11/ros2_ws/install/xacro:/home/nuc11/ros2_ws/install/segway_msgs:/home/nuc11/ros2_ws/install/ouster_ros:/home/nuc11/ros2_ws/install/ouster_sensor_msgs:/home/nuc11/ros2_ws/install/multisense_msgs:/home/nuc11/ros2_ws/install/multisense_lib:/home/nuc11/ros2_ws/install/point_cloud_downsampling:/opt/ros/humble LD_LIBRARY_PATH=/home/nuc11/ublox_ws/install/ublox_gps/lib:/home/nuc11/ublox_ws/install/ublox_msgs/lib:${LD_LIBRARY_PATH} PYTHONPATH=/home/nuc11/ublox_ws/install/ublox_msgs/local/lib/python3.10/dist-packages:${PYTHONPATH} /usr/bin/cmake --build /home/nuc11/ublox_ws/build/ublox -- -j16 -l16
[0.408s] Invoked command in '/home/nuc11/ublox_ws/build/ublox' returned '0': AMENT_PREFIX_PATH=/home/nuc11/ublox_ws/install/ublox_gps:/home/nuc11/ublox_ws/install/ublox_msgs:/home/nuc11/ublox_ws/install/ublox_serialization:${AMENT_PREFIX_PATH} CMAKE_PREFIX_PATH=/home/nuc11/ublox_ws/install/ublox_gps:/home/nuc11/ublox_ws/install/ublox_msgs:/home/nuc11/ublox_ws/install/ublox_serialization:/home/nuc11/ros2_ws/install/multisense_ros:/home/nuc11/ros2_ws/install/xacro:/home/nuc11/ros2_ws/install/segway_msgs:/home/nuc11/ros2_ws/install/ouster_ros:/home/nuc11/ros2_ws/install/ouster_sensor_msgs:/home/nuc11/ros2_ws/install/multisense_msgs:/home/nuc11/ros2_ws/install/multisense_lib:/home/nuc11/ros2_ws/install/point_cloud_downsampling:/opt/ros/humble LD_LIBRARY_PATH=/home/nuc11/ublox_ws/install/ublox_gps/lib:/home/nuc11/ublox_ws/install/ublox_msgs/lib:${LD_LIBRARY_PATH} PYTHONPATH=/home/nuc11/ublox_ws/install/ublox_msgs/local/lib/python3.10/dist-packages:${PYTHONPATH} /usr/bin/cmake --build /home/nuc11/ublox_ws/build/ublox -- -j16 -l16
[0.409s] Invoking command in '/home/nuc11/ublox_ws/build/ublox': AMENT_PREFIX_PATH=/home/nuc11/ublox_ws/install/ublox_gps:/home/nuc11/ublox_ws/install/ublox_msgs:/home/nuc11/ublox_ws/install/ublox_serialization:${AMENT_PREFIX_PATH} CMAKE_PREFIX_PATH=/home/nuc11/ublox_ws/install/ublox_gps:/home/nuc11/ublox_ws/install/ublox_msgs:/home/nuc11/ublox_ws/install/ublox_serialization:/home/nuc11/ros2_ws/install/multisense_ros:/home/nuc11/ros2_ws/install/xacro:/home/nuc11/ros2_ws/install/segway_msgs:/home/nuc11/ros2_ws/install/ouster_ros:/home/nuc11/ros2_ws/install/ouster_sensor_msgs:/home/nuc11/ros2_ws/install/multisense_msgs:/home/nuc11/ros2_ws/install/multisense_lib:/home/nuc11/ros2_ws/install/point_cloud_downsampling:/opt/ros/humble LD_LIBRARY_PATH=/home/nuc11/ublox_ws/install/ublox_gps/lib:/home/nuc11/ublox_ws/install/ublox_msgs/lib:${LD_LIBRARY_PATH} PYTHONPATH=/home/nuc11/ublox_ws/install/ublox_msgs/local/lib/python3.10/dist-packages:${PYTHONPATH} /usr/bin/cmake --install /home/nuc11/ublox_ws/build/ublox
[0.414s] -- Install configuration: ""
[0.415s] -- Execute custom install script
[0.415s] -- Symlinking: /home/nuc11/ublox_ws/install/ublox/share/ament_index/resource_index/package_run_dependencies/ublox
[0.420s] -- Symlinking: /home/nuc11/ublox_ws/install/ublox/share/ament_index/resource_index/parent_prefix_path/ublox
[0.427s] -- Symlinking: /home/nuc11/ublox_ws/install/ublox/share/ublox/environment/ament_prefix_path.sh
[0.432s] -- Symlinking: /home/nuc11/ublox_ws/install/ublox/share/ublox/environment/ament_prefix_path.dsv
[0.436s] -- Symlinking: /home/nuc11/ublox_ws/install/ublox/share/ublox/environment/path.sh
[0.442s] -- Symlinking: /home/nuc11/ublox_ws/install/ublox/share/ublox/environment/path.dsv
[0.446s] -- Symlinking: /home/nuc11/ublox_ws/install/ublox/share/ublox/local_setup.bash
[0.451s] -- Symlinking: /home/nuc11/ublox_ws/install/ublox/share/ublox/local_setup.sh
[0.458s] -- Symlinking: /home/nuc11/ublox_ws/install/ublox/share/ublox/local_setup.zsh
[0.462s] -- Symlinking: /home/nuc11/ublox_ws/install/ublox/share/ublox/local_setup.dsv
[0.467s] -- Symlinking: /home/nuc11/ublox_ws/install/ublox/share/ublox/package.dsv
[0.473s] -- Symlinking: /home/nuc11/ublox_ws/install/ublox/share/ament_index/resource_index/packages/ublox
[0.478s] -- Symlinking: /home/nuc11/ublox_ws/install/ublox/share/ublox/cmake/ubloxConfig.cmake
[0.484s] -- Symlinking: /home/nuc11/ublox_ws/install/ublox/share/ublox/cmake/ubloxConfig-version.cmake
[0.489s] -- Symlinking: /home/nuc11/ublox_ws/install/ublox/share/ublox/package.xml
[0.495s] Invoked command in '/home/nuc11/ublox_ws/build/ublox' returned '0': AMENT_PREFIX_PATH=/home/nuc11/ublox_ws/install/ublox_gps:/home/nuc11/ublox_ws/install/ublox_msgs:/home/nuc11/ublox_ws/install/ublox_serialization:${AMENT_PREFIX_PATH} CMAKE_PREFIX_PATH=/home/nuc11/ublox_ws/install/ublox_gps:/home/nuc11/ublox_ws/install/ublox_msgs:/home/nuc11/ublox_ws/install/ublox_serialization:/home/nuc11/ros2_ws/install/multisense_ros:/home/nuc11/ros2_ws/install/xacro:/home/nuc11/ros2_ws/install/segway_msgs:/home/nuc11/ros2_ws/install/ouster_ros:/home/nuc11/ros2_ws/install/ouster_sensor_msgs:/home/nuc11/ros2_ws/install/multisense_msgs:/home/nuc11/ros2_ws/install/multisense_lib:/home/nuc11/ros2_ws/install/point_cloud_downsampling:/opt/ros/humble LD_LIBRARY_PATH=/home/nuc11/ublox_ws/install/ublox_gps/lib:/home/nuc11/ublox_ws/install/ublox_msgs/lib:${LD_LIBRARY_PATH} PYTHONPATH=/home/nuc11/ublox_ws/install/ublox_msgs/local/lib/python3.10/dist-packages:${PYTHONPATH} /usr/bin/cmake --install /home/nuc11/ublox_ws/build/ublox
