[0.007s] Invoking command in '/home/nuc11/ublox_ws/build/ublox': AMENT_PREFIX_PATH=/home/nuc11/ublox_ws/install/ublox_gps:/home/nuc11/ublox_ws/install/ublox_msgs:/home/nuc11/ublox_ws/install/ublox_serialization:${AMENT_PREFIX_PATH} CMAKE_PREFIX_PATH=/home/nuc11/ublox_ws/install/ublox_gps:/home/nuc11/ublox_ws/install/ublox_msgs:/home/nuc11/ublox_ws/install/ublox_serialization:/opt/ros/humble LD_LIBRARY_PATH=/home/nuc11/ublox_ws/install/ublox_gps/lib:/home/nuc11/ublox_ws/install/ublox_msgs/lib:${LD_LIBRARY_PATH} PYTHONPATH=/home/nuc11/ublox_ws/install/ublox_msgs/local/lib/python3.10/dist-packages:${PYTHONPATH} /usr/bin/cmake /home/nuc11/ublox_ws/src/ros2-ublox-zedf9p/ublox -DCMAKE_INSTALL_PREFIX=/home/nuc11/ublox_ws/install/ublox
[0.016s] -- Found ament_cmake: 1.3.11 (/opt/ros/humble/share/ament_cmake/cmake)
[0.079s] -- Override CMake install command with custom implementation using symlinks instead of copying resources
[0.115s] -- Configuring done
[0.116s] -- Generating done
[0.117s] -- Build files have been written to: /home/nuc11/ublox_ws/build/ublox
[0.119s] Invoked command in '/home/nuc11/ublox_ws/build/ublox' returned '0': AMENT_PREFIX_PATH=/home/nuc11/ublox_ws/install/ublox_gps:/home/nuc11/ublox_ws/install/ublox_msgs:/home/nuc11/ublox_ws/install/ublox_serialization:${AMENT_PREFIX_PATH} CMAKE_PREFIX_PATH=/home/nuc11/ublox_ws/install/ublox_gps:/home/nuc11/ublox_ws/install/ublox_msgs:/home/nuc11/ublox_ws/install/ublox_serialization:/opt/ros/humble LD_LIBRARY_PATH=/home/nuc11/ublox_ws/install/ublox_gps/lib:/home/nuc11/ublox_ws/install/ublox_msgs/lib:${LD_LIBRARY_PATH} PYTHONPATH=/home/nuc11/ublox_ws/install/ublox_msgs/local/lib/python3.10/dist-packages:${PYTHONPATH} /usr/bin/cmake /home/nuc11/ublox_ws/src/ros2-ublox-zedf9p/ublox -DCMAKE_INSTALL_PREFIX=/home/nuc11/ublox_ws/install/ublox
[0.119s] Invoking command in '/home/nuc11/ublox_ws/build/ublox': AMENT_PREFIX_PATH=/home/nuc11/ublox_ws/install/ublox_gps:/home/nuc11/ublox_ws/install/ublox_msgs:/home/nuc11/ublox_ws/install/ublox_serialization:${AMENT_PREFIX_PATH} CMAKE_PREFIX_PATH=/home/nuc11/ublox_ws/install/ublox_gps:/home/nuc11/ublox_ws/install/ublox_msgs:/home/nuc11/ublox_ws/install/ublox_serialization:/opt/ros/humble LD_LIBRARY_PATH=/home/nuc11/ublox_ws/install/ublox_gps/lib:/home/nuc11/ublox_ws/install/ublox_msgs/lib:${LD_LIBRARY_PATH} PYTHONPATH=/home/nuc11/ublox_ws/install/ublox_msgs/local/lib/python3.10/dist-packages:${PYTHONPATH} /usr/bin/cmake --build /home/nuc11/ublox_ws/build/ublox -- -j16 -l16
[0.143s] Invoked command in '/home/nuc11/ublox_ws/build/ublox' returned '0': AMENT_PREFIX_PATH=/home/nuc11/ublox_ws/install/ublox_gps:/home/nuc11/ublox_ws/install/ublox_msgs:/home/nuc11/ublox_ws/install/ublox_serialization:${AMENT_PREFIX_PATH} CMAKE_PREFIX_PATH=/home/nuc11/ublox_ws/install/ublox_gps:/home/nuc11/ublox_ws/install/ublox_msgs:/home/nuc11/ublox_ws/install/ublox_serialization:/opt/ros/humble LD_LIBRARY_PATH=/home/nuc11/ublox_ws/install/ublox_gps/lib:/home/nuc11/ublox_ws/install/ublox_msgs/lib:${LD_LIBRARY_PATH} PYTHONPATH=/home/nuc11/ublox_ws/install/ublox_msgs/local/lib/python3.10/dist-packages:${PYTHONPATH} /usr/bin/cmake --build /home/nuc11/ublox_ws/build/ublox -- -j16 -l16
[0.145s] Invoking command in '/home/nuc11/ublox_ws/build/ublox': AMENT_PREFIX_PATH=/home/nuc11/ublox_ws/install/ublox_gps:/home/nuc11/ublox_ws/install/ublox_msgs:/home/nuc11/ublox_ws/install/ublox_serialization:${AMENT_PREFIX_PATH} CMAKE_PREFIX_PATH=/home/nuc11/ublox_ws/install/ublox_gps:/home/nuc11/ublox_ws/install/ublox_msgs:/home/nuc11/ublox_ws/install/ublox_serialization:/opt/ros/humble LD_LIBRARY_PATH=/home/nuc11/ublox_ws/install/ublox_gps/lib:/home/nuc11/ublox_ws/install/ublox_msgs/lib:${LD_LIBRARY_PATH} PYTHONPATH=/home/nuc11/ublox_ws/install/ublox_msgs/local/lib/python3.10/dist-packages:${PYTHONPATH} /usr/bin/cmake --install /home/nuc11/ublox_ws/build/ublox
[0.150s] -- Install configuration: ""
[0.151s] -- Execute custom install script
[0.151s] -- Up-to-date symlink: /home/nuc11/ublox_ws/install/ublox/share/ament_index/resource_index/package_run_dependencies/ublox
[0.151s] -- Up-to-date symlink: /home/nuc11/ublox_ws/install/ublox/share/ament_index/resource_index/parent_prefix_path/ublox
[0.151s] -- Up-to-date symlink: /home/nuc11/ublox_ws/install/ublox/share/ublox/environment/ament_prefix_path.sh
[0.151s] -- Up-to-date symlink: /home/nuc11/ublox_ws/install/ublox/share/ublox/environment/ament_prefix_path.dsv
[0.151s] -- Up-to-date symlink: /home/nuc11/ublox_ws/install/ublox/share/ublox/environment/path.sh
[0.152s] -- Up-to-date symlink: /home/nuc11/ublox_ws/install/ublox/share/ublox/environment/path.dsv
[0.152s] -- Up-to-date symlink: /home/nuc11/ublox_ws/install/ublox/share/ublox/local_setup.bash
[0.152s] -- Up-to-date symlink: /home/nuc11/ublox_ws/install/ublox/share/ublox/local_setup.sh
[0.152s] -- Up-to-date symlink: /home/nuc11/ublox_ws/install/ublox/share/ublox/local_setup.zsh
[0.152s] -- Up-to-date symlink: /home/nuc11/ublox_ws/install/ublox/share/ublox/local_setup.dsv
[0.152s] -- Symlinking: /home/nuc11/ublox_ws/install/ublox/share/ublox/package.dsv
[0.157s] -- Up-to-date symlink: /home/nuc11/ublox_ws/install/ublox/share/ament_index/resource_index/packages/ublox
[0.157s] -- Up-to-date symlink: /home/nuc11/ublox_ws/install/ublox/share/ublox/cmake/ubloxConfig.cmake
[0.157s] -- Up-to-date symlink: /home/nuc11/ublox_ws/install/ublox/share/ublox/cmake/ubloxConfig-version.cmake
[0.157s] -- Up-to-date symlink: /home/nuc11/ublox_ws/install/ublox/share/ublox/package.xml
[0.158s] Invoked command in '/home/nuc11/ublox_ws/build/ublox' returned '0': AMENT_PREFIX_PATH=/home/nuc11/ublox_ws/install/ublox_gps:/home/nuc11/ublox_ws/install/ublox_msgs:/home/nuc11/ublox_ws/install/ublox_serialization:${AMENT_PREFIX_PATH} CMAKE_PREFIX_PATH=/home/nuc11/ublox_ws/install/ublox_gps:/home/nuc11/ublox_ws/install/ublox_msgs:/home/nuc11/ublox_ws/install/ublox_serialization:/opt/ros/humble LD_LIBRARY_PATH=/home/nuc11/ublox_ws/install/ublox_gps/lib:/home/nuc11/ublox_ws/install/ublox_msgs/lib:${LD_LIBRARY_PATH} PYTHONPATH=/home/nuc11/ublox_ws/install/ublox_msgs/local/lib/python3.10/dist-packages:${PYTHONPATH} /usr/bin/cmake --install /home/nuc11/ublox_ws/build/ublox
