[0.008s] Invoking command in '/home/nuc11/ublox_ws/build/ublox': CMAKE_PREFIX_PATH=/home/nuc11/ublox_ws/install/ublox_gps:/home/nuc11/ublox_ws/install/ublox_msgs:/home/nuc11/ublox_ws/install/ublox_serialization:/home/nuc11/ublox_ws/install/ublox:/home/nuc11/ros2_ws/install/multisense_ros:/home/nuc11/ros2_ws/install/xacro:/home/nuc11/ros2_ws/install/segway_msgs:/home/nuc11/ros2_ws/install/ouster_ros:/home/nuc11/ros2_ws/install/ouster_sensor_msgs:/home/nuc11/ros2_ws/install/multisense_msgs:/home/nuc11/ros2_ws/install/multisense_lib:/home/nuc11/ros2_ws/install/point_cloud_downsampling:/opt/ros/humble /usr/bin/cmake --build /home/nuc11/ublox_ws/build/ublox -- -j16 -l16
[0.033s] Invoked command in '/home/nuc11/ublox_ws/build/ublox' returned '0': CMAKE_PREFIX_PATH=/home/nuc11/ublox_ws/install/ublox_gps:/home/nuc11/ublox_ws/install/ublox_msgs:/home/nuc11/ublox_ws/install/ublox_serialization:/home/nuc11/ublox_ws/install/ublox:/home/nuc11/ros2_ws/install/multisense_ros:/home/nuc11/ros2_ws/install/xacro:/home/nuc11/ros2_ws/install/segway_msgs:/home/nuc11/ros2_ws/install/ouster_ros:/home/nuc11/ros2_ws/install/ouster_sensor_msgs:/home/nuc11/ros2_ws/install/multisense_msgs:/home/nuc11/ros2_ws/install/multisense_lib:/home/nuc11/ros2_ws/install/point_cloud_downsampling:/opt/ros/humble /usr/bin/cmake --build /home/nuc11/ublox_ws/build/ublox -- -j16 -l16
[0.034s] Invoking command in '/home/nuc11/ublox_ws/build/ublox': CMAKE_PREFIX_PATH=/home/nuc11/ublox_ws/install/ublox_gps:/home/nuc11/ublox_ws/install/ublox_msgs:/home/nuc11/ublox_ws/install/ublox_serialization:/home/nuc11/ublox_ws/install/ublox:/home/nuc11/ros2_ws/install/multisense_ros:/home/nuc11/ros2_ws/install/xacro:/home/nuc11/ros2_ws/install/segway_msgs:/home/nuc11/ros2_ws/install/ouster_ros:/home/nuc11/ros2_ws/install/ouster_sensor_msgs:/home/nuc11/ros2_ws/install/multisense_msgs:/home/nuc11/ros2_ws/install/multisense_lib:/home/nuc11/ros2_ws/install/point_cloud_downsampling:/opt/ros/humble /usr/bin/cmake --install /home/nuc11/ublox_ws/build/ublox
[0.038s] -- Install configuration: ""
[0.038s] -- Execute custom install script
[0.038s] -- Up-to-date symlink: /home/nuc11/ublox_ws/install/ublox/share/ament_index/resource_index/package_run_dependencies/ublox
[0.038s] -- Up-to-date symlink: /home/nuc11/ublox_ws/install/ublox/share/ament_index/resource_index/parent_prefix_path/ublox
[0.038s] -- Up-to-date symlink: /home/nuc11/ublox_ws/install/ublox/share/ublox/environment/ament_prefix_path.sh
[0.038s] -- Up-to-date symlink: /home/nuc11/ublox_ws/install/ublox/share/ublox/environment/ament_prefix_path.dsv
[0.038s] -- Up-to-date symlink: /home/nuc11/ublox_ws/install/ublox/share/ublox/environment/path.sh
[0.038s] -- Up-to-date symlink: /home/nuc11/ublox_ws/install/ublox/share/ublox/environment/path.dsv
[0.038s] -- Up-to-date symlink: /home/nuc11/ublox_ws/install/ublox/share/ublox/local_setup.bash
[0.038s] -- Up-to-date symlink: /home/nuc11/ublox_ws/install/ublox/share/ublox/local_setup.sh
[0.038s] -- Up-to-date symlink: /home/nuc11/ublox_ws/install/ublox/share/ublox/local_setup.zsh
[0.039s] -- Up-to-date symlink: /home/nuc11/ublox_ws/install/ublox/share/ublox/local_setup.dsv
[0.039s] -- Symlinking: /home/nuc11/ublox_ws/install/ublox/share/ublox/package.dsv
[0.044s] -- Up-to-date symlink: /home/nuc11/ublox_ws/install/ublox/share/ament_index/resource_index/packages/ublox
[0.044s] -- Up-to-date symlink: /home/nuc11/ublox_ws/install/ublox/share/ublox/cmake/ubloxConfig.cmake
[0.044s] -- Up-to-date symlink: /home/nuc11/ublox_ws/install/ublox/share/ublox/cmake/ubloxConfig-version.cmake
[0.044s] -- Up-to-date symlink: /home/nuc11/ublox_ws/install/ublox/share/ublox/package.xml
[0.046s] Invoked command in '/home/nuc11/ublox_ws/build/ublox' returned '0': CMAKE_PREFIX_PATH=/home/nuc11/ublox_ws/install/ublox_gps:/home/nuc11/ublox_ws/install/ublox_msgs:/home/nuc11/ublox_ws/install/ublox_serialization:/home/nuc11/ublox_ws/install/ublox:/home/nuc11/ros2_ws/install/multisense_ros:/home/nuc11/ros2_ws/install/xacro:/home/nuc11/ros2_ws/install/segway_msgs:/home/nuc11/ros2_ws/install/ouster_ros:/home/nuc11/ros2_ws/install/ouster_sensor_msgs:/home/nuc11/ros2_ws/install/multisense_msgs:/home/nuc11/ros2_ws/install/multisense_lib:/home/nuc11/ros2_ws/install/point_cloud_downsampling:/opt/ros/humble /usr/bin/cmake --install /home/nuc11/ublox_ws/build/ublox
