[0.006s] Invoking command in '/home/nuc11/ublox_ws/build/ublox_serialization': CMAKE_PREFIX_PATH=/opt/ros/humble /usr/bin/cmake /home/nuc11/ublox_ws/src/ros2-ublox-zedf9p/ublox_serialization -DCMAKE_INSTALL_PREFIX=/home/nuc11/ublox_ws/install/ublox_serialization
[0.015s] -- Found ament_cmake: 1.3.11 (/opt/ros/humble/share/ament_cmake/cmake)
[0.077s] -- Override CMake install command with custom implementation using symlinks instead of copying resources
[0.119s] -- Configuring done
[0.120s] -- Generating done
[0.121s] -- Build files have been written to: /home/nuc11/ublox_ws/build/ublox_serialization
[0.122s] Invoked command in '/home/nuc11/ublox_ws/build/ublox_serialization' returned '0': CMAKE_PREFIX_PATH=/opt/ros/humble /usr/bin/cmake /home/nuc11/ublox_ws/src/ros2-ublox-zedf9p/ublox_serialization -DCMAKE_INSTALL_PREFIX=/home/nuc11/ublox_ws/install/ublox_serialization
[0.123s] Invoking command in '/home/nuc11/ublox_ws/build/ublox_serialization': CMAKE_PREFIX_PATH=/opt/ros/humble /usr/bin/cmake --build /home/nuc11/ublox_ws/build/ublox_serialization -- -j16 -l16
[0.148s] Invoked command in '/home/nuc11/ublox_ws/build/ublox_serialization' returned '0': CMAKE_PREFIX_PATH=/opt/ros/humble /usr/bin/cmake --build /home/nuc11/ublox_ws/build/ublox_serialization -- -j16 -l16
[0.154s] Invoking command in '/home/nuc11/ublox_ws/build/ublox_serialization': CMAKE_PREFIX_PATH=/opt/ros/humble /usr/bin/cmake --install /home/nuc11/ublox_ws/build/ublox_serialization
[0.158s] -- Install configuration: ""
[0.158s] -- Execute custom install script
[0.158s] -- Up-to-date symlink: /home/nuc11/ublox_ws/install/ublox_serialization/include/ublox_serialization/checksum.hpp
[0.158s] -- Up-to-date symlink: /home/nuc11/ublox_ws/install/ublox_serialization/include/ublox_serialization/serialization.hpp
[0.158s] -- Up-to-date symlink: /home/nuc11/ublox_ws/install/ublox_serialization/share/ament_index/resource_index/package_run_dependencies/ublox_serialization
[0.158s] -- Up-to-date symlink: /home/nuc11/ublox_ws/install/ublox_serialization/share/ament_index/resource_index/parent_prefix_path/ublox_serialization
[0.158s] -- Up-to-date symlink: /home/nuc11/ublox_ws/install/ublox_serialization/share/ublox_serialization/environment/ament_prefix_path.sh
[0.158s] -- Up-to-date symlink: /home/nuc11/ublox_ws/install/ublox_serialization/share/ublox_serialization/environment/ament_prefix_path.dsv
[0.158s] -- Up-to-date symlink: /home/nuc11/ublox_ws/install/ublox_serialization/share/ublox_serialization/environment/path.sh
[0.158s] -- Up-to-date symlink: /home/nuc11/ublox_ws/install/ublox_serialization/share/ublox_serialization/environment/path.dsv
[0.159s] -- Up-to-date symlink: /home/nuc11/ublox_ws/install/ublox_serialization/share/ublox_serialization/local_setup.bash
[0.159s] -- Up-to-date symlink: /home/nuc11/ublox_ws/install/ublox_serialization/share/ublox_serialization/local_setup.sh
[0.159s] -- Up-to-date symlink: /home/nuc11/ublox_ws/install/ublox_serialization/share/ublox_serialization/local_setup.zsh
[0.159s] -- Up-to-date symlink: /home/nuc11/ublox_ws/install/ublox_serialization/share/ublox_serialization/local_setup.dsv
[0.159s] -- Symlinking: /home/nuc11/ublox_ws/install/ublox_serialization/share/ublox_serialization/package.dsv
[0.163s] -- Up-to-date symlink: /home/nuc11/ublox_ws/install/ublox_serialization/share/ament_index/resource_index/packages/ublox_serialization
[0.163s] -- Up-to-date symlink: /home/nuc11/ublox_ws/install/ublox_serialization/share/ublox_serialization/cmake/ament_cmake_export_include_directories-extras.cmake
[0.163s] -- Up-to-date symlink: /home/nuc11/ublox_ws/install/ublox_serialization/share/ublox_serialization/cmake/ublox_serializationConfig.cmake
[0.163s] -- Up-to-date symlink: /home/nuc11/ublox_ws/install/ublox_serialization/share/ublox_serialization/cmake/ublox_serializationConfig-version.cmake
[0.163s] -- Up-to-date symlink: /home/nuc11/ublox_ws/install/ublox_serialization/share/ublox_serialization/package.xml
[0.165s] Invoked command in '/home/nuc11/ublox_ws/build/ublox_serialization' returned '0': CMAKE_PREFIX_PATH=/opt/ros/humble /usr/bin/cmake --install /home/nuc11/ublox_ws/build/ublox_serialization
