[0.049s] DEBUG:colcon:Command line arguments: ['/usr/bin/colcon', 'build', '--symlink-install']
[0.050s] DEBUG:colcon:Parsed command line arguments: Namespace(log_base=None, log_level=None, verb_name='build', build_base='build', install_base='install', merge_install=False, symlink_install=True, test_result_base=None, continue_on_error=False, executor='parallel', parallel_workers=16, event_handlers=None, ignore_user_meta=False, metas=['./colcon.meta'], base_paths=['.'], packages_ignore=None, packages_ignore_regex=None, paths=None, packages_up_to=None, packages_up_to_regex=None, packages_above=None, packages_above_and_dependencies=None, packages_above_depth=None, packages_select_by_dep=None, packages_skip_by_dep=None, packages_skip_up_to=None, packages_select_build_failed=False, packages_skip_build_finished=False, packages_select_test_failures=False, packages_skip_test_passed=False, packages_select=None, packages_skip=None, packages_select_regex=None, packages_skip_regex=None, packages_start=None, packages_end=None, allow_overriding=[], cmake_args=None, cmake_target=None, cmake_target_skip_unavailable=False, cmake_clean_cache=False, cmake_clean_first=False, cmake_force_configure=False, ament_cmake_args=None, catkin_cmake_args=None, catkin_skip_building_tests=False, verb_parser=<colcon_defaults.argument_parser.defaults.DefaultArgumentsDecorator object at 0x7fef91cc4ca0>, verb_extension=<colcon_core.verb.build.BuildVerb object at 0x7fef91e51f60>, main=<bound method BuildVerb.main of <colcon_core.verb.build.BuildVerb object at 0x7fef91e51f60>>)
[0.129s] Level 1:colcon.colcon_core.package_discovery:discover_packages(colcon_meta) check parameters
[0.129s] Level 1:colcon.colcon_core.package_discovery:discover_packages(recursive) check parameters
[0.129s] Level 1:colcon.colcon_core.package_discovery:discover_packages(ignore) check parameters
[0.129s] Level 1:colcon.colcon_core.package_discovery:discover_packages(path) check parameters
[0.129s] Level 1:colcon.colcon_core.package_discovery:discover_packages(colcon_meta) discover
[0.129s] Level 1:colcon.colcon_core.package_discovery:discover_packages(recursive) discover
[0.129s] INFO:colcon.colcon_core.package_discovery:Crawling recursively for packages in '/home/nuc11/ublox_ws'
[0.129s] Level 1:colcon.colcon_core.package_identification:_identify(.) by extensions ['ignore', 'ignore_ament_install']
[0.129s] Level 1:colcon.colcon_core.package_identification:_identify(.) by extension 'ignore'
[0.129s] Level 1:colcon.colcon_core.package_identification:_identify(.) by extension 'ignore_ament_install'
[0.129s] Level 1:colcon.colcon_core.package_identification:_identify(.) by extensions ['colcon_pkg']
[0.129s] Level 1:colcon.colcon_core.package_identification:_identify(.) by extension 'colcon_pkg'
[0.129s] Level 1:colcon.colcon_core.package_identification:_identify(.) by extensions ['colcon_meta']
[0.129s] Level 1:colcon.colcon_core.package_identification:_identify(.) by extension 'colcon_meta'
[0.129s] Level 1:colcon.colcon_core.package_identification:_identify(.) by extensions ['ros']
[0.129s] Level 1:colcon.colcon_core.package_identification:_identify(.) by extension 'ros'
[0.135s] Level 1:colcon.colcon_core.package_identification:_identify(.) by extensions ['cmake', 'python']
[0.135s] Level 1:colcon.colcon_core.package_identification:_identify(.) by extension 'cmake'
[0.135s] Level 1:colcon.colcon_core.package_identification:_identify(.) by extension 'python'
[0.135s] Level 1:colcon.colcon_core.package_identification:_identify(.) by extensions ['python_setup_py']
[0.135s] Level 1:colcon.colcon_core.package_identification:_identify(.) by extension 'python_setup_py'
[0.135s] Level 1:colcon.colcon_core.package_identification:_identify(build) by extensions ['ignore', 'ignore_ament_install']
[0.135s] Level 1:colcon.colcon_core.package_identification:_identify(build) by extension 'ignore'
[0.135s] Level 1:colcon.colcon_core.package_identification:_identify(build) ignored
[0.135s] Level 1:colcon.colcon_core.package_identification:_identify(install) by extensions ['ignore', 'ignore_ament_install']
[0.135s] Level 1:colcon.colcon_core.package_identification:_identify(install) by extension 'ignore'
[0.135s] Level 1:colcon.colcon_core.package_identification:_identify(install) ignored
[0.135s] Level 1:colcon.colcon_core.package_identification:_identify(log) by extensions ['ignore', 'ignore_ament_install']
[0.135s] Level 1:colcon.colcon_core.package_identification:_identify(log) by extension 'ignore'
[0.135s] Level 1:colcon.colcon_core.package_identification:_identify(log) ignored
[0.135s] Level 1:colcon.colcon_core.package_identification:_identify(src) by extensions ['ignore', 'ignore_ament_install']
[0.135s] Level 1:colcon.colcon_core.package_identification:_identify(src) by extension 'ignore'
[0.135s] Level 1:colcon.colcon_core.package_identification:_identify(src) by extension 'ignore_ament_install'
[0.135s] Level 1:colcon.colcon_core.package_identification:_identify(src) by extensions ['colcon_pkg']
[0.135s] Level 1:colcon.colcon_core.package_identification:_identify(src) by extension 'colcon_pkg'
[0.135s] Level 1:colcon.colcon_core.package_identification:_identify(src) by extensions ['colcon_meta']
[0.135s] Level 1:colcon.colcon_core.package_identification:_identify(src) by extension 'colcon_meta'
[0.135s] Level 1:colcon.colcon_core.package_identification:_identify(src) by extensions ['ros']
[0.135s] Level 1:colcon.colcon_core.package_identification:_identify(src) by extension 'ros'
[0.136s] Level 1:colcon.colcon_core.package_identification:_identify(src) by extensions ['cmake', 'python']
[0.136s] Level 1:colcon.colcon_core.package_identification:_identify(src) by extension 'cmake'
[0.136s] Level 1:colcon.colcon_core.package_identification:_identify(src) by extension 'python'
[0.136s] Level 1:colcon.colcon_core.package_identification:_identify(src) by extensions ['python_setup_py']
[0.136s] Level 1:colcon.colcon_core.package_identification:_identify(src) by extension 'python_setup_py'
[0.136s] Level 1:colcon.colcon_core.package_identification:_identify(src/ros2-ublox-zedf9p) by extensions ['ignore', 'ignore_ament_install']
[0.136s] Level 1:colcon.colcon_core.package_identification:_identify(src/ros2-ublox-zedf9p) by extension 'ignore'
[0.136s] Level 1:colcon.colcon_core.package_identification:_identify(src/ros2-ublox-zedf9p) by extension 'ignore_ament_install'
[0.136s] Level 1:colcon.colcon_core.package_identification:_identify(src/ros2-ublox-zedf9p) by extensions ['colcon_pkg']
[0.136s] Level 1:colcon.colcon_core.package_identification:_identify(src/ros2-ublox-zedf9p) by extension 'colcon_pkg'
[0.136s] Level 1:colcon.colcon_core.package_identification:_identify(src/ros2-ublox-zedf9p) by extensions ['colcon_meta']
[0.136s] Level 1:colcon.colcon_core.package_identification:_identify(src/ros2-ublox-zedf9p) by extension 'colcon_meta'
[0.136s] Level 1:colcon.colcon_core.package_identification:_identify(src/ros2-ublox-zedf9p) by extensions ['ros']
[0.136s] Level 1:colcon.colcon_core.package_identification:_identify(src/ros2-ublox-zedf9p) by extension 'ros'
[0.136s] Level 1:colcon.colcon_core.package_identification:_identify(src/ros2-ublox-zedf9p) by extensions ['cmake', 'python']
[0.136s] Level 1:colcon.colcon_core.package_identification:_identify(src/ros2-ublox-zedf9p) by extension 'cmake'
[0.136s] Level 1:colcon.colcon_core.package_identification:_identify(src/ros2-ublox-zedf9p) by extension 'python'
[0.136s] Level 1:colcon.colcon_core.package_identification:_identify(src/ros2-ublox-zedf9p) by extensions ['python_setup_py']
[0.136s] Level 1:colcon.colcon_core.package_identification:_identify(src/ros2-ublox-zedf9p) by extension 'python_setup_py'
[0.136s] Level 1:colcon.colcon_core.package_identification:_identify(src/ros2-ublox-zedf9p/pics) by extensions ['ignore', 'ignore_ament_install']
[0.136s] Level 1:colcon.colcon_core.package_identification:_identify(src/ros2-ublox-zedf9p/pics) by extension 'ignore'
[0.136s] Level 1:colcon.colcon_core.package_identification:_identify(src/ros2-ublox-zedf9p/pics) by extension 'ignore_ament_install'
[0.136s] Level 1:colcon.colcon_core.package_identification:_identify(src/ros2-ublox-zedf9p/pics) by extensions ['colcon_pkg']
[0.136s] Level 1:colcon.colcon_core.package_identification:_identify(src/ros2-ublox-zedf9p/pics) by extension 'colcon_pkg'
[0.136s] Level 1:colcon.colcon_core.package_identification:_identify(src/ros2-ublox-zedf9p/pics) by extensions ['colcon_meta']
[0.136s] Level 1:colcon.colcon_core.package_identification:_identify(src/ros2-ublox-zedf9p/pics) by extension 'colcon_meta'
[0.136s] Level 1:colcon.colcon_core.package_identification:_identify(src/ros2-ublox-zedf9p/pics) by extensions ['ros']
[0.136s] Level 1:colcon.colcon_core.package_identification:_identify(src/ros2-ublox-zedf9p/pics) by extension 'ros'
[0.136s] Level 1:colcon.colcon_core.package_identification:_identify(src/ros2-ublox-zedf9p/pics) by extensions ['cmake', 'python']
[0.136s] Level 1:colcon.colcon_core.package_identification:_identify(src/ros2-ublox-zedf9p/pics) by extension 'cmake'
[0.136s] Level 1:colcon.colcon_core.package_identification:_identify(src/ros2-ublox-zedf9p/pics) by extension 'python'
[0.136s] Level 1:colcon.colcon_core.package_identification:_identify(src/ros2-ublox-zedf9p/pics) by extensions ['python_setup_py']
[0.136s] Level 1:colcon.colcon_core.package_identification:_identify(src/ros2-ublox-zedf9p/pics) by extension 'python_setup_py'
[0.136s] Level 1:colcon.colcon_core.package_identification:_identify(src/ros2-ublox-zedf9p/ublox) by extensions ['ignore', 'ignore_ament_install']
[0.136s] Level 1:colcon.colcon_core.package_identification:_identify(src/ros2-ublox-zedf9p/ublox) by extension 'ignore'
[0.136s] Level 1:colcon.colcon_core.package_identification:_identify(src/ros2-ublox-zedf9p/ublox) by extension 'ignore_ament_install'
[0.136s] Level 1:colcon.colcon_core.package_identification:_identify(src/ros2-ublox-zedf9p/ublox) by extensions ['colcon_pkg']
[0.136s] Level 1:colcon.colcon_core.package_identification:_identify(src/ros2-ublox-zedf9p/ublox) by extension 'colcon_pkg'
[0.136s] Level 1:colcon.colcon_core.package_identification:_identify(src/ros2-ublox-zedf9p/ublox) by extensions ['colcon_meta']
[0.136s] Level 1:colcon.colcon_core.package_identification:_identify(src/ros2-ublox-zedf9p/ublox) by extension 'colcon_meta'
[0.136s] Level 1:colcon.colcon_core.package_identification:_identify(src/ros2-ublox-zedf9p/ublox) by extensions ['ros']
[0.136s] Level 1:colcon.colcon_core.package_identification:_identify(src/ros2-ublox-zedf9p/ublox) by extension 'ros'
[0.138s] DEBUG:colcon.colcon_core.package_identification:Package 'src/ros2-ublox-zedf9p/ublox' with type 'ros.ament_cmake' and name 'ublox'
[0.138s] Level 1:colcon.colcon_core.package_identification:_identify(src/ros2-ublox-zedf9p/ublox_gps) by extensions ['ignore', 'ignore_ament_install']
[0.138s] Level 1:colcon.colcon_core.package_identification:_identify(src/ros2-ublox-zedf9p/ublox_gps) by extension 'ignore'
[0.138s] Level 1:colcon.colcon_core.package_identification:_identify(src/ros2-ublox-zedf9p/ublox_gps) by extension 'ignore_ament_install'
[0.138s] Level 1:colcon.colcon_core.package_identification:_identify(src/ros2-ublox-zedf9p/ublox_gps) by extensions ['colcon_pkg']
[0.138s] Level 1:colcon.colcon_core.package_identification:_identify(src/ros2-ublox-zedf9p/ublox_gps) by extension 'colcon_pkg'
[0.138s] Level 1:colcon.colcon_core.package_identification:_identify(src/ros2-ublox-zedf9p/ublox_gps) by extensions ['colcon_meta']
[0.138s] Level 1:colcon.colcon_core.package_identification:_identify(src/ros2-ublox-zedf9p/ublox_gps) by extension 'colcon_meta'
[0.138s] Level 1:colcon.colcon_core.package_identification:_identify(src/ros2-ublox-zedf9p/ublox_gps) by extensions ['ros']
[0.138s] Level 1:colcon.colcon_core.package_identification:_identify(src/ros2-ublox-zedf9p/ublox_gps) by extension 'ros'
[0.139s] DEBUG:colcon.colcon_core.package_identification:Package 'src/ros2-ublox-zedf9p/ublox_gps' with type 'ros.ament_cmake' and name 'ublox_gps'
[0.139s] Level 1:colcon.colcon_core.package_identification:_identify(src/ros2-ublox-zedf9p/ublox_msgs) by extensions ['ignore', 'ignore_ament_install']
[0.139s] Level 1:colcon.colcon_core.package_identification:_identify(src/ros2-ublox-zedf9p/ublox_msgs) by extension 'ignore'
[0.139s] Level 1:colcon.colcon_core.package_identification:_identify(src/ros2-ublox-zedf9p/ublox_msgs) by extension 'ignore_ament_install'
[0.139s] Level 1:colcon.colcon_core.package_identification:_identify(src/ros2-ublox-zedf9p/ublox_msgs) by extensions ['colcon_pkg']
[0.139s] Level 1:colcon.colcon_core.package_identification:_identify(src/ros2-ublox-zedf9p/ublox_msgs) by extension 'colcon_pkg'
[0.139s] Level 1:colcon.colcon_core.package_identification:_identify(src/ros2-ublox-zedf9p/ublox_msgs) by extensions ['colcon_meta']
[0.139s] Level 1:colcon.colcon_core.package_identification:_identify(src/ros2-ublox-zedf9p/ublox_msgs) by extension 'colcon_meta'
[0.139s] Level 1:colcon.colcon_core.package_identification:_identify(src/ros2-ublox-zedf9p/ublox_msgs) by extensions ['ros']
[0.139s] Level 1:colcon.colcon_core.package_identification:_identify(src/ros2-ublox-zedf9p/ublox_msgs) by extension 'ros'
[0.139s] DEBUG:colcon.colcon_core.package_identification:Package 'src/ros2-ublox-zedf9p/ublox_msgs' with type 'ros.ament_cmake' and name 'ublox_msgs'
[0.140s] Level 1:colcon.colcon_core.package_identification:_identify(src/ros2-ublox-zedf9p/ublox_serialization) by extensions ['ignore', 'ignore_ament_install']
[0.140s] Level 1:colcon.colcon_core.package_identification:_identify(src/ros2-ublox-zedf9p/ublox_serialization) by extension 'ignore'
[0.140s] Level 1:colcon.colcon_core.package_identification:_identify(src/ros2-ublox-zedf9p/ublox_serialization) by extension 'ignore_ament_install'
[0.140s] Level 1:colcon.colcon_core.package_identification:_identify(src/ros2-ublox-zedf9p/ublox_serialization) by extensions ['colcon_pkg']
[0.140s] Level 1:colcon.colcon_core.package_identification:_identify(src/ros2-ublox-zedf9p/ublox_serialization) by extension 'colcon_pkg'
[0.140s] Level 1:colcon.colcon_core.package_identification:_identify(src/ros2-ublox-zedf9p/ublox_serialization) by extensions ['colcon_meta']
[0.140s] Level 1:colcon.colcon_core.package_identification:_identify(src/ros2-ublox-zedf9p/ublox_serialization) by extension 'colcon_meta'
[0.140s] Level 1:colcon.colcon_core.package_identification:_identify(src/ros2-ublox-zedf9p/ublox_serialization) by extensions ['ros']
[0.140s] Level 1:colcon.colcon_core.package_identification:_identify(src/ros2-ublox-zedf9p/ublox_serialization) by extension 'ros'
[0.140s] DEBUG:colcon.colcon_core.package_identification:Package 'src/ros2-ublox-zedf9p/ublox_serialization' with type 'ros.ament_cmake' and name 'ublox_serialization'
[0.140s] Level 1:colcon.colcon_core.package_discovery:discover_packages(recursive) using defaults
[0.140s] Level 1:colcon.colcon_core.package_discovery:discover_packages(ignore) discover
[0.140s] Level 1:colcon.colcon_core.package_discovery:discover_packages(ignore) using defaults
[0.140s] Level 1:colcon.colcon_core.package_discovery:discover_packages(path) discover
[0.140s] Level 1:colcon.colcon_core.package_discovery:discover_packages(path) using defaults
[0.156s] Level 1:colcon.colcon_core.package_discovery:discover_packages(prefix_path) check parameters
[0.156s] Level 1:colcon.colcon_core.package_discovery:discover_packages(prefix_path) discover
[0.157s] DEBUG:colcon.colcon_installed_package_information.package_discovery:Found 4 installed packages in /home/nuc11/ublox_ws/install
[0.158s] DEBUG:colcon.colcon_installed_package_information.package_discovery:Found 8 installed packages in /home/nuc11/ros2_ws/install
[0.158s] DEBUG:colcon.colcon_installed_package_information.package_discovery:Found 419 installed packages in /opt/ros/humble
[0.159s] Level 1:colcon.colcon_core.package_discovery:discover_packages(prefix_path) using defaults
[0.184s] Level 5:colcon.colcon_core.verb:set package 'ublox_serialization' build argument 'cmake_args' from command line to 'None'
[0.184s] Level 5:colcon.colcon_core.verb:set package 'ublox_serialization' build argument 'cmake_target' from command line to 'None'
[0.184s] Level 5:colcon.colcon_core.verb:set package 'ublox_serialization' build argument 'cmake_target_skip_unavailable' from command line to 'False'
[0.184s] Level 5:colcon.colcon_core.verb:set package 'ublox_serialization' build argument 'cmake_clean_cache' from command line to 'False'
[0.184s] Level 5:colcon.colcon_core.verb:set package 'ublox_serialization' build argument 'cmake_clean_first' from command line to 'False'
[0.184s] Level 5:colcon.colcon_core.verb:set package 'ublox_serialization' build argument 'cmake_force_configure' from command line to 'False'
[0.184s] Level 5:colcon.colcon_core.verb:set package 'ublox_serialization' build argument 'ament_cmake_args' from command line to 'None'
[0.184s] Level 5:colcon.colcon_core.verb:set package 'ublox_serialization' build argument 'catkin_cmake_args' from command line to 'None'
[0.184s] Level 5:colcon.colcon_core.verb:set package 'ublox_serialization' build argument 'catkin_skip_building_tests' from command line to 'False'
[0.184s] DEBUG:colcon.colcon_core.verb:Building package 'ublox_serialization' with the following arguments: {'ament_cmake_args': None, 'build_base': '/home/nuc11/ublox_ws/build/ublox_serialization', 'catkin_cmake_args': None, 'catkin_skip_building_tests': False, 'cmake_args': None, 'cmake_clean_cache': False, 'cmake_clean_first': False, 'cmake_force_configure': False, 'cmake_target': None, 'cmake_target_skip_unavailable': False, 'install_base': '/home/nuc11/ublox_ws/install/ublox_serialization', 'merge_install': False, 'path': '/home/nuc11/ublox_ws/src/ros2-ublox-zedf9p/ublox_serialization', 'symlink_install': True, 'test_result_base': None}
[0.184s] Level 5:colcon.colcon_core.verb:set package 'ublox_msgs' build argument 'cmake_args' from command line to 'None'
[0.185s] Level 5:colcon.colcon_core.verb:set package 'ublox_msgs' build argument 'cmake_target' from command line to 'None'
[0.185s] Level 5:colcon.colcon_core.verb:set package 'ublox_msgs' build argument 'cmake_target_skip_unavailable' from command line to 'False'
[0.185s] Level 5:colcon.colcon_core.verb:set package 'ublox_msgs' build argument 'cmake_clean_cache' from command line to 'False'
[0.185s] Level 5:colcon.colcon_core.verb:set package 'ublox_msgs' build argument 'cmake_clean_first' from command line to 'False'
[0.185s] Level 5:colcon.colcon_core.verb:set package 'ublox_msgs' build argument 'cmake_force_configure' from command line to 'False'
[0.185s] Level 5:colcon.colcon_core.verb:set package 'ublox_msgs' build argument 'ament_cmake_args' from command line to 'None'
[0.185s] Level 5:colcon.colcon_core.verb:set package 'ublox_msgs' build argument 'catkin_cmake_args' from command line to 'None'
[0.185s] Level 5:colcon.colcon_core.verb:set package 'ublox_msgs' build argument 'catkin_skip_building_tests' from command line to 'False'
[0.185s] DEBUG:colcon.colcon_core.verb:Building package 'ublox_msgs' with the following arguments: {'ament_cmake_args': None, 'build_base': '/home/nuc11/ublox_ws/build/ublox_msgs', 'catkin_cmake_args': None, 'catkin_skip_building_tests': False, 'cmake_args': None, 'cmake_clean_cache': False, 'cmake_clean_first': False, 'cmake_force_configure': False, 'cmake_target': None, 'cmake_target_skip_unavailable': False, 'install_base': '/home/nuc11/ublox_ws/install/ublox_msgs', 'merge_install': False, 'path': '/home/nuc11/ublox_ws/src/ros2-ublox-zedf9p/ublox_msgs', 'symlink_install': True, 'test_result_base': None}
[0.185s] Level 5:colcon.colcon_core.verb:set package 'ublox_gps' build argument 'cmake_args' from command line to 'None'
[0.185s] Level 5:colcon.colcon_core.verb:set package 'ublox_gps' build argument 'cmake_target' from command line to 'None'
[0.185s] Level 5:colcon.colcon_core.verb:set package 'ublox_gps' build argument 'cmake_target_skip_unavailable' from command line to 'False'
[0.185s] Level 5:colcon.colcon_core.verb:set package 'ublox_gps' build argument 'cmake_clean_cache' from command line to 'False'
[0.185s] Level 5:colcon.colcon_core.verb:set package 'ublox_gps' build argument 'cmake_clean_first' from command line to 'False'
[0.185s] Level 5:colcon.colcon_core.verb:set package 'ublox_gps' build argument 'cmake_force_configure' from command line to 'False'
[0.185s] Level 5:colcon.colcon_core.verb:set package 'ublox_gps' build argument 'ament_cmake_args' from command line to 'None'
[0.185s] Level 5:colcon.colcon_core.verb:set package 'ublox_gps' build argument 'catkin_cmake_args' from command line to 'None'
[0.185s] Level 5:colcon.colcon_core.verb:set package 'ublox_gps' build argument 'catkin_skip_building_tests' from command line to 'False'
[0.185s] DEBUG:colcon.colcon_core.verb:Building package 'ublox_gps' with the following arguments: {'ament_cmake_args': None, 'build_base': '/home/nuc11/ublox_ws/build/ublox_gps', 'catkin_cmake_args': None, 'catkin_skip_building_tests': False, 'cmake_args': None, 'cmake_clean_cache': False, 'cmake_clean_first': False, 'cmake_force_configure': False, 'cmake_target': None, 'cmake_target_skip_unavailable': False, 'install_base': '/home/nuc11/ublox_ws/install/ublox_gps', 'merge_install': False, 'path': '/home/nuc11/ublox_ws/src/ros2-ublox-zedf9p/ublox_gps', 'symlink_install': True, 'test_result_base': None}
[0.185s] Level 5:colcon.colcon_core.verb:set package 'ublox' build argument 'cmake_args' from command line to 'None'
[0.185s] Level 5:colcon.colcon_core.verb:set package 'ublox' build argument 'cmake_target' from command line to 'None'
[0.185s] Level 5:colcon.colcon_core.verb:set package 'ublox' build argument 'cmake_target_skip_unavailable' from command line to 'False'
[0.185s] Level 5:colcon.colcon_core.verb:set package 'ublox' build argument 'cmake_clean_cache' from command line to 'False'
[0.185s] Level 5:colcon.colcon_core.verb:set package 'ublox' build argument 'cmake_clean_first' from command line to 'False'
[0.185s] Level 5:colcon.colcon_core.verb:set package 'ublox' build argument 'cmake_force_configure' from command line to 'False'
[0.185s] Level 5:colcon.colcon_core.verb:set package 'ublox' build argument 'ament_cmake_args' from command line to 'None'
[0.185s] Level 5:colcon.colcon_core.verb:set package 'ublox' build argument 'catkin_cmake_args' from command line to 'None'
[0.185s] Level 5:colcon.colcon_core.verb:set package 'ublox' build argument 'catkin_skip_building_tests' from command line to 'False'
[0.185s] DEBUG:colcon.colcon_core.verb:Building package 'ublox' with the following arguments: {'ament_cmake_args': None, 'build_base': '/home/nuc11/ublox_ws/build/ublox', 'catkin_cmake_args': None, 'catkin_skip_building_tests': False, 'cmake_args': None, 'cmake_clean_cache': False, 'cmake_clean_first': False, 'cmake_force_configure': False, 'cmake_target': None, 'cmake_target_skip_unavailable': False, 'install_base': '/home/nuc11/ublox_ws/install/ublox', 'merge_install': False, 'path': '/home/nuc11/ublox_ws/src/ros2-ublox-zedf9p/ublox', 'symlink_install': True, 'test_result_base': None}
[0.185s] INFO:colcon.colcon_core.executor:Executing jobs using 'parallel' executor
[0.186s] DEBUG:colcon.colcon_parallel_executor.executor.parallel:run_until_complete
[0.186s] INFO:colcon.colcon_ros.task.ament_cmake.build:Building ROS package in '/home/nuc11/ublox_ws/src/ros2-ublox-zedf9p/ublox_serialization' with build type 'ament_cmake'
[0.186s] INFO:colcon.colcon_cmake.task.cmake.build:Building CMake package in '/home/nuc11/ublox_ws/src/ros2-ublox-zedf9p/ublox_serialization'
[0.188s] INFO:colcon.colcon_core.plugin_system:Skipping extension 'colcon_core.shell.bat': Not used on non-Windows systems
[0.188s] INFO:colcon.colcon_core.shell:Skip shell extension 'powershell' for command environment: Not usable outside of PowerShell
[0.188s] DEBUG:colcon.colcon_core.shell:Skip shell extension 'dsv' for command environment
[0.194s] DEBUG:colcon.colcon_core.event_handler.log_command:Invoking command in '/home/nuc11/ublox_ws/build/ublox_serialization': CMAKE_PREFIX_PATH=${CMAKE_PREFIX_PATH}:/home/nuc11/ros2_ws/install/point_cloud_downsampling:/opt/ros/humble /usr/bin/cmake --build /home/nuc11/ublox_ws/build/ublox_serialization -- -j16 -l16
[0.218s] DEBUG:colcon.colcon_core.event_handler.log_command:Invoked command in '/home/nuc11/ublox_ws/build/ublox_serialization' returned '0': CMAKE_PREFIX_PATH=${CMAKE_PREFIX_PATH}:/home/nuc11/ros2_ws/install/point_cloud_downsampling:/opt/ros/humble /usr/bin/cmake --build /home/nuc11/ublox_ws/build/ublox_serialization -- -j16 -l16
[0.224s] DEBUG:colcon.colcon_core.event_handler.log_command:Invoking command in '/home/nuc11/ublox_ws/build/ublox_serialization': CMAKE_PREFIX_PATH=${CMAKE_PREFIX_PATH}:/home/nuc11/ros2_ws/install/point_cloud_downsampling:/opt/ros/humble /usr/bin/cmake --install /home/nuc11/ublox_ws/build/ublox_serialization
[0.235s] Level 1:colcon.colcon_core.environment:create_environment_scripts_only(ublox_serialization)
[0.236s] DEBUG:colcon.colcon_core.event_handler.log_command:Invoked command in '/home/nuc11/ublox_ws/build/ublox_serialization' returned '0': CMAKE_PREFIX_PATH=${CMAKE_PREFIX_PATH}:/home/nuc11/ros2_ws/install/point_cloud_downsampling:/opt/ros/humble /usr/bin/cmake --install /home/nuc11/ublox_ws/build/ublox_serialization
[0.237s] Level 1:colcon.colcon_core.environment:checking '/home/nuc11/ublox_ws/install/ublox_serialization' for CMake module files
[0.237s] Level 1:colcon.colcon_core.environment:checking '/home/nuc11/ublox_ws/install/ublox_serialization' for CMake config files
[0.237s] Level 1:colcon.colcon_core.shell:create_environment_hook('ublox_serialization', 'cmake_prefix_path')
[0.237s] INFO:colcon.colcon_core.shell:Creating environment hook '/home/nuc11/ublox_ws/install/ublox_serialization/share/ublox_serialization/hook/cmake_prefix_path.ps1'
[0.238s] INFO:colcon.colcon_core.shell:Creating environment descriptor '/home/nuc11/ublox_ws/install/ublox_serialization/share/ublox_serialization/hook/cmake_prefix_path.dsv'
[0.238s] INFO:colcon.colcon_core.shell:Creating environment hook '/home/nuc11/ublox_ws/install/ublox_serialization/share/ublox_serialization/hook/cmake_prefix_path.sh'
[0.238s] Level 1:colcon.colcon_core.environment:checking '/home/nuc11/ublox_ws/install/ublox_serialization/bin'
[0.238s] Level 1:colcon.colcon_core.environment:checking '/home/nuc11/ublox_ws/install/ublox_serialization/lib/pkgconfig/ublox_serialization.pc'
[0.238s] Level 1:colcon.colcon_core.environment:checking '/home/nuc11/ublox_ws/install/ublox_serialization/lib/python3.10/site-packages'
[0.238s] Level 1:colcon.colcon_core.environment:checking '/home/nuc11/ublox_ws/install/ublox_serialization/bin'
[0.239s] INFO:colcon.colcon_core.shell:Creating package script '/home/nuc11/ublox_ws/install/ublox_serialization/share/ublox_serialization/package.ps1'
[0.239s] INFO:colcon.colcon_core.shell:Creating package descriptor '/home/nuc11/ublox_ws/install/ublox_serialization/share/ublox_serialization/package.dsv'
[0.239s] INFO:colcon.colcon_core.shell:Creating package script '/home/nuc11/ublox_ws/install/ublox_serialization/share/ublox_serialization/package.sh'
[0.239s] INFO:colcon.colcon_core.shell:Creating package script '/home/nuc11/ublox_ws/install/ublox_serialization/share/ublox_serialization/package.bash'
[0.240s] INFO:colcon.colcon_core.shell:Creating package script '/home/nuc11/ublox_ws/install/ublox_serialization/share/ublox_serialization/package.zsh'
[0.240s] Level 1:colcon.colcon_core.environment:create_file_with_runtime_dependencies(/home/nuc11/ublox_ws/install/ublox_serialization/share/colcon-core/packages/ublox_serialization)
[0.240s] Level 1:colcon.colcon_core.environment:create_environment_scripts_only(ublox_serialization)
[0.240s] Level 1:colcon.colcon_core.environment:checking '/home/nuc11/ublox_ws/install/ublox_serialization' for CMake module files
[0.241s] Level 1:colcon.colcon_core.environment:checking '/home/nuc11/ublox_ws/install/ublox_serialization' for CMake config files
[0.241s] Level 1:colcon.colcon_core.shell:create_environment_hook('ublox_serialization', 'cmake_prefix_path')
[0.241s] INFO:colcon.colcon_core.shell:Creating environment hook '/home/nuc11/ublox_ws/install/ublox_serialization/share/ublox_serialization/hook/cmake_prefix_path.ps1'
[0.241s] INFO:colcon.colcon_core.shell:Creating environment descriptor '/home/nuc11/ublox_ws/install/ublox_serialization/share/ublox_serialization/hook/cmake_prefix_path.dsv'
[0.241s] INFO:colcon.colcon_core.shell:Creating environment hook '/home/nuc11/ublox_ws/install/ublox_serialization/share/ublox_serialization/hook/cmake_prefix_path.sh'
[0.241s] Level 1:colcon.colcon_core.environment:checking '/home/nuc11/ublox_ws/install/ublox_serialization/bin'
[0.241s] Level 1:colcon.colcon_core.environment:checking '/home/nuc11/ublox_ws/install/ublox_serialization/lib/pkgconfig/ublox_serialization.pc'
[0.242s] Level 1:colcon.colcon_core.environment:checking '/home/nuc11/ublox_ws/install/ublox_serialization/lib/python3.10/site-packages'
[0.242s] Level 1:colcon.colcon_core.environment:checking '/home/nuc11/ublox_ws/install/ublox_serialization/bin'
[0.242s] INFO:colcon.colcon_core.shell:Creating package script '/home/nuc11/ublox_ws/install/ublox_serialization/share/ublox_serialization/package.ps1'
[0.242s] INFO:colcon.colcon_core.shell:Creating package descriptor '/home/nuc11/ublox_ws/install/ublox_serialization/share/ublox_serialization/package.dsv'
[0.242s] INFO:colcon.colcon_core.shell:Creating package script '/home/nuc11/ublox_ws/install/ublox_serialization/share/ublox_serialization/package.sh'
[0.242s] INFO:colcon.colcon_core.shell:Creating package script '/home/nuc11/ublox_ws/install/ublox_serialization/share/ublox_serialization/package.bash'
[0.243s] INFO:colcon.colcon_core.shell:Creating package script '/home/nuc11/ublox_ws/install/ublox_serialization/share/ublox_serialization/package.zsh'
[0.243s] Level 1:colcon.colcon_core.environment:create_file_with_runtime_dependencies(/home/nuc11/ublox_ws/install/ublox_serialization/share/colcon-core/packages/ublox_serialization)
[0.243s] INFO:colcon.colcon_ros.task.ament_cmake.build:Building ROS package in '/home/nuc11/ublox_ws/src/ros2-ublox-zedf9p/ublox_msgs' with build type 'ament_cmake'
[0.243s] INFO:colcon.colcon_cmake.task.cmake.build:Building CMake package in '/home/nuc11/ublox_ws/src/ros2-ublox-zedf9p/ublox_msgs'
[0.243s] INFO:colcon.colcon_core.shell:Skip shell extension 'powershell' for command environment: Not usable outside of PowerShell
[0.243s] DEBUG:colcon.colcon_core.shell:Skip shell extension 'dsv' for command environment
[0.249s] DEBUG:colcon.colcon_core.event_handler.log_command:Invoking command in '/home/nuc11/ublox_ws/build/ublox_msgs': CMAKE_PREFIX_PATH=/home/nuc11/ublox_ws/install/ublox_serialization:/home/nuc11/ublox_ws/install/ublox:/home/nuc11/ublox_ws/install/ublox_gps:/home/nuc11/ublox_ws/install/ublox_msgs:/home/nuc11/ros2_ws/install/multisense_ros:/home/nuc11/ros2_ws/install/xacro:/home/nuc11/ros2_ws/install/segway_msgs:/home/nuc11/ros2_ws/install/ouster_ros:/home/nuc11/ros2_ws/install/ouster_sensor_msgs:/home/nuc11/ros2_ws/install/multisense_msgs:/home/nuc11/ros2_ws/install/multisense_lib:/home/nuc11/ros2_ws/install/point_cloud_downsampling:/opt/ros/humble /usr/bin/cmake --build /home/nuc11/ublox_ws/build/ublox_msgs -- -j16 -l16
[0.510s] DEBUG:colcon.colcon_core.event_handler.log_command:Invoked command in '/home/nuc11/ublox_ws/build/ublox_msgs' returned '0': CMAKE_PREFIX_PATH=/home/nuc11/ublox_ws/install/ublox_serialization:/home/nuc11/ublox_ws/install/ublox:/home/nuc11/ublox_ws/install/ublox_gps:/home/nuc11/ublox_ws/install/ublox_msgs:/home/nuc11/ros2_ws/install/multisense_ros:/home/nuc11/ros2_ws/install/xacro:/home/nuc11/ros2_ws/install/segway_msgs:/home/nuc11/ros2_ws/install/ouster_ros:/home/nuc11/ros2_ws/install/ouster_sensor_msgs:/home/nuc11/ros2_ws/install/multisense_msgs:/home/nuc11/ros2_ws/install/multisense_lib:/home/nuc11/ros2_ws/install/point_cloud_downsampling:/opt/ros/humble /usr/bin/cmake --build /home/nuc11/ublox_ws/build/ublox_msgs -- -j16 -l16
[0.510s] DEBUG:colcon.colcon_core.event_handler.log_command:Invoking command in '/home/nuc11/ublox_ws/build/ublox_msgs': CMAKE_PREFIX_PATH=/home/nuc11/ublox_ws/install/ublox_serialization:/home/nuc11/ublox_ws/install/ublox:/home/nuc11/ublox_ws/install/ublox_gps:/home/nuc11/ublox_ws/install/ublox_msgs:/home/nuc11/ros2_ws/install/multisense_ros:/home/nuc11/ros2_ws/install/xacro:/home/nuc11/ros2_ws/install/segway_msgs:/home/nuc11/ros2_ws/install/ouster_ros:/home/nuc11/ros2_ws/install/ouster_sensor_msgs:/home/nuc11/ros2_ws/install/multisense_msgs:/home/nuc11/ros2_ws/install/multisense_lib:/home/nuc11/ros2_ws/install/point_cloud_downsampling:/opt/ros/humble /usr/bin/cmake --install /home/nuc11/ublox_ws/build/ublox_msgs
[0.604s] Level 1:colcon.colcon_core.environment:create_environment_scripts_only(ublox_msgs)
[0.604s] Level 1:colcon.colcon_core.environment:checking '/home/nuc11/ublox_ws/install/ublox_msgs' for CMake module files
[0.604s] DEBUG:colcon.colcon_core.event_handler.log_command:Invoked command in '/home/nuc11/ublox_ws/build/ublox_msgs' returned '0': CMAKE_PREFIX_PATH=/home/nuc11/ublox_ws/install/ublox_serialization:/home/nuc11/ublox_ws/install/ublox:/home/nuc11/ublox_ws/install/ublox_gps:/home/nuc11/ublox_ws/install/ublox_msgs:/home/nuc11/ros2_ws/install/multisense_ros:/home/nuc11/ros2_ws/install/xacro:/home/nuc11/ros2_ws/install/segway_msgs:/home/nuc11/ros2_ws/install/ouster_ros:/home/nuc11/ros2_ws/install/ouster_sensor_msgs:/home/nuc11/ros2_ws/install/multisense_msgs:/home/nuc11/ros2_ws/install/multisense_lib:/home/nuc11/ros2_ws/install/point_cloud_downsampling:/opt/ros/humble /usr/bin/cmake --install /home/nuc11/ublox_ws/build/ublox_msgs
[0.605s] Level 1:colcon.colcon_core.environment:checking '/home/nuc11/ublox_ws/install/ublox_msgs' for CMake config files
[0.608s] Level 1:colcon.colcon_core.shell:create_environment_hook('ublox_msgs', 'cmake_prefix_path')
[0.608s] INFO:colcon.colcon_core.shell:Creating environment hook '/home/nuc11/ublox_ws/install/ublox_msgs/share/ublox_msgs/hook/cmake_prefix_path.ps1'
[0.608s] INFO:colcon.colcon_core.shell:Creating environment descriptor '/home/nuc11/ublox_ws/install/ublox_msgs/share/ublox_msgs/hook/cmake_prefix_path.dsv'
[0.608s] INFO:colcon.colcon_core.shell:Creating environment hook '/home/nuc11/ublox_ws/install/ublox_msgs/share/ublox_msgs/hook/cmake_prefix_path.sh'
[0.609s] Level 1:colcon.colcon_core.environment:checking '/home/nuc11/ublox_ws/install/ublox_msgs/lib'
[0.609s] Level 1:colcon.colcon_core.shell:create_environment_hook('ublox_msgs', 'ld_library_path_lib')
[0.609s] INFO:colcon.colcon_core.shell:Creating environment hook '/home/nuc11/ublox_ws/install/ublox_msgs/share/ublox_msgs/hook/ld_library_path_lib.ps1'
[0.609s] INFO:colcon.colcon_core.shell:Creating environment descriptor '/home/nuc11/ublox_ws/install/ublox_msgs/share/ublox_msgs/hook/ld_library_path_lib.dsv'
[0.609s] INFO:colcon.colcon_core.shell:Creating environment hook '/home/nuc11/ublox_ws/install/ublox_msgs/share/ublox_msgs/hook/ld_library_path_lib.sh'
[0.609s] Level 1:colcon.colcon_core.environment:checking '/home/nuc11/ublox_ws/install/ublox_msgs/bin'
[0.609s] Level 1:colcon.colcon_core.environment:checking '/home/nuc11/ublox_ws/install/ublox_msgs/lib/pkgconfig/ublox_msgs.pc'
[0.609s] Level 1:colcon.colcon_core.environment:checking '/home/nuc11/ublox_ws/install/ublox_msgs/lib/python3.10/site-packages'
[0.609s] Level 1:colcon.colcon_core.environment:checking '/home/nuc11/ublox_ws/install/ublox_msgs/bin'
[0.610s] INFO:colcon.colcon_core.shell:Creating package script '/home/nuc11/ublox_ws/install/ublox_msgs/share/ublox_msgs/package.ps1'
[0.610s] INFO:colcon.colcon_core.shell:Creating package descriptor '/home/nuc11/ublox_ws/install/ublox_msgs/share/ublox_msgs/package.dsv'
[0.610s] INFO:colcon.colcon_core.shell:Creating package script '/home/nuc11/ublox_ws/install/ublox_msgs/share/ublox_msgs/package.sh'
[0.610s] INFO:colcon.colcon_core.shell:Creating package script '/home/nuc11/ublox_ws/install/ublox_msgs/share/ublox_msgs/package.bash'
[0.610s] INFO:colcon.colcon_core.shell:Creating package script '/home/nuc11/ublox_ws/install/ublox_msgs/share/ublox_msgs/package.zsh'
[0.610s] Level 1:colcon.colcon_core.environment:create_file_with_runtime_dependencies(/home/nuc11/ublox_ws/install/ublox_msgs/share/colcon-core/packages/ublox_msgs)
[0.611s] Level 1:colcon.colcon_core.environment:create_environment_scripts_only(ublox_msgs)
[0.611s] Level 1:colcon.colcon_core.environment:checking '/home/nuc11/ublox_ws/install/ublox_msgs' for CMake module files
[0.611s] Level 1:colcon.colcon_core.environment:checking '/home/nuc11/ublox_ws/install/ublox_msgs' for CMake config files
[0.614s] Level 1:colcon.colcon_core.shell:create_environment_hook('ublox_msgs', 'cmake_prefix_path')
[0.614s] INFO:colcon.colcon_core.shell:Creating environment hook '/home/nuc11/ublox_ws/install/ublox_msgs/share/ublox_msgs/hook/cmake_prefix_path.ps1'
[0.615s] INFO:colcon.colcon_core.shell:Creating environment descriptor '/home/nuc11/ublox_ws/install/ublox_msgs/share/ublox_msgs/hook/cmake_prefix_path.dsv'
[0.615s] INFO:colcon.colcon_core.shell:Creating environment hook '/home/nuc11/ublox_ws/install/ublox_msgs/share/ublox_msgs/hook/cmake_prefix_path.sh'
[0.615s] Level 1:colcon.colcon_core.environment:checking '/home/nuc11/ublox_ws/install/ublox_msgs/lib'
[0.615s] Level 1:colcon.colcon_core.shell:create_environment_hook('ublox_msgs', 'ld_library_path_lib')
[0.615s] INFO:colcon.colcon_core.shell:Creating environment hook '/home/nuc11/ublox_ws/install/ublox_msgs/share/ublox_msgs/hook/ld_library_path_lib.ps1'
[0.615s] INFO:colcon.colcon_core.shell:Creating environment descriptor '/home/nuc11/ublox_ws/install/ublox_msgs/share/ublox_msgs/hook/ld_library_path_lib.dsv'
[0.615s] INFO:colcon.colcon_core.shell:Creating environment hook '/home/nuc11/ublox_ws/install/ublox_msgs/share/ublox_msgs/hook/ld_library_path_lib.sh'
[0.616s] Level 1:colcon.colcon_core.environment:checking '/home/nuc11/ublox_ws/install/ublox_msgs/bin'
[0.616s] Level 1:colcon.colcon_core.environment:checking '/home/nuc11/ublox_ws/install/ublox_msgs/lib/pkgconfig/ublox_msgs.pc'
[0.616s] Level 1:colcon.colcon_core.environment:checking '/home/nuc11/ublox_ws/install/ublox_msgs/lib/python3.10/site-packages'
[0.616s] Level 1:colcon.colcon_core.environment:checking '/home/nuc11/ublox_ws/install/ublox_msgs/bin'
[0.616s] INFO:colcon.colcon_core.shell:Creating package script '/home/nuc11/ublox_ws/install/ublox_msgs/share/ublox_msgs/package.ps1'
[0.616s] INFO:colcon.colcon_core.shell:Creating package descriptor '/home/nuc11/ublox_ws/install/ublox_msgs/share/ublox_msgs/package.dsv'
[0.616s] INFO:colcon.colcon_core.shell:Creating package script '/home/nuc11/ublox_ws/install/ublox_msgs/share/ublox_msgs/package.sh'
[0.617s] INFO:colcon.colcon_core.shell:Creating package script '/home/nuc11/ublox_ws/install/ublox_msgs/share/ublox_msgs/package.bash'
[0.617s] INFO:colcon.colcon_core.shell:Creating package script '/home/nuc11/ublox_ws/install/ublox_msgs/share/ublox_msgs/package.zsh'
[0.617s] Level 1:colcon.colcon_core.environment:create_file_with_runtime_dependencies(/home/nuc11/ublox_ws/install/ublox_msgs/share/colcon-core/packages/ublox_msgs)
[0.617s] INFO:colcon.colcon_ros.task.ament_cmake.build:Building ROS package in '/home/nuc11/ublox_ws/src/ros2-ublox-zedf9p/ublox_gps' with build type 'ament_cmake'
[0.617s] INFO:colcon.colcon_cmake.task.cmake.build:Building CMake package in '/home/nuc11/ublox_ws/src/ros2-ublox-zedf9p/ublox_gps'
[0.617s] INFO:colcon.colcon_core.shell:Skip shell extension 'powershell' for command environment: Not usable outside of PowerShell
[0.617s] DEBUG:colcon.colcon_core.shell:Skip shell extension 'dsv' for command environment
[0.625s] DEBUG:colcon.colcon_core.event_handler.log_command:Invoking command in '/home/nuc11/ublox_ws/build/ublox_gps': CMAKE_PREFIX_PATH=/home/nuc11/ublox_ws/install/ublox_msgs:/home/nuc11/ublox_ws/install/ublox_serialization:/home/nuc11/ublox_ws/install/ublox:/home/nuc11/ublox_ws/install/ublox_gps:/home/nuc11/ros2_ws/install/multisense_ros:/home/nuc11/ros2_ws/install/xacro:/home/nuc11/ros2_ws/install/segway_msgs:/home/nuc11/ros2_ws/install/ouster_ros:/home/nuc11/ros2_ws/install/ouster_sensor_msgs:/home/nuc11/ros2_ws/install/multisense_msgs:/home/nuc11/ros2_ws/install/multisense_lib:/home/nuc11/ros2_ws/install/point_cloud_downsampling:/opt/ros/humble LD_LIBRARY_PATH=/home/nuc11/ublox_ws/install/ublox_msgs/lib:/home/nuc11/ublox_ws/install/ublox_gps/lib:/home/nuc11/ros2_ws/install/segway_msgs/lib:/home/nuc11/ros2_ws/install/ouster_ros/lib:/home/nuc11/ros2_ws/install/ouster_sensor_msgs/lib:/home/nuc11/ros2_ws/install/multisense_msgs/lib:/home/nuc11/ros2_ws/install/multisense_lib/lib:/usr/lib/x86_64-linux-gnu/gazebo-11/plugins:/opt/ros/humble/opt/rviz_ogre_vendor/lib:/opt/ros/humble/lib/x86_64-linux-gnu:/opt/ros/humble/lib /usr/bin/cmake --build /home/nuc11/ublox_ws/build/ublox_gps -- -j16 -l16
[0.731s] DEBUG:colcon.colcon_core.event_handler.log_command:Invoked command in '/home/nuc11/ublox_ws/build/ublox_gps' returned '0': CMAKE_PREFIX_PATH=/home/nuc11/ublox_ws/install/ublox_msgs:/home/nuc11/ublox_ws/install/ublox_serialization:/home/nuc11/ublox_ws/install/ublox:/home/nuc11/ublox_ws/install/ublox_gps:/home/nuc11/ros2_ws/install/multisense_ros:/home/nuc11/ros2_ws/install/xacro:/home/nuc11/ros2_ws/install/segway_msgs:/home/nuc11/ros2_ws/install/ouster_ros:/home/nuc11/ros2_ws/install/ouster_sensor_msgs:/home/nuc11/ros2_ws/install/multisense_msgs:/home/nuc11/ros2_ws/install/multisense_lib:/home/nuc11/ros2_ws/install/point_cloud_downsampling:/opt/ros/humble LD_LIBRARY_PATH=/home/nuc11/ublox_ws/install/ublox_msgs/lib:/home/nuc11/ublox_ws/install/ublox_gps/lib:/home/nuc11/ros2_ws/install/segway_msgs/lib:/home/nuc11/ros2_ws/install/ouster_ros/lib:/home/nuc11/ros2_ws/install/ouster_sensor_msgs/lib:/home/nuc11/ros2_ws/install/multisense_msgs/lib:/home/nuc11/ros2_ws/install/multisense_lib/lib:/usr/lib/x86_64-linux-gnu/gazebo-11/plugins:/opt/ros/humble/opt/rviz_ogre_vendor/lib:/opt/ros/humble/lib/x86_64-linux-gnu:/opt/ros/humble/lib /usr/bin/cmake --build /home/nuc11/ublox_ws/build/ublox_gps -- -j16 -l16
[0.732s] DEBUG:colcon.colcon_core.event_handler.log_command:Invoking command in '/home/nuc11/ublox_ws/build/ublox_gps': CMAKE_PREFIX_PATH=/home/nuc11/ublox_ws/install/ublox_msgs:/home/nuc11/ublox_ws/install/ublox_serialization:/home/nuc11/ublox_ws/install/ublox:/home/nuc11/ublox_ws/install/ublox_gps:/home/nuc11/ros2_ws/install/multisense_ros:/home/nuc11/ros2_ws/install/xacro:/home/nuc11/ros2_ws/install/segway_msgs:/home/nuc11/ros2_ws/install/ouster_ros:/home/nuc11/ros2_ws/install/ouster_sensor_msgs:/home/nuc11/ros2_ws/install/multisense_msgs:/home/nuc11/ros2_ws/install/multisense_lib:/home/nuc11/ros2_ws/install/point_cloud_downsampling:/opt/ros/humble LD_LIBRARY_PATH=/home/nuc11/ublox_ws/install/ublox_msgs/lib:/home/nuc11/ublox_ws/install/ublox_gps/lib:/home/nuc11/ros2_ws/install/segway_msgs/lib:/home/nuc11/ros2_ws/install/ouster_ros/lib:/home/nuc11/ros2_ws/install/ouster_sensor_msgs/lib:/home/nuc11/ros2_ws/install/multisense_msgs/lib:/home/nuc11/ros2_ws/install/multisense_lib/lib:/usr/lib/x86_64-linux-gnu/gazebo-11/plugins:/opt/ros/humble/opt/rviz_ogre_vendor/lib:/opt/ros/humble/lib/x86_64-linux-gnu:/opt/ros/humble/lib /usr/bin/cmake --install /home/nuc11/ublox_ws/build/ublox_gps
[0.746s] Level 1:colcon.colcon_core.environment:create_environment_scripts_only(ublox_gps)
[0.746s] Level 1:colcon.colcon_core.environment:checking '/home/nuc11/ublox_ws/install/ublox_gps' for CMake module files
[0.747s] DEBUG:colcon.colcon_core.event_handler.log_command:Invoked command in '/home/nuc11/ublox_ws/build/ublox_gps' returned '0': CMAKE_PREFIX_PATH=/home/nuc11/ublox_ws/install/ublox_msgs:/home/nuc11/ublox_ws/install/ublox_serialization:/home/nuc11/ublox_ws/install/ublox:/home/nuc11/ublox_ws/install/ublox_gps:/home/nuc11/ros2_ws/install/multisense_ros:/home/nuc11/ros2_ws/install/xacro:/home/nuc11/ros2_ws/install/segway_msgs:/home/nuc11/ros2_ws/install/ouster_ros:/home/nuc11/ros2_ws/install/ouster_sensor_msgs:/home/nuc11/ros2_ws/install/multisense_msgs:/home/nuc11/ros2_ws/install/multisense_lib:/home/nuc11/ros2_ws/install/point_cloud_downsampling:/opt/ros/humble LD_LIBRARY_PATH=/home/nuc11/ublox_ws/install/ublox_msgs/lib:/home/nuc11/ublox_ws/install/ublox_gps/lib:/home/nuc11/ros2_ws/install/segway_msgs/lib:/home/nuc11/ros2_ws/install/ouster_ros/lib:/home/nuc11/ros2_ws/install/ouster_sensor_msgs/lib:/home/nuc11/ros2_ws/install/multisense_msgs/lib:/home/nuc11/ros2_ws/install/multisense_lib/lib:/usr/lib/x86_64-linux-gnu/gazebo-11/plugins:/opt/ros/humble/opt/rviz_ogre_vendor/lib:/opt/ros/humble/lib/x86_64-linux-gnu:/opt/ros/humble/lib /usr/bin/cmake --install /home/nuc11/ublox_ws/build/ublox_gps
[0.747s] Level 1:colcon.colcon_core.environment:checking '/home/nuc11/ublox_ws/install/ublox_gps' for CMake config files
[0.747s] Level 1:colcon.colcon_core.shell:create_environment_hook('ublox_gps', 'cmake_prefix_path')
[0.747s] INFO:colcon.colcon_core.shell:Creating environment hook '/home/nuc11/ublox_ws/install/ublox_gps/share/ublox_gps/hook/cmake_prefix_path.ps1'
[0.748s] INFO:colcon.colcon_core.shell:Creating environment descriptor '/home/nuc11/ublox_ws/install/ublox_gps/share/ublox_gps/hook/cmake_prefix_path.dsv'
[0.748s] INFO:colcon.colcon_core.shell:Creating environment hook '/home/nuc11/ublox_ws/install/ublox_gps/share/ublox_gps/hook/cmake_prefix_path.sh'
[0.748s] Level 1:colcon.colcon_core.environment:checking '/home/nuc11/ublox_ws/install/ublox_gps/lib'
[0.748s] Level 1:colcon.colcon_core.shell:create_environment_hook('ublox_gps', 'ld_library_path_lib')
[0.748s] INFO:colcon.colcon_core.shell:Creating environment hook '/home/nuc11/ublox_ws/install/ublox_gps/share/ublox_gps/hook/ld_library_path_lib.ps1'
[0.748s] INFO:colcon.colcon_core.shell:Creating environment descriptor '/home/nuc11/ublox_ws/install/ublox_gps/share/ublox_gps/hook/ld_library_path_lib.dsv'
[0.748s] INFO:colcon.colcon_core.shell:Creating environment hook '/home/nuc11/ublox_ws/install/ublox_gps/share/ublox_gps/hook/ld_library_path_lib.sh'
[0.749s] Level 1:colcon.colcon_core.environment:checking '/home/nuc11/ublox_ws/install/ublox_gps/bin'
[0.749s] Level 1:colcon.colcon_core.environment:checking '/home/nuc11/ublox_ws/install/ublox_gps/lib/pkgconfig/ublox_gps.pc'
[0.749s] Level 1:colcon.colcon_core.environment:checking '/home/nuc11/ublox_ws/install/ublox_gps/lib/python3.10/site-packages'
[0.749s] Level 1:colcon.colcon_core.environment:checking '/home/nuc11/ublox_ws/install/ublox_gps/bin'
[0.749s] INFO:colcon.colcon_core.shell:Creating package script '/home/nuc11/ublox_ws/install/ublox_gps/share/ublox_gps/package.ps1'
[0.749s] INFO:colcon.colcon_core.shell:Creating package descriptor '/home/nuc11/ublox_ws/install/ublox_gps/share/ublox_gps/package.dsv'
[0.749s] INFO:colcon.colcon_core.shell:Creating package script '/home/nuc11/ublox_ws/install/ublox_gps/share/ublox_gps/package.sh'
[0.750s] INFO:colcon.colcon_core.shell:Creating package script '/home/nuc11/ublox_ws/install/ublox_gps/share/ublox_gps/package.bash'
[0.750s] INFO:colcon.colcon_core.shell:Creating package script '/home/nuc11/ublox_ws/install/ublox_gps/share/ublox_gps/package.zsh'
[0.750s] Level 1:colcon.colcon_core.environment:create_file_with_runtime_dependencies(/home/nuc11/ublox_ws/install/ublox_gps/share/colcon-core/packages/ublox_gps)
[0.750s] Level 1:colcon.colcon_core.environment:create_environment_scripts_only(ublox_gps)
[0.750s] Level 1:colcon.colcon_core.environment:checking '/home/nuc11/ublox_ws/install/ublox_gps' for CMake module files
[0.750s] Level 1:colcon.colcon_core.environment:checking '/home/nuc11/ublox_ws/install/ublox_gps' for CMake config files
[0.751s] Level 1:colcon.colcon_core.shell:create_environment_hook('ublox_gps', 'cmake_prefix_path')
[0.751s] INFO:colcon.colcon_core.shell:Creating environment hook '/home/nuc11/ublox_ws/install/ublox_gps/share/ublox_gps/hook/cmake_prefix_path.ps1'
[0.751s] INFO:colcon.colcon_core.shell:Creating environment descriptor '/home/nuc11/ublox_ws/install/ublox_gps/share/ublox_gps/hook/cmake_prefix_path.dsv'
[0.751s] INFO:colcon.colcon_core.shell:Creating environment hook '/home/nuc11/ublox_ws/install/ublox_gps/share/ublox_gps/hook/cmake_prefix_path.sh'
[0.751s] Level 1:colcon.colcon_core.environment:checking '/home/nuc11/ublox_ws/install/ublox_gps/lib'
[0.751s] Level 1:colcon.colcon_core.shell:create_environment_hook('ublox_gps', 'ld_library_path_lib')
[0.751s] INFO:colcon.colcon_core.shell:Creating environment hook '/home/nuc11/ublox_ws/install/ublox_gps/share/ublox_gps/hook/ld_library_path_lib.ps1'
[0.752s] INFO:colcon.colcon_core.shell:Creating environment descriptor '/home/nuc11/ublox_ws/install/ublox_gps/share/ublox_gps/hook/ld_library_path_lib.dsv'
[0.752s] INFO:colcon.colcon_core.shell:Creating environment hook '/home/nuc11/ublox_ws/install/ublox_gps/share/ublox_gps/hook/ld_library_path_lib.sh'
[0.752s] Level 1:colcon.colcon_core.environment:checking '/home/nuc11/ublox_ws/install/ublox_gps/bin'
[0.752s] Level 1:colcon.colcon_core.environment:checking '/home/nuc11/ublox_ws/install/ublox_gps/lib/pkgconfig/ublox_gps.pc'
[0.752s] Level 1:colcon.colcon_core.environment:checking '/home/nuc11/ublox_ws/install/ublox_gps/lib/python3.10/site-packages'
[0.752s] Level 1:colcon.colcon_core.environment:checking '/home/nuc11/ublox_ws/install/ublox_gps/bin'
[0.752s] INFO:colcon.colcon_core.shell:Creating package script '/home/nuc11/ublox_ws/install/ublox_gps/share/ublox_gps/package.ps1'
[0.752s] INFO:colcon.colcon_core.shell:Creating package descriptor '/home/nuc11/ublox_ws/install/ublox_gps/share/ublox_gps/package.dsv'
[0.753s] INFO:colcon.colcon_core.shell:Creating package script '/home/nuc11/ublox_ws/install/ublox_gps/share/ublox_gps/package.sh'
[0.753s] INFO:colcon.colcon_core.shell:Creating package script '/home/nuc11/ublox_ws/install/ublox_gps/share/ublox_gps/package.bash'
[0.753s] INFO:colcon.colcon_core.shell:Creating package script '/home/nuc11/ublox_ws/install/ublox_gps/share/ublox_gps/package.zsh'
[0.753s] Level 1:colcon.colcon_core.environment:create_file_with_runtime_dependencies(/home/nuc11/ublox_ws/install/ublox_gps/share/colcon-core/packages/ublox_gps)
[0.753s] INFO:colcon.colcon_ros.task.ament_cmake.build:Building ROS package in '/home/nuc11/ublox_ws/src/ros2-ublox-zedf9p/ublox' with build type 'ament_cmake'
[0.753s] INFO:colcon.colcon_cmake.task.cmake.build:Building CMake package in '/home/nuc11/ublox_ws/src/ros2-ublox-zedf9p/ublox'
[0.753s] INFO:colcon.colcon_core.shell:Skip shell extension 'powershell' for command environment: Not usable outside of PowerShell
[0.753s] DEBUG:colcon.colcon_core.shell:Skip shell extension 'dsv' for command environment
[0.762s] DEBUG:colcon.colcon_core.event_handler.log_command:Invoking command in '/home/nuc11/ublox_ws/build/ublox': CMAKE_PREFIX_PATH=/home/nuc11/ublox_ws/install/ublox_gps:/home/nuc11/ublox_ws/install/ublox_msgs:/home/nuc11/ublox_ws/install/ublox_serialization:/home/nuc11/ublox_ws/install/ublox:/home/nuc11/ros2_ws/install/multisense_ros:/home/nuc11/ros2_ws/install/xacro:/home/nuc11/ros2_ws/install/segway_msgs:/home/nuc11/ros2_ws/install/ouster_ros:/home/nuc11/ros2_ws/install/ouster_sensor_msgs:/home/nuc11/ros2_ws/install/multisense_msgs:/home/nuc11/ros2_ws/install/multisense_lib:/home/nuc11/ros2_ws/install/point_cloud_downsampling:/opt/ros/humble /usr/bin/cmake --build /home/nuc11/ublox_ws/build/ublox -- -j16 -l16
[0.787s] DEBUG:colcon.colcon_core.event_handler.log_command:Invoked command in '/home/nuc11/ublox_ws/build/ublox' returned '0': CMAKE_PREFIX_PATH=/home/nuc11/ublox_ws/install/ublox_gps:/home/nuc11/ublox_ws/install/ublox_msgs:/home/nuc11/ublox_ws/install/ublox_serialization:/home/nuc11/ublox_ws/install/ublox:/home/nuc11/ros2_ws/install/multisense_ros:/home/nuc11/ros2_ws/install/xacro:/home/nuc11/ros2_ws/install/segway_msgs:/home/nuc11/ros2_ws/install/ouster_ros:/home/nuc11/ros2_ws/install/ouster_sensor_msgs:/home/nuc11/ros2_ws/install/multisense_msgs:/home/nuc11/ros2_ws/install/multisense_lib:/home/nuc11/ros2_ws/install/point_cloud_downsampling:/opt/ros/humble /usr/bin/cmake --build /home/nuc11/ublox_ws/build/ublox -- -j16 -l16
[0.788s] DEBUG:colcon.colcon_core.event_handler.log_command:Invoking command in '/home/nuc11/ublox_ws/build/ublox': CMAKE_PREFIX_PATH=/home/nuc11/ublox_ws/install/ublox_gps:/home/nuc11/ublox_ws/install/ublox_msgs:/home/nuc11/ublox_ws/install/ublox_serialization:/home/nuc11/ublox_ws/install/ublox:/home/nuc11/ros2_ws/install/multisense_ros:/home/nuc11/ros2_ws/install/xacro:/home/nuc11/ros2_ws/install/segway_msgs:/home/nuc11/ros2_ws/install/ouster_ros:/home/nuc11/ros2_ws/install/ouster_sensor_msgs:/home/nuc11/ros2_ws/install/multisense_msgs:/home/nuc11/ros2_ws/install/multisense_lib:/home/nuc11/ros2_ws/install/point_cloud_downsampling:/opt/ros/humble /usr/bin/cmake --install /home/nuc11/ublox_ws/build/ublox
[0.799s] Level 1:colcon.colcon_core.environment:create_environment_scripts_only(ublox)
[0.799s] Level 1:colcon.colcon_core.environment:checking '/home/nuc11/ublox_ws/install/ublox' for CMake module files
[0.800s] DEBUG:colcon.colcon_core.event_handler.log_command:Invoked command in '/home/nuc11/ublox_ws/build/ublox' returned '0': CMAKE_PREFIX_PATH=/home/nuc11/ublox_ws/install/ublox_gps:/home/nuc11/ublox_ws/install/ublox_msgs:/home/nuc11/ublox_ws/install/ublox_serialization:/home/nuc11/ublox_ws/install/ublox:/home/nuc11/ros2_ws/install/multisense_ros:/home/nuc11/ros2_ws/install/xacro:/home/nuc11/ros2_ws/install/segway_msgs:/home/nuc11/ros2_ws/install/ouster_ros:/home/nuc11/ros2_ws/install/ouster_sensor_msgs:/home/nuc11/ros2_ws/install/multisense_msgs:/home/nuc11/ros2_ws/install/multisense_lib:/home/nuc11/ros2_ws/install/point_cloud_downsampling:/opt/ros/humble /usr/bin/cmake --install /home/nuc11/ublox_ws/build/ublox
[0.800s] Level 1:colcon.colcon_core.environment:checking '/home/nuc11/ublox_ws/install/ublox' for CMake config files
[0.800s] Level 1:colcon.colcon_core.shell:create_environment_hook('ublox', 'cmake_prefix_path')
[0.800s] INFO:colcon.colcon_core.shell:Creating environment hook '/home/nuc11/ublox_ws/install/ublox/share/ublox/hook/cmake_prefix_path.ps1'
[0.800s] INFO:colcon.colcon_core.shell:Creating environment descriptor '/home/nuc11/ublox_ws/install/ublox/share/ublox/hook/cmake_prefix_path.dsv'
[0.800s] INFO:colcon.colcon_core.shell:Creating environment hook '/home/nuc11/ublox_ws/install/ublox/share/ublox/hook/cmake_prefix_path.sh'
[0.801s] Level 1:colcon.colcon_core.environment:checking '/home/nuc11/ublox_ws/install/ublox/bin'
[0.801s] Level 1:colcon.colcon_core.environment:checking '/home/nuc11/ublox_ws/install/ublox/lib/pkgconfig/ublox.pc'
[0.801s] Level 1:colcon.colcon_core.environment:checking '/home/nuc11/ublox_ws/install/ublox/lib/python3.10/site-packages'
[0.801s] Level 1:colcon.colcon_core.environment:checking '/home/nuc11/ublox_ws/install/ublox/bin'
[0.801s] INFO:colcon.colcon_core.shell:Creating package script '/home/nuc11/ublox_ws/install/ublox/share/ublox/package.ps1'
[0.801s] INFO:colcon.colcon_core.shell:Creating package descriptor '/home/nuc11/ublox_ws/install/ublox/share/ublox/package.dsv'
[0.802s] INFO:colcon.colcon_core.shell:Creating package script '/home/nuc11/ublox_ws/install/ublox/share/ublox/package.sh'
[0.802s] INFO:colcon.colcon_core.shell:Creating package script '/home/nuc11/ublox_ws/install/ublox/share/ublox/package.bash'
[0.802s] INFO:colcon.colcon_core.shell:Creating package script '/home/nuc11/ublox_ws/install/ublox/share/ublox/package.zsh'
[0.802s] Level 1:colcon.colcon_core.environment:create_file_with_runtime_dependencies(/home/nuc11/ublox_ws/install/ublox/share/colcon-core/packages/ublox)
[0.802s] Level 1:colcon.colcon_core.environment:create_environment_scripts_only(ublox)
[0.802s] Level 1:colcon.colcon_core.environment:checking '/home/nuc11/ublox_ws/install/ublox' for CMake module files
[0.802s] Level 1:colcon.colcon_core.environment:checking '/home/nuc11/ublox_ws/install/ublox' for CMake config files
[0.803s] Level 1:colcon.colcon_core.shell:create_environment_hook('ublox', 'cmake_prefix_path')
[0.803s] INFO:colcon.colcon_core.shell:Creating environment hook '/home/nuc11/ublox_ws/install/ublox/share/ublox/hook/cmake_prefix_path.ps1'
[0.803s] INFO:colcon.colcon_core.shell:Creating environment descriptor '/home/nuc11/ublox_ws/install/ublox/share/ublox/hook/cmake_prefix_path.dsv'
[0.803s] INFO:colcon.colcon_core.shell:Creating environment hook '/home/nuc11/ublox_ws/install/ublox/share/ublox/hook/cmake_prefix_path.sh'
[0.803s] Level 1:colcon.colcon_core.environment:checking '/home/nuc11/ublox_ws/install/ublox/bin'
[0.803s] Level 1:colcon.colcon_core.environment:checking '/home/nuc11/ublox_ws/install/ublox/lib/pkgconfig/ublox.pc'
[0.803s] Level 1:colcon.colcon_core.environment:checking '/home/nuc11/ublox_ws/install/ublox/lib/python3.10/site-packages'
[0.803s] Level 1:colcon.colcon_core.environment:checking '/home/nuc11/ublox_ws/install/ublox/bin'
[0.804s] INFO:colcon.colcon_core.shell:Creating package script '/home/nuc11/ublox_ws/install/ublox/share/ublox/package.ps1'
[0.804s] INFO:colcon.colcon_core.shell:Creating package descriptor '/home/nuc11/ublox_ws/install/ublox/share/ublox/package.dsv'
[0.804s] INFO:colcon.colcon_core.shell:Creating package script '/home/nuc11/ublox_ws/install/ublox/share/ublox/package.sh'
[0.804s] INFO:colcon.colcon_core.shell:Creating package script '/home/nuc11/ublox_ws/install/ublox/share/ublox/package.bash'
[0.804s] INFO:colcon.colcon_core.shell:Creating package script '/home/nuc11/ublox_ws/install/ublox/share/ublox/package.zsh'
[0.804s] Level 1:colcon.colcon_core.environment:create_file_with_runtime_dependencies(/home/nuc11/ublox_ws/install/ublox/share/colcon-core/packages/ublox)
[0.805s] DEBUG:colcon.colcon_parallel_executor.executor.parallel:closing loop
[0.805s] DEBUG:colcon.colcon_parallel_executor.executor.parallel:loop closed
[0.805s] DEBUG:colcon.colcon_parallel_executor.executor.parallel:run_until_complete finished with '0'
[0.805s] DEBUG:colcon.colcon_core.event_reactor:joining thread
[0.808s] INFO:colcon.colcon_core.plugin_system:Skipping extension 'colcon_notification.desktop_notification.terminal_notifier': Not used on non-Darwin systems
[0.808s] INFO:colcon.colcon_core.plugin_system:Skipping extension 'colcon_notification.desktop_notification.win32': Not used on non-Windows systems
[0.808s] INFO:colcon.colcon_notification.desktop_notification:Sending desktop notification using 'notify2'
[0.815s] DEBUG:colcon.colcon_core.event_reactor:joined thread
[0.815s] INFO:colcon.colcon_core.shell:Creating prefix script '/home/nuc11/ublox_ws/install/local_setup.ps1'
[0.816s] INFO:colcon.colcon_core.shell:Creating prefix util module '/home/nuc11/ublox_ws/install/_local_setup_util_ps1.py'
[0.816s] INFO:colcon.colcon_core.shell:Creating prefix chain script '/home/nuc11/ublox_ws/install/setup.ps1'
[0.817s] INFO:colcon.colcon_core.shell:Creating prefix script '/home/nuc11/ublox_ws/install/local_setup.sh'
[0.817s] INFO:colcon.colcon_core.shell:Creating prefix util module '/home/nuc11/ublox_ws/install/_local_setup_util_sh.py'
[0.817s] INFO:colcon.colcon_core.shell:Creating prefix chain script '/home/nuc11/ublox_ws/install/setup.sh'
[0.818s] INFO:colcon.colcon_core.shell:Creating prefix script '/home/nuc11/ublox_ws/install/local_setup.bash'
[0.818s] INFO:colcon.colcon_core.shell:Creating prefix chain script '/home/nuc11/ublox_ws/install/setup.bash'
[0.819s] INFO:colcon.colcon_core.shell:Creating prefix script '/home/nuc11/ublox_ws/install/local_setup.zsh'
[0.819s] INFO:colcon.colcon_core.shell:Creating prefix chain script '/home/nuc11/ublox_ws/install/setup.zsh'
